[0.020s] Invoking command in '/home/student/lidar-ws/build/lidar_cpp': CMAKE_PREFIX_PATH=${CMAKE_PREFIX_PATH}:/home/student/ws/install/py_ctrl:/home/student/ws/install/case_scenes:/home/student/ia_ws/install/viz_static:/home/student/ia_ws/install/viz_interactive:/home/student/ia_ws/install/ur_setup:/home/student/ia_ws/install/tf_lookup:/home/student/ia_ws/install/tf_broadcast:/home/student/ia_ws/install/tf_scene:/home/student/ia_ws/install/gui_tools:/home/student/ia_ws/install/aruco_handler:/opt/ros/galactic /usr/bin/cmake --build /home/student/lidar-ws/build/lidar_cpp -- -j8 -l8
[0.060s] -- Found ament_cmake: 1.1.4 (/opt/ros/galactic/share/ament_cmake/cmake)
[0.088s] -- Found PythonInterp: /usr/bin/python3 (found suitable version "3.8.10", minimum required is "3") 
[0.089s] -- Using PYTHON_EXECUTABLE: /usr/bin/python3
[0.175s] -- Found rclcpp: 9.2.0 (/opt/ros/galactic/share/rclcpp/cmake)
[0.213s] -- Using all available rosidl_typesupport_c: rosidl_typesupport_fastrtps_c;rosidl_typesupport_introspection_c
[0.217s] -- Found rosidl_adapter: 2.2.1 (/opt/ros/galactic/share/rosidl_adapter/cmake)
[0.349s] -- Using all available rosidl_typesupport_cpp: rosidl_typesupport_fastrtps_cpp;rosidl_typesupport_introspection_cpp
[0.401s] -- Found rmw_implementation_cmake: 3.3.1 (/opt/ros/galactic/share/rmw_implementation_cmake/cmake)
[0.404s] -- Found rmw_cyclonedds_cpp: 0.22.3 (/opt/ros/galactic/share/rmw_cyclonedds_cpp/cmake)
[0.422s] -- Using RMW implementation 'rmw_cyclonedds_cpp' as default
[0.569s] -- Found sensor_msgs: 2.2.3 (/opt/ros/galactic/share/sensor_msgs/cmake)
[0.696s] -- Eigen found (include: /usr/include/eigen3, version: 3.3.7)
[0.791s] -- The imported target "vtkParseOGLExt" references the file
[0.791s]    "/usr/bin/vtkParseOGLExt-7.1"
[0.791s] but this file does not exist.  Possible reasons include:
[0.791s] * The file was deleted, renamed, or moved to another location.
[0.792s] * An install or uninstall procedure did not complete successfully.
[0.792s] * The installation package was faulty and contained
[0.792s]    "/usr/lib/cmake/vtk-7.1/VTKTargets.cmake"
[0.792s] but not all the files it references.
[0.792s] 
[0.792s] -- The imported target "vtkRenderingPythonTkWidgets" references the file
[0.792s]    "/usr/lib/x86_64-linux-gnu/libvtkRenderingPythonTkWidgets.so"
[0.793s] but this file does not exist.  Possible reasons include:
[0.793s] * The file was deleted, renamed, or moved to another location.
[0.793s] * An install or uninstall procedure did not complete successfully.
[0.793s] * The installation package was faulty and contained
[0.793s]    "/usr/lib/cmake/vtk-7.1/VTKTargets.cmake"
[0.793s] but not all the files it references.
[0.793s] 
[0.794s] -- The imported target "vtk" references the file
[0.794s]    "/usr/bin/vtk"
[0.794s] but this file does not exist.  Possible reasons include:
[0.794s] * The file was deleted, renamed, or moved to another location.
[0.794s] * An install or uninstall procedure did not complete successfully.
[0.794s] * The installation package was faulty and contained
[0.794s]    "/usr/lib/cmake/vtk-7.1/VTKTargets.cmake"
[0.794s] but not all the files it references.
[0.795s] 
[0.795s] -- The imported target "pvtk" references the file
[0.795s]    "/usr/bin/pvtk"
[0.795s] but this file does not exist.  Possible reasons include:
[0.795s] * The file was deleted, renamed, or moved to another location.
[0.795s] * An install or uninstall procedure did not complete successfully.
[0.795s] * The installation package was faulty and contained
[0.795s]    "/usr/lib/cmake/vtk-7.1/VTKTargets.cmake"
[0.796s] but not all the files it references.
[0.796s] 
[0.815s] -- Checking for module 'libusb-1.0'
[0.819s] --   No package 'libusb-1.0' found
[0.825s] -- Could NOT find USB_10 (missing: USB_10_LIBRARY USB_10_INCLUDE_DIR) 
[0.825s] -- OpenNI disabled because libusb-1.0 not found.
[0.825s] ** WARNING ** io features related to openni will be disabled
[0.831s] -- Checking for module 'libusb-1.0'
[0.835s] --   No package 'libusb-1.0' found
[0.839s] -- Could NOT find USB_10 (missing: USB_10_LIBRARY USB_10_INCLUDE_DIR) 
[0.840s] -- OpenNI 2 disabled because libusb-1.0 not found.
[0.840s] ** WARNING ** io features related to openni2 will be disabled
[0.840s] ** WARNING ** io features related to pcap will be disabled
[0.840s] ** WARNING ** io features related to png will be disabled
[0.855s] -- LIBUSB_1_LIBRARY (missing: LIBUSB_1_INCLUDE_DIR) 
[0.855s] ** WARNING ** io features related to libusb-1.0 will be disabled
[0.860s] -- Checking for module 'libusb-1.0'
[0.864s] --   No package 'libusb-1.0' found
[0.868s] -- Could NOT find USB_10 (missing: USB_10_LIBRARY USB_10_INCLUDE_DIR) 
[0.868s] -- OpenNI disabled because libusb-1.0 not found.
[0.868s] ** WARNING ** visualization features related to openni will be disabled
[0.873s] -- Checking for module 'libusb-1.0'
[0.877s] --   No package 'libusb-1.0' found
[0.882s] -- Could NOT find USB_10 (missing: USB_10_LIBRARY USB_10_INCLUDE_DIR) 
[0.882s] -- OpenNI 2 disabled because libusb-1.0 not found.
[0.882s] ** WARNING ** visualization features related to openni2 will be disabled
[0.895s] -- QHULL found (include: /usr/include, lib: optimized;/usr/lib/x86_64-linux-gnu/libqhull.so;debug;/usr/lib/x86_64-linux-gnu/libqhull.so)
[0.900s] -- Checking for module 'libusb-1.0'
[0.903s] --   No package 'libusb-1.0' found
[0.908s] -- Could NOT find USB_10 (missing: USB_10_LIBRARY USB_10_INCLUDE_DIR) 
[0.908s] -- OpenNI disabled because libusb-1.0 not found.
[0.908s] ** WARNING ** apps features related to openni will be disabled
[0.925s] -- looking for PCL_COMMON
[0.925s] -- looking for PCL_KDTREE
[0.926s] -- looking for PCL_OCTREE
[0.927s] -- looking for PCL_SEARCH
[0.927s] -- looking for PCL_SAMPLE_CONSENSUS
[0.928s] -- looking for PCL_FILTERS
[0.929s] -- looking for PCL_2D
[0.930s] -- looking for PCL_GEOMETRY
[0.930s] -- looking for PCL_IO
[0.931s] -- looking for PCL_FEATURES
[0.932s] -- looking for PCL_ML
[0.933s] -- looking for PCL_SEGMENTATION
[0.933s] -- looking for PCL_VISUALIZATION
[0.934s] -- looking for PCL_SURFACE
[0.935s] -- looking for PCL_REGISTRATION
[0.936s] -- looking for PCL_KEYPOINTS
[0.937s] -- looking for PCL_TRACKING
[0.938s] -- looking for PCL_RECOGNITION
[0.938s] -- looking for PCL_STEREO
[0.939s] -- looking for PCL_APPS
[0.940s] -- looking for PCL_IN_HAND_SCANNER
[0.940s] -- looking for PCL_POINT_CLOUD_EDITOR
[0.941s] -- looking for PCL_OUTOFCORE
[0.941s] -- looking for PCL_PEOPLE
[0.943s] -- Found rosidl_default_generators: 1.1.1 (/opt/ros/galactic/share/rosidl_default_generators/cmake)
[0.982s] -- Found PythonInterp: /usr/bin/python3 (found version "3.8.10") 
[1.127s] -- Found ament_cmake_ros: 0.9.2 (/opt/ros/galactic/share/ament_cmake_ros/cmake)
[1.251s] -- Using all available rosidl_typesupport_c: rosidl_typesupport_fastrtps_c;rosidl_typesupport_introspection_c
[1.264s] -- Using all available rosidl_typesupport_cpp: rosidl_typesupport_fastrtps_cpp;rosidl_typesupport_introspection_cpp
[1.295s] -- Found PythonInterp: /usr/bin/python3 (found suitable version "3.8.10", minimum required is "3.5") 
[1.295s] -- Found python_cmake_module: 0.8.1 (/opt/ros/galactic/share/python_cmake_module/cmake)
[1.326s] -- Using PYTHON_EXECUTABLE: /usr/bin/python3
[1.327s] -- Using PYTHON_INCLUDE_DIRS: /usr/include/python3.8
[1.327s] -- Using PYTHON_LIBRARIES: /usr/lib/x86_64-linux-gnu/libpython3.8.so
[1.376s] -- Found ament_lint_auto: 0.10.6 (/opt/ros/galactic/share/ament_lint_auto/cmake)
[1.386s] -- Added test 'copyright' to check source files copyright and LICENSE
[1.387s] -- Added test 'cppcheck' to perform static code analysis on C / C++ code
[1.389s] -- Configured cppcheck include dirs: 
[1.389s] -- Configured cppcheck exclude dirs and/or files: 
[1.389s] -- Added test 'cpplint' to check C / C++ code against the Google style
[1.389s] -- Configured cpplint exclude dirs and/or files: 
[1.390s] -- Added test 'lint_cmake' to check CMake code style
[1.390s] -- Added test 'uncrustify' to check C / C++ code style
[1.390s] -- Configured uncrustify additional arguments: 
[1.391s] -- Added test 'xmllint' to check XML markup files
[1.396s] -- Configuring done
[1.504s] -- Generating done
[1.509s] -- Build files have been written to: /home/student/lidar-ws/build/lidar_cpp
[1.554s] [35m[1mScanning dependencies of target lidar_cpp__rosidl_generator_c[0m
[1.555s] [35m[1mScanning dependencies of target lidar_server[0m
[1.560s] [35m[1mScanning dependencies of target lidar[0m
[1.569s] [  5%] Built target lidar_cpp__cpp
[1.569s] [  5%] [32mBuilding C object CMakeFiles/lidar_cpp__rosidl_generator_c.dir/rosidl_generator_c/lidar_cpp/srv/detail/lidar_service__functions.c.o[0m
[1.583s] [35m[1mScanning dependencies of target lidar_cpp__rosidl_typesupport_cpp[0m
[1.585s] [35m[1mScanning dependencies of target lidar_cpp__rosidl_typesupport_fastrtps_cpp[0m
[1.585s] [  8%] [32mBuilding CXX object CMakeFiles/lidar_server.dir/src/lidar_server.cpp.o[0m
[1.595s] [35m[1mScanning dependencies of target lidar_cpp__rosidl_typesupport_introspection_cpp[0m
[1.596s] [ 11%] [32mBuilding CXX object CMakeFiles/lidar.dir/src/lidar_publisher.cpp.o[0m
[1.607s] [ 14%] [32mBuilding CXX object CMakeFiles/lidar_cpp__rosidl_typesupport_cpp.dir/rosidl_typesupport_cpp/lidar_cpp/srv/lidar_service__type_support.cpp.o[0m
[1.608s] [ 17%] [32mBuilding CXX object CMakeFiles/lidar_cpp__rosidl_typesupport_fastrtps_cpp.dir/rosidl_typesupport_fastrtps_cpp/lidar_cpp/srv/detail/dds_fastrtps/lidar_service__type_support.cpp.o[0m
[1.613s] [ 20%] [32mBuilding CXX object CMakeFiles/lidar_cpp__rosidl_typesupport_introspection_cpp.dir/rosidl_typesupport_introspection_cpp/lidar_cpp/srv/detail/lidar_service__type_support.cpp.o[0m
[1.650s] [ 22%] [32m[1mLinking C shared library liblidar_cpp__rosidl_generator_c.so[0m
[1.712s] [ 25%] Built target lidar_cpp__rosidl_generator_c
[1.732s] [35m[1mScanning dependencies of target lidar_cpp__rosidl_typesupport_introspection_c[0m
[1.737s] [35m[1mScanning dependencies of target lidar_cpp__rosidl_typesupport_c[0m
[1.752s] [ 28%] [32mBuilding C object CMakeFiles/lidar_cpp__rosidl_typesupport_introspection_c.dir/rosidl_typesupport_introspection_c/lidar_cpp/srv/detail/lidar_service__type_support.c.o[0m
[1.756s] [ 31%] [32mBuilding CXX object CMakeFiles/lidar_cpp__rosidl_typesupport_c.dir/rosidl_typesupport_c/lidar_cpp/srv/lidar_service__type_support.cpp.o[0m
[1.820s] [ 34%] [32m[1mLinking CXX shared library liblidar_cpp__rosidl_typesupport_c.so[0m
[1.822s] [ 37%] [32m[1mLinking C shared library liblidar_cpp__rosidl_typesupport_introspection_c.so[0m
[1.881s] [ 40%] Built target lidar_cpp__rosidl_typesupport_introspection_c
[1.903s] [ 42%] Built target lidar_cpp__rosidl_typesupport_c
[2.060s] [ 45%] [32m[1mLinking CXX shared library liblidar_cpp__rosidl_typesupport_cpp.so[0m
[2.103s] [ 48%] Built target lidar_cpp__rosidl_typesupport_cpp
[2.155s] [ 51%] [32m[1mLinking CXX shared library liblidar_cpp__rosidl_typesupport_introspection_cpp.so[0m
[2.232s] [ 54%] Built target lidar_cpp__rosidl_typesupport_introspection_cpp
[2.281s] [ 57%] [32m[1mLinking CXX shared library liblidar_cpp__rosidl_typesupport_fastrtps_cpp.so[0m
[2.381s] [ 60%] Built target lidar_cpp__rosidl_typesupport_fastrtps_cpp
[2.393s] [35m[1mScanning dependencies of target lidar_cpp__rosidl_typesupport_fastrtps_c[0m
[2.406s] [ 62%] [32mBuilding CXX object CMakeFiles/lidar_cpp__rosidl_typesupport_fastrtps_c.dir/rosidl_typesupport_fastrtps_c/lidar_cpp/srv/detail/lidar_service__type_support_c.cpp.o[0m
[2.782s] [ 65%] [32m[1mLinking CXX shared library liblidar_cpp__rosidl_typesupport_fastrtps_c.so[0m
[2.888s] [ 68%] Built target lidar_cpp__rosidl_typesupport_fastrtps_c
[2.910s] [ 68%] Built target lidar_cpp
[2.938s] [ 71%] Built target lidar_cpp__py
[2.951s] [35m[1mScanning dependencies of target lidar_cpp__python[0m
[2.965s] [ 74%] [32mBuilding C object CMakeFiles/lidar_cpp__python.dir/rosidl_generator_py/lidar_cpp/srv/_lidar_service_s.c.o[0m
[3.064s] [ 77%] [32m[1mLinking C shared library rosidl_generator_py/lidar_cpp/liblidar_cpp__python.so[0m
[3.102s] [ 77%] Built target lidar_cpp__python
[3.115s] [35m[1mScanning dependencies of target lidar_cpp__rosidl_typesupport_introspection_c__pyext[0m
[3.119s] [35m[1mScanning dependencies of target lidar_cpp__rosidl_typesupport_fastrtps_c__pyext[0m
[3.119s] [35m[1mScanning dependencies of target lidar_cpp__rosidl_typesupport_c__pyext[0m
[3.137s] [ 80%] [32mBuilding C object CMakeFiles/lidar_cpp__rosidl_typesupport_c__pyext.dir/rosidl_generator_py/lidar_cpp/_lidar_cpp_s.ep.rosidl_typesupport_c.c.o[0m
[3.139s] [ 82%] [32mBuilding C object CMakeFiles/lidar_cpp__rosidl_typesupport_introspection_c__pyext.dir/rosidl_generator_py/lidar_cpp/_lidar_cpp_s.ep.rosidl_typesupport_introspection_c.c.o[0m
[3.143s] [ 85%] [32mBuilding C object CMakeFiles/lidar_cpp__rosidl_typesupport_fastrtps_c__pyext.dir/rosidl_generator_py/lidar_cpp/_lidar_cpp_s.ep.rosidl_typesupport_fastrtps_c.c.o[0m
[3.234s] [ 88%] [32m[1mLinking C shared library rosidl_generator_py/lidar_cpp/lidar_cpp_s__rosidl_typesupport_introspection_c.cpython-38-x86_64-linux-gnu.so[0m
[3.235s] [ 91%] [32m[1mLinking CXX shared library rosidl_generator_py/lidar_cpp/lidar_cpp_s__rosidl_typesupport_fastrtps_c.cpython-38-x86_64-linux-gnu.so[0m
[3.270s] [ 94%] [32m[1mLinking C shared library rosidl_generator_py/lidar_cpp/lidar_cpp_s__rosidl_typesupport_c.cpython-38-x86_64-linux-gnu.so[0m
[3.277s] [ 94%] Built target lidar_cpp__rosidl_typesupport_introspection_c__pyext
[3.304s] [ 94%] Built target lidar_cpp__rosidl_typesupport_fastrtps_c__pyext
[3.307s] [ 94%] Built target lidar_cpp__rosidl_typesupport_c__pyext
[3.596s] [01m[K/home/student/lidar-ws/src/lidar_cpp/src/lidar_server.cpp:12:10:[m[K [01;31m[Kfatal error: [m[Klidar_cpp/srv/lidar_service.hpp: No such file or directory
[3.596s]    12 | #include [01;31m[K"lidar_cpp/srv/lidar_service.hpp"[m[K
[3.596s]       |          [01;31m[K^~~~~~~~~~~~~~~~~~~~~~~~~~~~~~~~~[m[K
[3.596s] compilation terminated.
[3.609s] make[2]: *** [CMakeFiles/lidar_server.dir/build.make:63: CMakeFiles/lidar_server.dir/src/lidar_server.cpp.o] Error 1
[3.609s] make[1]: *** [CMakeFiles/Makefile2:125: CMakeFiles/lidar_server.dir/all] Error 2
[3.610s] make[1]: *** Waiting for unfinished jobs....
[11.019s] [ 97%] [32m[1mLinking CXX executable lidar[0m
[11.860s] [ 97%] Built target lidar
[11.861s] make: *** [Makefile:141: all] Error 2
[11.864s] Invoked command in '/home/student/lidar-ws/build/lidar_cpp' returned '2': CMAKE_PREFIX_PATH=${CMAKE_PREFIX_PATH}:/home/student/ws/install/py_ctrl:/home/student/ws/install/case_scenes:/home/student/ia_ws/install/viz_static:/home/student/ia_ws/install/viz_interactive:/home/student/ia_ws/install/ur_setup:/home/student/ia_ws/install/tf_lookup:/home/student/ia_ws/install/tf_broadcast:/home/student/ia_ws/install/tf_scene:/home/student/ia_ws/install/gui_tools:/home/student/ia_ws/install/aruco_handler:/opt/ros/galactic /usr/bin/cmake --build /home/student/lidar-ws/build/lidar_cpp -- -j8 -l8
