[0.018s] Invoking command in '/home/student/lidar-ws/build/lidar_cpp': CMAKE_PREFIX_PATH=${CMAKE_PREFIX_PATH}:/home/student/ws/install/py_ctrl:/home/student/ws/install/case_scenes:/home/student/ia_ws/install/viz_static:/home/student/ia_ws/install/viz_interactive:/home/student/ia_ws/install/ur_setup:/home/student/ia_ws/install/tf_lookup:/home/student/ia_ws/install/tf_broadcast:/home/student/ia_ws/install/tf_scene:/home/student/ia_ws/install/gui_tools:/home/student/ia_ws/install/aruco_handler:/opt/ros/galactic /usr/bin/cmake --build /home/student/lidar-ws/build/lidar_cpp -- -j8 -l8
[0.056s] -- Found ament_cmake: 1.1.4 (/opt/ros/galactic/share/ament_cmake/cmake)
[0.087s] -- Found PythonInterp: /usr/bin/python3 (found suitable version "3.8.10", minimum required is "3") 
[0.087s] -- Using PYTHON_EXECUTABLE: /usr/bin/python3
[0.171s] -- Found rclcpp: 9.2.0 (/opt/ros/galactic/share/rclcpp/cmake)
[0.211s] -- Using all available rosidl_typesupport_c: rosidl_typesupport_fastrtps_c;rosidl_typesupport_introspection_c
[0.214s] -- Found rosidl_adapter: 2.2.1 (/opt/ros/galactic/share/rosidl_adapter/cmake)
[0.353s] -- Using all available rosidl_typesupport_cpp: rosidl_typesupport_fastrtps_cpp;rosidl_typesupport_introspection_cpp
[0.404s] -- Found rmw_implementation_cmake: 3.3.1 (/opt/ros/galactic/share/rmw_implementation_cmake/cmake)
[0.407s] -- Found rmw_cyclonedds_cpp: 0.22.3 (/opt/ros/galactic/share/rmw_cyclonedds_cpp/cmake)
[0.434s] -- Using RMW implementation 'rmw_cyclonedds_cpp' as default
[0.571s] -- Found sensor_msgs: 2.2.3 (/opt/ros/galactic/share/sensor_msgs/cmake)
[0.699s] -- Eigen found (include: /usr/include/eigen3, version: 3.3.7)
[0.800s] -- The imported target "vtkParseOGLExt" references the file
[0.800s]    "/usr/bin/vtkParseOGLExt-7.1"
[0.800s] but this file does not exist.  Possible reasons include:
[0.800s] * The file was deleted, renamed, or moved to another location.
[0.800s] * An install or uninstall procedure did not complete successfully.
[0.801s] * The installation package was faulty and contained
[0.801s]    "/usr/lib/cmake/vtk-7.1/VTKTargets.cmake"
[0.801s] but not all the files it references.
[0.801s] 
[0.801s] -- The imported target "vtkRenderingPythonTkWidgets" references the file
[0.801s]    "/usr/lib/x86_64-linux-gnu/libvtkRenderingPythonTkWidgets.so"
[0.801s] but this file does not exist.  Possible reasons include:
[0.801s] * The file was deleted, renamed, or moved to another location.
[0.801s] * An install or uninstall procedure did not complete successfully.
[0.801s] * The installation package was faulty and contained
[0.802s]    "/usr/lib/cmake/vtk-7.1/VTKTargets.cmake"
[0.802s] but not all the files it references.
[0.802s] 
[0.802s] -- The imported target "vtk" references the file
[0.802s]    "/usr/bin/vtk"
[0.802s] but this file does not exist.  Possible reasons include:
[0.802s] * The file was deleted, renamed, or moved to another location.
[0.802s] * An install or uninstall procedure did not complete successfully.
[0.802s] * The installation package was faulty and contained
[0.802s]    "/usr/lib/cmake/vtk-7.1/VTKTargets.cmake"
[0.802s] but not all the files it references.
[0.802s] 
[0.803s] -- The imported target "pvtk" references the file
[0.803s]    "/usr/bin/pvtk"
[0.803s] but this file does not exist.  Possible reasons include:
[0.803s] * The file was deleted, renamed, or moved to another location.
[0.803s] * An install or uninstall procedure did not complete successfully.
[0.803s] * The installation package was faulty and contained
[0.803s]    "/usr/lib/cmake/vtk-7.1/VTKTargets.cmake"
[0.803s] but not all the files it references.
[0.803s] 
[0.827s] -- Checking for module 'libusb-1.0'
[0.832s] --   No package 'libusb-1.0' found
[0.838s] -- Could NOT find USB_10 (missing: USB_10_LIBRARY USB_10_INCLUDE_DIR) 
[0.838s] -- OpenNI disabled because libusb-1.0 not found.
[0.838s] ** WARNING ** io features related to openni will be disabled
[0.843s] -- Checking for module 'libusb-1.0'
[0.846s] --   No package 'libusb-1.0' found
[0.852s] -- Could NOT find USB_10 (missing: USB_10_LIBRARY USB_10_INCLUDE_DIR) 
[0.852s] -- OpenNI 2 disabled because libusb-1.0 not found.
[0.852s] ** WARNING ** io features related to openni2 will be disabled
[0.852s] ** WARNING ** io features related to pcap will be disabled
[0.853s] ** WARNING ** io features related to png will be disabled
[0.869s] -- LIBUSB_1_LIBRARY (missing: LIBUSB_1_INCLUDE_DIR) 
[0.869s] ** WARNING ** io features related to libusb-1.0 will be disabled
[0.874s] -- Checking for module 'libusb-1.0'
[0.877s] --   No package 'libusb-1.0' found
[0.882s] -- Could NOT find USB_10 (missing: USB_10_LIBRARY USB_10_INCLUDE_DIR) 
[0.882s] -- OpenNI disabled because libusb-1.0 not found.
[0.882s] ** WARNING ** visualization features related to openni will be disabled
[0.886s] -- Checking for module 'libusb-1.0'
[0.890s] --   No package 'libusb-1.0' found
[0.894s] -- Could NOT find USB_10 (missing: USB_10_LIBRARY USB_10_INCLUDE_DIR) 
[0.894s] -- OpenNI 2 disabled because libusb-1.0 not found.
[0.894s] ** WARNING ** visualization features related to openni2 will be disabled
[0.908s] -- QHULL found (include: /usr/include, lib: optimized;/usr/lib/x86_64-linux-gnu/libqhull.so;debug;/usr/lib/x86_64-linux-gnu/libqhull.so)
[0.915s] -- Checking for module 'libusb-1.0'
[0.919s] --   No package 'libusb-1.0' found
[0.925s] -- Could NOT find USB_10 (missing: USB_10_LIBRARY USB_10_INCLUDE_DIR) 
[0.925s] -- OpenNI disabled because libusb-1.0 not found.
[0.926s] ** WARNING ** apps features related to openni will be disabled
[0.942s] -- looking for PCL_COMMON
[0.942s] -- looking for PCL_KDTREE
[0.943s] -- looking for PCL_OCTREE
[0.943s] -- looking for PCL_SEARCH
[0.944s] -- looking for PCL_SAMPLE_CONSENSUS
[0.944s] -- looking for PCL_FILTERS
[0.945s] -- looking for PCL_2D
[0.945s] -- looking for PCL_GEOMETRY
[0.946s] -- looking for PCL_IO
[0.946s] -- looking for PCL_FEATURES
[0.947s] -- looking for PCL_ML
[0.948s] -- looking for PCL_SEGMENTATION
[0.948s] -- looking for PCL_VISUALIZATION
[0.949s] -- looking for PCL_SURFACE
[0.950s] -- looking for PCL_REGISTRATION
[0.950s] -- looking for PCL_KEYPOINTS
[0.951s] -- looking for PCL_TRACKING
[0.952s] -- looking for PCL_RECOGNITION
[0.952s] -- looking for PCL_STEREO
[0.953s] -- looking for PCL_APPS
[0.954s] -- looking for PCL_IN_HAND_SCANNER
[0.955s] -- looking for PCL_POINT_CLOUD_EDITOR
[0.955s] -- looking for PCL_OUTOFCORE
[0.956s] -- looking for PCL_PEOPLE
[0.958s] -- Found rosidl_default_generators: 1.1.1 (/opt/ros/galactic/share/rosidl_default_generators/cmake)
[0.970s] -- Found std_srvs: 2.2.3 (/opt/ros/galactic/share/std_srvs/cmake)
[1.001s] -- Found PythonInterp: /usr/bin/python3 (found version "3.8.10") 
[1.150s] -- Found ament_cmake_ros: 0.9.2 (/opt/ros/galactic/share/ament_cmake_ros/cmake)
[1.261s] -- Using all available rosidl_typesupport_c: rosidl_typesupport_fastrtps_c;rosidl_typesupport_introspection_c
[1.270s] -- Using all available rosidl_typesupport_cpp: rosidl_typesupport_fastrtps_cpp;rosidl_typesupport_introspection_cpp
[1.298s] -- Found PythonInterp: /usr/bin/python3 (found suitable version "3.8.10", minimum required is "3.5") 
[1.298s] -- Found python_cmake_module: 0.8.1 (/opt/ros/galactic/share/python_cmake_module/cmake)
[1.332s] -- Using PYTHON_EXECUTABLE: /usr/bin/python3
[1.332s] -- Using PYTHON_INCLUDE_DIRS: /usr/include/python3.8
[1.332s] -- Using PYTHON_LIBRARIES: /usr/lib/x86_64-linux-gnu/libpython3.8.so
[1.376s] -- Found ament_lint_auto: 0.10.6 (/opt/ros/galactic/share/ament_lint_auto/cmake)
[1.386s] -- Added test 'copyright' to check source files copyright and LICENSE
[1.387s] -- Added test 'cppcheck' to perform static code analysis on C / C++ code
[1.389s] -- Configured cppcheck include dirs: 
[1.389s] -- Configured cppcheck exclude dirs and/or files: 
[1.389s] -- Added test 'cpplint' to check C / C++ code against the Google style
[1.389s] -- Configured cpplint exclude dirs and/or files: 
[1.390s] -- Added test 'lint_cmake' to check CMake code style
[1.391s] -- Added test 'uncrustify' to check C / C++ code style
[1.391s] -- Configured uncrustify additional arguments: 
[1.391s] -- Added test 'xmllint' to check XML markup files
[1.395s] -- Configuring done
[1.494s] -- Generating done
[1.499s] -- Build files have been written to: /home/student/lidar-ws/build/lidar_cpp
[1.554s] [  2%] Built target lidar_cpp__cpp
[1.554s] [ 11%] Built target lidar_cpp__rosidl_generator_c
[1.573s] [ 14%] [32m[1mLinking CXX executable lidar_server[0m
[1.573s] [ 20%] Built target lidar
[1.580s] [ 28%] Built target lidar_cpp__rosidl_typesupport_cpp
[1.580s] [ 37%] Built target lidar_cpp__rosidl_typesupport_introspection_cpp
[1.588s] [ 45%] Built target lidar_cpp__rosidl_typesupport_fastrtps_cpp
[1.596s] [ 54%] Built target lidar_cpp__rosidl_typesupport_c
[1.604s] [ 62%] Built target lidar_cpp__rosidl_typesupport_introspection_c
[1.616s] [ 71%] Built target lidar_cpp__rosidl_typesupport_fastrtps_c
[1.642s] [ 71%] Built target lidar_cpp
[1.669s] [ 74%] Built target lidar_cpp__py
[1.698s] [ 80%] Built target lidar_cpp__python
[1.734s] [ 91%] Built target lidar_cpp__rosidl_typesupport_introspection_c__pyext
[1.734s] [ 91%] Built target lidar_cpp__rosidl_typesupport_c__pyext
[1.735s] [ 97%] Built target lidar_cpp__rosidl_typesupport_fastrtps_c__pyext
[2.287s] /usr/bin/ld: CMakeFiles/lidar_server.dir/src/lidar_server.cpp.o: in function `rclcpp::Service<lidar_cpp::srv::LidarService>::Service(std::shared_ptr<rcl_node_t>, std::__cxx11::basic_string<char, std::char_traits<char>, std::allocator<char> > const&, rclcpp::AnyServiceCallback<lidar_cpp::srv::LidarService>, rcl_service_options_t&)':
[2.288s] lidar_server.cpp:(.text._ZN6rclcpp7ServiceIN9lidar_cpp3srv12LidarServiceEEC2ESt10shared_ptrI10rcl_node_tERKNSt7__cxx1112basic_stringIcSt11char_traitsIcESaIcEEENS_18AnyServiceCallbackIS3_EER21rcl_service_options_t[_ZN6rclcpp7ServiceIN9lidar_cpp3srv12LidarServiceEEC5ESt10shared_ptrI10rcl_node_tERKNSt7__cxx1112basic_stringIcSt11char_traitsIcESaIcEEENS_18AnyServiceCallbackIS3_EER21rcl_service_options_t]+0xb4): undefined reference to `rosidl_service_type_support_t const* rosidl_typesupport_cpp::get_service_type_support_handle<lidar_cpp::srv::LidarService>()'
[2.288s] collect2: error: ld returned 1 exit status
[2.289s] make[2]: *** [CMakeFiles/lidar_server.dir/build.make:231: lidar_server] Error 1
[2.289s] make[1]: *** [CMakeFiles/Makefile2:125: CMakeFiles/lidar_server.dir/all] Error 2
[2.289s] make: *** [Makefile:141: all] Error 2
[2.291s] Invoked command in '/home/student/lidar-ws/build/lidar_cpp' returned '2': CMAKE_PREFIX_PATH=${CMAKE_PREFIX_PATH}:/home/student/ws/install/py_ctrl:/home/student/ws/install/case_scenes:/home/student/ia_ws/install/viz_static:/home/student/ia_ws/install/viz_interactive:/home/student/ia_ws/install/ur_setup:/home/student/ia_ws/install/tf_lookup:/home/student/ia_ws/install/tf_broadcast:/home/student/ia_ws/install/tf_scene:/home/student/ia_ws/install/gui_tools:/home/student/ia_ws/install/aruco_handler:/opt/ros/galactic /usr/bin/cmake --build /home/student/lidar-ws/build/lidar_cpp -- -j8 -l8
