[0.018s] Invoking command in '/home/student/lidar-ws/build/lidar_cpp': CMAKE_PREFIX_PATH=${CMAKE_PREFIX_PATH}:/home/student/ws/install/py_ctrl:/home/student/ws/install/case_scenes:/home/student/ia_ws/install/viz_static:/home/student/ia_ws/install/viz_interactive:/home/student/ia_ws/install/ur_setup:/home/student/ia_ws/install/tf_lookup:/home/student/ia_ws/install/tf_broadcast:/home/student/ia_ws/install/tf_scene:/home/student/ia_ws/install/gui_tools:/home/student/ia_ws/install/aruco_handler:/opt/ros/galactic /usr/bin/cmake --build /home/student/lidar-ws/build/lidar_cpp -- -j8 -l8
[0.059s] -- Found ament_cmake: 1.1.4 (/opt/ros/galactic/share/ament_cmake/cmake)
[0.088s] -- Found PythonInterp: /usr/bin/python3 (found suitable version "3.8.10", minimum required is "3") 
[0.088s] -- Using PYTHON_EXECUTABLE: /usr/bin/python3
[0.166s] -- Found rclcpp: 9.2.0 (/opt/ros/galactic/share/rclcpp/cmake)
[0.204s] -- Using all available rosidl_typesupport_c: rosidl_typesupport_fastrtps_c;rosidl_typesupport_introspection_c
[0.207s] -- Found rosidl_adapter: 2.2.1 (/opt/ros/galactic/share/rosidl_adapter/cmake)
[0.341s] -- Using all available rosidl_typesupport_cpp: rosidl_typesupport_fastrtps_cpp;rosidl_typesupport_introspection_cpp
[0.391s] -- Found rmw_implementation_cmake: 3.3.1 (/opt/ros/galactic/share/rmw_implementation_cmake/cmake)
[0.393s] -- Found rmw_cyclonedds_cpp: 0.22.3 (/opt/ros/galactic/share/rmw_cyclonedds_cpp/cmake)
[0.415s] -- Using RMW implementation 'rmw_cyclonedds_cpp' as default
[0.552s] -- Found sensor_msgs: 2.2.3 (/opt/ros/galactic/share/sensor_msgs/cmake)
[0.676s] -- Eigen found (include: /usr/include/eigen3, version: 3.3.7)
[0.769s] -- The imported target "vtkParseOGLExt" references the file
[0.770s]    "/usr/bin/vtkParseOGLExt-7.1"
[0.770s] but this file does not exist.  Possible reasons include:
[0.770s] * The file was deleted, renamed, or moved to another location.
[0.770s] * An install or uninstall procedure did not complete successfully.
[0.770s] * The installation package was faulty and contained
[0.770s]    "/usr/lib/cmake/vtk-7.1/VTKTargets.cmake"
[0.770s] but not all the files it references.
[0.771s] 
[0.771s] -- The imported target "vtkRenderingPythonTkWidgets" references the file
[0.771s]    "/usr/lib/x86_64-linux-gnu/libvtkRenderingPythonTkWidgets.so"
[0.771s] but this file does not exist.  Possible reasons include:
[0.771s] * The file was deleted, renamed, or moved to another location.
[0.771s] * An install or uninstall procedure did not complete successfully.
[0.771s] * The installation package was faulty and contained
[0.771s]    "/usr/lib/cmake/vtk-7.1/VTKTargets.cmake"
[0.771s] but not all the files it references.
[0.772s] 
[0.772s] -- The imported target "vtk" references the file
[0.772s]    "/usr/bin/vtk"
[0.772s] but this file does not exist.  Possible reasons include:
[0.772s] * The file was deleted, renamed, or moved to another location.
[0.772s] * An install or uninstall procedure did not complete successfully.
[0.772s] * The installation package was faulty and contained
[0.772s]    "/usr/lib/cmake/vtk-7.1/VTKTargets.cmake"
[0.772s] but not all the files it references.
[0.772s] 
[0.773s] -- The imported target "pvtk" references the file
[0.773s]    "/usr/bin/pvtk"
[0.773s] but this file does not exist.  Possible reasons include:
[0.773s] * The file was deleted, renamed, or moved to another location.
[0.773s] * An install or uninstall procedure did not complete successfully.
[0.773s] * The installation package was faulty and contained
[0.773s]    "/usr/lib/cmake/vtk-7.1/VTKTargets.cmake"
[0.773s] but not all the files it references.
[0.773s] 
[0.789s] -- Checking for module 'libusb-1.0'
[0.793s] --   No package 'libusb-1.0' found
[0.797s] -- Could NOT find USB_10 (missing: USB_10_LIBRARY USB_10_INCLUDE_DIR) 
[0.798s] -- OpenNI disabled because libusb-1.0 not found.
[0.798s] ** WARNING ** io features related to openni will be disabled
[0.803s] -- Checking for module 'libusb-1.0'
[0.807s] --   No package 'libusb-1.0' found
[0.813s] -- Could NOT find USB_10 (missing: USB_10_LIBRARY USB_10_INCLUDE_DIR) 
[0.813s] -- OpenNI 2 disabled because libusb-1.0 not found.
[0.813s] ** WARNING ** io features related to openni2 will be disabled
[0.813s] ** WARNING ** io features related to pcap will be disabled
[0.813s] ** WARNING ** io features related to png will be disabled
[0.834s] -- LIBUSB_1_LIBRARY (missing: LIBUSB_1_INCLUDE_DIR) 
[0.834s] ** WARNING ** io features related to libusb-1.0 will be disabled
[0.839s] -- Checking for module 'libusb-1.0'
[0.843s] --   No package 'libusb-1.0' found
[0.848s] -- Could NOT find USB_10 (missing: USB_10_LIBRARY USB_10_INCLUDE_DIR) 
[0.848s] -- OpenNI disabled because libusb-1.0 not found.
[0.848s] ** WARNING ** visualization features related to openni will be disabled
[0.854s] -- Checking for module 'libusb-1.0'
[0.857s] --   No package 'libusb-1.0' found
[0.862s] -- Could NOT find USB_10 (missing: USB_10_LIBRARY USB_10_INCLUDE_DIR) 
[0.862s] -- OpenNI 2 disabled because libusb-1.0 not found.
[0.862s] ** WARNING ** visualization features related to openni2 will be disabled
[0.876s] -- QHULL found (include: /usr/include, lib: optimized;/usr/lib/x86_64-linux-gnu/libqhull.so;debug;/usr/lib/x86_64-linux-gnu/libqhull.so)
[0.880s] -- Checking for module 'libusb-1.0'
[0.883s] --   No package 'libusb-1.0' found
[0.887s] -- Could NOT find USB_10 (missing: USB_10_LIBRARY USB_10_INCLUDE_DIR) 
[0.888s] -- OpenNI disabled because libusb-1.0 not found.
[0.888s] ** WARNING ** apps features related to openni will be disabled
[0.901s] -- looking for PCL_COMMON
[0.901s] -- looking for PCL_KDTREE
[0.902s] -- looking for PCL_OCTREE
[0.902s] -- looking for PCL_SEARCH
[0.903s] -- looking for PCL_SAMPLE_CONSENSUS
[0.904s] -- looking for PCL_FILTERS
[0.904s] -- looking for PCL_2D
[0.905s] -- looking for PCL_GEOMETRY
[0.906s] -- looking for PCL_IO
[0.906s] -- looking for PCL_FEATURES
[0.907s] -- looking for PCL_ML
[0.907s] -- looking for PCL_SEGMENTATION
[0.908s] -- looking for PCL_VISUALIZATION
[0.909s] -- looking for PCL_SURFACE
[0.910s] -- looking for PCL_REGISTRATION
[0.911s] -- looking for PCL_KEYPOINTS
[0.912s] -- looking for PCL_TRACKING
[0.913s] -- looking for PCL_RECOGNITION
[0.914s] -- looking for PCL_STEREO
[0.914s] -- looking for PCL_APPS
[0.916s] -- looking for PCL_IN_HAND_SCANNER
[0.916s] -- looking for PCL_POINT_CLOUD_EDITOR
[0.917s] -- looking for PCL_OUTOFCORE
[0.918s] -- looking for PCL_PEOPLE
[0.920s] -- Found rosidl_default_generators: 1.1.1 (/opt/ros/galactic/share/rosidl_default_generators/cmake)
[0.960s] -- Found PythonInterp: /usr/bin/python3 (found version "3.8.10") 
[1.097s] -- Found ament_cmake_ros: 0.9.2 (/opt/ros/galactic/share/ament_cmake_ros/cmake)
[1.211s] -- Using all available rosidl_typesupport_c: rosidl_typesupport_fastrtps_c;rosidl_typesupport_introspection_c
[1.224s] -- Using all available rosidl_typesupport_cpp: rosidl_typesupport_fastrtps_cpp;rosidl_typesupport_introspection_cpp
[1.252s] -- Found PythonInterp: /usr/bin/python3 (found suitable version "3.8.10", minimum required is "3.5") 
[1.253s] -- Found python_cmake_module: 0.8.1 (/opt/ros/galactic/share/python_cmake_module/cmake)
[1.278s] -- Using PYTHON_EXECUTABLE: /usr/bin/python3
[1.279s] -- Using PYTHON_INCLUDE_DIRS: /usr/include/python3.8
[1.279s] -- Using PYTHON_LIBRARIES: /usr/lib/x86_64-linux-gnu/libpython3.8.so
[1.324s] -- Found ament_lint_auto: 0.10.6 (/opt/ros/galactic/share/ament_lint_auto/cmake)
[1.335s] -- Added test 'copyright' to check source files copyright and LICENSE
[1.336s] -- Added test 'cppcheck' to perform static code analysis on C / C++ code
[1.338s] -- Configured cppcheck include dirs: /home/student/lidar-ws/src/lidar_cpp/include
[1.338s] -- Configured cppcheck exclude dirs and/or files: 
[1.339s] -- Added test 'cpplint' to check C / C++ code against the Google style
[1.339s] -- Configured cpplint exclude dirs and/or files: 
[1.339s] -- Added test 'lint_cmake' to check CMake code style
[1.340s] -- Added test 'uncrustify' to check C / C++ code style
[1.340s] -- Configured uncrustify additional arguments: 
[1.341s] -- Added test 'xmllint' to check XML markup files
[1.345s] -- Configuring done
[1.435s] -- Generating done
[1.440s] -- Build files have been written to: /home/student/lidar-ws/build/lidar_cpp
[1.480s] [35m[1mScanning dependencies of target lidar_server[0m
[1.488s] [  2%] Built target lidar_cpp__cpp
[1.488s] [ 11%] Built target lidar_cpp__rosidl_generator_c
[1.510s] [ 17%] Built target lidar
[1.517s] [ 25%] Built target lidar_cpp__rosidl_typesupport_cpp
[1.520s] [ 34%] Built target lidar_cpp__rosidl_typesupport_introspection_cpp
[1.524s] [ 42%] Built target lidar_cpp__rosidl_typesupport_fastrtps_cpp
[1.532s] [ 45%] [32mBuilding CXX object CMakeFiles/lidar_server.dir/src/lidar_server.cpp.o[0m
[1.537s] [ 54%] Built target lidar_cpp__rosidl_typesupport_introspection_c
[1.539s] [ 62%] Built target lidar_cpp__rosidl_typesupport_c
[1.554s] [ 71%] Built target lidar_cpp__rosidl_typesupport_fastrtps_c
[1.574s] [ 71%] Built target lidar_cpp
[1.595s] [ 74%] Built target lidar_cpp__py
[1.626s] [ 80%] Built target lidar_cpp__python
[1.655s] [ 97%] Built target lidar_cpp__rosidl_typesupport_c__pyext
[1.655s] [ 97%] Built target lidar_cpp__rosidl_typesupport_fastrtps_c__pyext
[1.655s] [ 97%] Built target lidar_cpp__rosidl_typesupport_introspection_c__pyext
[3.100s] [01m[K/home/student/lidar-ws/src/lidar_cpp/src/lidar_server.cpp:12:10:[m[K [01;31m[Kfatal error: [m[Klidar_cpp/srv/lidar_service.hpp: No such file or directory
[3.100s]    12 | #include [01;31m[K"lidar_cpp/srv/lidar_service.hpp"[m[K
[3.100s]       |          [01;31m[K^~~~~~~~~~~~~~~~~~~~~~~~~~~~~~~~~[m[K
[3.100s] compilation terminated.
[3.111s] make[2]: *** [CMakeFiles/lidar_server.dir/build.make:63: CMakeFiles/lidar_server.dir/src/lidar_server.cpp.o] Error 1
[3.111s] make[1]: *** [CMakeFiles/Makefile2:125: CMakeFiles/lidar_server.dir/all] Error 2
[3.112s] make: *** [Makefile:141: all] Error 2
[3.114s] Invoked command in '/home/student/lidar-ws/build/lidar_cpp' returned '2': CMAKE_PREFIX_PATH=${CMAKE_PREFIX_PATH}:/home/student/ws/install/py_ctrl:/home/student/ws/install/case_scenes:/home/student/ia_ws/install/viz_static:/home/student/ia_ws/install/viz_interactive:/home/student/ia_ws/install/ur_setup:/home/student/ia_ws/install/tf_lookup:/home/student/ia_ws/install/tf_broadcast:/home/student/ia_ws/install/tf_scene:/home/student/ia_ws/install/gui_tools:/home/student/ia_ws/install/aruco_handler:/opt/ros/galactic /usr/bin/cmake --build /home/student/lidar-ws/build/lidar_cpp -- -j8 -l8
