[0.017s] Invoking command in '/home/student/lidar-ws/build/lidar_cpp': CMAKE_PREFIX_PATH=${CMAKE_PREFIX_PATH}:/home/student/ws/install/py_ctrl:/home/student/ws/install/case_scenes:/home/student/ia_ws/install/viz_static:/home/student/ia_ws/install/viz_interactive:/home/student/ia_ws/install/ur_setup:/home/student/ia_ws/install/tf_lookup:/home/student/ia_ws/install/tf_broadcast:/home/student/ia_ws/install/tf_scene:/home/student/ia_ws/install/gui_tools:/home/student/ia_ws/install/aruco_handler:/opt/ros/galactic /usr/bin/cmake --build /home/student/lidar-ws/build/lidar_cpp -- -j8 -l8
[0.075s] -- Found ament_cmake: 1.1.4 (/opt/ros/galactic/share/ament_cmake/cmake)
[0.100s] -- Found PythonInterp: /usr/bin/python3 (found suitable version "3.8.10", minimum required is "3") 
[0.100s] -- Using PYTHON_EXECUTABLE: /usr/bin/python3
[0.209s] -- Found rclcpp: 9.2.0 (/opt/ros/galactic/share/rclcpp/cmake)
[0.363s] -- Using all available rosidl_typesupport_c: rosidl_typesupport_fastrtps_c;rosidl_typesupport_introspection_c
[0.367s] -- Found rosidl_adapter: 2.2.1 (/opt/ros/galactic/share/rosidl_adapter/cmake)
[0.640s] -- Using all available rosidl_typesupport_cpp: rosidl_typesupport_fastrtps_cpp;rosidl_typesupport_introspection_cpp
[0.694s] -- Found rmw_implementation_cmake: 3.3.1 (/opt/ros/galactic/share/rmw_implementation_cmake/cmake)
[0.697s] -- Found rmw_cyclonedds_cpp: 0.22.3 (/opt/ros/galactic/share/rmw_cyclonedds_cpp/cmake)
[0.719s] -- Using RMW implementation 'rmw_cyclonedds_cpp' as default
[0.875s] -- Found sensor_msgs: 2.2.3 (/opt/ros/galactic/share/sensor_msgs/cmake)
[1.046s] -- Eigen found (include: /usr/include/eigen3, version: 3.3.7)
[1.186s] -- The imported target "vtkParseOGLExt" references the file
[1.186s]    "/usr/bin/vtkParseOGLExt-7.1"
[1.186s] but this file does not exist.  Possible reasons include:
[1.186s] * The file was deleted, renamed, or moved to another location.
[1.186s] * An install or uninstall procedure did not complete successfully.
[1.186s] * The installation package was faulty and contained
[1.187s]    "/usr/lib/cmake/vtk-7.1/VTKTargets.cmake"
[1.187s] but not all the files it references.
[1.187s] 
[1.187s] -- The imported target "vtkRenderingPythonTkWidgets" references the file
[1.187s]    "/usr/lib/x86_64-linux-gnu/libvtkRenderingPythonTkWidgets.so"
[1.187s] but this file does not exist.  Possible reasons include:
[1.187s] * The file was deleted, renamed, or moved to another location.
[1.187s] * An install or uninstall procedure did not complete successfully.
[1.187s] * The installation package was faulty and contained
[1.187s]    "/usr/lib/cmake/vtk-7.1/VTKTargets.cmake"
[1.187s] but not all the files it references.
[1.188s] 
[1.188s] -- The imported target "vtk" references the file
[1.188s]    "/usr/bin/vtk"
[1.188s] but this file does not exist.  Possible reasons include:
[1.188s] * The file was deleted, renamed, or moved to another location.
[1.188s] * An install or uninstall procedure did not complete successfully.
[1.188s] * The installation package was faulty and contained
[1.188s]    "/usr/lib/cmake/vtk-7.1/VTKTargets.cmake"
[1.188s] but not all the files it references.
[1.188s] 
[1.188s] -- The imported target "pvtk" references the file
[1.188s]    "/usr/bin/pvtk"
[1.188s] but this file does not exist.  Possible reasons include:
[1.189s] * The file was deleted, renamed, or moved to another location.
[1.189s] * An install or uninstall procedure did not complete successfully.
[1.189s] * The installation package was faulty and contained
[1.189s]    "/usr/lib/cmake/vtk-7.1/VTKTargets.cmake"
[1.189s] but not all the files it references.
[1.189s] 
[1.207s] -- Checking for module 'libusb-1.0'
[1.293s] --   No package 'libusb-1.0' found
[1.297s] -- Could NOT find USB_10 (missing: USB_10_LIBRARY USB_10_INCLUDE_DIR) 
[1.297s] -- OpenNI disabled because libusb-1.0 not found.
[1.297s] ** WARNING ** io features related to openni will be disabled
[1.301s] -- Checking for module 'libusb-1.0'
[1.306s] --   No package 'libusb-1.0' found
[1.312s] -- Could NOT find USB_10 (missing: USB_10_LIBRARY USB_10_INCLUDE_DIR) 
[1.312s] -- OpenNI 2 disabled because libusb-1.0 not found.
[1.312s] ** WARNING ** io features related to openni2 will be disabled
[1.313s] ** WARNING ** io features related to pcap will be disabled
[1.313s] ** WARNING ** io features related to png will be disabled
[1.334s] -- LIBUSB_1_LIBRARY (missing: LIBUSB_1_INCLUDE_DIR) 
[1.334s] ** WARNING ** io features related to libusb-1.0 will be disabled
[1.338s] -- Checking for module 'libusb-1.0'
[1.342s] --   No package 'libusb-1.0' found
[1.346s] -- Could NOT find USB_10 (missing: USB_10_LIBRARY USB_10_INCLUDE_DIR) 
[1.346s] -- OpenNI disabled because libusb-1.0 not found.
[1.347s] ** WARNING ** visualization features related to openni will be disabled
[1.351s] -- Checking for module 'libusb-1.0'
[1.354s] --   No package 'libusb-1.0' found
[1.359s] -- Could NOT find USB_10 (missing: USB_10_LIBRARY USB_10_INCLUDE_DIR) 
[1.359s] -- OpenNI 2 disabled because libusb-1.0 not found.
[1.359s] ** WARNING ** visualization features related to openni2 will be disabled
[1.372s] -- QHULL found (include: /usr/include, lib: optimized;/usr/lib/x86_64-linux-gnu/libqhull.so;debug;/usr/lib/x86_64-linux-gnu/libqhull.so)
[1.376s] -- Checking for module 'libusb-1.0'
[1.379s] --   No package 'libusb-1.0' found
[1.384s] -- Could NOT find USB_10 (missing: USB_10_LIBRARY USB_10_INCLUDE_DIR) 
[1.384s] -- OpenNI disabled because libusb-1.0 not found.
[1.384s] ** WARNING ** apps features related to openni will be disabled
[1.399s] -- looking for PCL_COMMON
[1.400s] -- looking for PCL_KDTREE
[1.400s] -- looking for PCL_OCTREE
[1.401s] -- looking for PCL_SEARCH
[1.401s] -- looking for PCL_SAMPLE_CONSENSUS
[1.402s] -- looking for PCL_FILTERS
[1.403s] -- looking for PCL_2D
[1.403s] -- looking for PCL_GEOMETRY
[1.404s] -- looking for PCL_IO
[1.404s] -- looking for PCL_FEATURES
[1.405s] -- looking for PCL_ML
[1.406s] -- looking for PCL_SEGMENTATION
[1.406s] -- looking for PCL_VISUALIZATION
[1.407s] -- looking for PCL_SURFACE
[1.408s] -- looking for PCL_REGISTRATION
[1.409s] -- looking for PCL_KEYPOINTS
[1.410s] -- looking for PCL_TRACKING
[1.410s] -- looking for PCL_RECOGNITION
[1.411s] -- looking for PCL_STEREO
[1.412s] -- looking for PCL_APPS
[1.414s] -- looking for PCL_IN_HAND_SCANNER
[1.414s] -- looking for PCL_POINT_CLOUD_EDITOR
[1.415s] -- looking for PCL_OUTOFCORE
[1.416s] -- looking for PCL_PEOPLE
[1.418s] -- Found rosidl_default_generators: 1.1.1 (/opt/ros/galactic/share/rosidl_default_generators/cmake)
[1.462s] -- Found PythonInterp: /usr/bin/python3 (found version "3.8.10") 
[1.600s] -- Found ament_cmake_ros: 0.9.2 (/opt/ros/galactic/share/ament_cmake_ros/cmake)
[1.715s] -- Using all available rosidl_typesupport_c: rosidl_typesupport_fastrtps_c;rosidl_typesupport_introspection_c
[1.728s] -- Using all available rosidl_typesupport_cpp: rosidl_typesupport_fastrtps_cpp;rosidl_typesupport_introspection_cpp
[1.757s] -- Found PythonInterp: /usr/bin/python3 (found suitable version "3.8.10", minimum required is "3.5") 
[1.758s] -- Found python_cmake_module: 0.8.1 (/opt/ros/galactic/share/python_cmake_module/cmake)
[1.783s] -- Using PYTHON_EXECUTABLE: /usr/bin/python3
[1.783s] -- Using PYTHON_INCLUDE_DIRS: /usr/include/python3.8
[1.783s] -- Using PYTHON_LIBRARIES: /usr/lib/x86_64-linux-gnu/libpython3.8.so
[1.837s] -- Found ament_lint_auto: 0.10.6 (/opt/ros/galactic/share/ament_lint_auto/cmake)
[1.848s] -- Added test 'copyright' to check source files copyright and LICENSE
[1.849s] -- Added test 'cppcheck' to perform static code analysis on C / C++ code
[1.851s] -- Configured cppcheck include dirs: 
[1.851s] -- Configured cppcheck exclude dirs and/or files: 
[1.851s] -- Added test 'cpplint' to check C / C++ code against the Google style
[1.852s] -- Configured cpplint exclude dirs and/or files: 
[1.852s] -- Added test 'lint_cmake' to check CMake code style
[1.853s] -- Added test 'uncrustify' to check C / C++ code style
[1.853s] -- Configured uncrustify additional arguments: 
[1.853s] -- Added test 'xmllint' to check XML markup files
[1.858s] -- Configuring done
[1.995s] -- Generating done
[2.002s] -- Build files have been written to: /home/student/lidar-ws/build/lidar_cpp
[2.058s] [  2%] Built target lidar_cpp__cpp
[2.065s] [ 11%] Built target lidar_cpp__rosidl_generator_c
[2.083s] [ 20%] Built target lidar_cpp__rosidl_typesupport_cpp
[2.087s] [ 37%] Built target lidar_cpp__rosidl_typesupport_fastrtps_cpp
[2.087s] [ 37%] Built target lidar_cpp__rosidl_typesupport_c
[2.093s] [ 45%] Built target lidar_cpp__rosidl_typesupport_introspection_c
[2.106s] [ 54%] Built target lidar_cpp__rosidl_typesupport_introspection_cpp
[2.114s] [ 62%] Built target lidar_cpp__rosidl_typesupport_fastrtps_c
[2.137s] [ 62%] Built target lidar_cpp
[2.163s] [ 65%] Built target lidar_cpp__py
[2.220s] [ 68%] [32m[1mLinking CXX executable lidar_server[0m
[2.224s] [ 74%] Built target lidar
[2.241s] [ 80%] Built target lidar_cpp__python
[2.269s] [ 97%] Built target lidar_cpp__rosidl_typesupport_introspection_c__pyext
[2.269s] [ 97%] Built target lidar_cpp__rosidl_typesupport_fastrtps_c__pyext
[2.269s] [ 97%] Built target lidar_cpp__rosidl_typesupport_c__pyext
[2.945s] /usr/bin/ld: CMakeFiles/lidar_server.dir/src/lidar_server.cpp.o: in function `rclcpp::Service<lidar_cpp::srv::LidarService>::Service(std::shared_ptr<rcl_node_t>, std::__cxx11::basic_string<char, std::char_traits<char>, std::allocator<char> > const&, rclcpp::AnyServiceCallback<lidar_cpp::srv::LidarService>, rcl_service_options_t&)':
[2.946s] lidar_server.cpp:(.text._ZN6rclcpp7ServiceIN9lidar_cpp3srv12LidarServiceEEC2ESt10shared_ptrI10rcl_node_tERKNSt7__cxx1112basic_stringIcSt11char_traitsIcESaIcEEENS_18AnyServiceCallbackIS3_EER21rcl_service_options_t[_ZN6rclcpp7ServiceIN9lidar_cpp3srv12LidarServiceEEC5ESt10shared_ptrI10rcl_node_tERKNSt7__cxx1112basic_stringIcSt11char_traitsIcESaIcEEENS_18AnyServiceCallbackIS3_EER21rcl_service_options_t]+0xb4): undefined reference to `rosidl_service_type_support_t const* rosidl_typesupport_cpp::get_service_type_support_handle<lidar_cpp::srv::LidarService>()'
[2.946s] collect2: error: ld returned 1 exit status
[2.947s] make[2]: *** [CMakeFiles/lidar_server.dir/build.make:231: lidar_server] Error 1
[2.947s] make[1]: *** [CMakeFiles/Makefile2:125: CMakeFiles/lidar_server.dir/all] Error 2
[2.947s] make: *** [Makefile:141: all] Error 2
[2.950s] Invoked command in '/home/student/lidar-ws/build/lidar_cpp' returned '2': CMAKE_PREFIX_PATH=${CMAKE_PREFIX_PATH}:/home/student/ws/install/py_ctrl:/home/student/ws/install/case_scenes:/home/student/ia_ws/install/viz_static:/home/student/ia_ws/install/viz_interactive:/home/student/ia_ws/install/ur_setup:/home/student/ia_ws/install/tf_lookup:/home/student/ia_ws/install/tf_broadcast:/home/student/ia_ws/install/tf_scene:/home/student/ia_ws/install/gui_tools:/home/student/ia_ws/install/aruco_handler:/opt/ros/galactic /usr/bin/cmake --build /home/student/lidar-ws/build/lidar_cpp -- -j8 -l8
