[0.019s] Invoking command in '/home/student/lidar-ws/build/lidar_cpp': CMAKE_PREFIX_PATH=${CMAKE_PREFIX_PATH}:/home/student/ws/install/py_ctrl:/home/student/ws/install/case_scenes:/home/student/ia_ws/install/viz_static:/home/student/ia_ws/install/viz_interactive:/home/student/ia_ws/install/ur_setup:/home/student/ia_ws/install/tf_lookup:/home/student/ia_ws/install/tf_broadcast:/home/student/ia_ws/install/tf_scene:/home/student/ia_ws/install/gui_tools:/home/student/ia_ws/install/aruco_handler:/opt/ros/galactic /usr/bin/cmake --build /home/student/lidar-ws/build/lidar_cpp -- -j8 -l8
[0.058s] -- Found ament_cmake: 1.1.4 (/opt/ros/galactic/share/ament_cmake/cmake)
[0.083s] -- Found PythonInterp: /usr/bin/python3 (found suitable version "3.8.10", minimum required is "3") 
[0.083s] -- Using PYTHON_EXECUTABLE: /usr/bin/python3
[0.154s] -- Found rclcpp: 9.2.0 (/opt/ros/galactic/share/rclcpp/cmake)
[0.189s] -- Using all available rosidl_typesupport_c: rosidl_typesupport_fastrtps_c;rosidl_typesupport_introspection_c
[0.192s] -- Found rosidl_adapter: 2.2.1 (/opt/ros/galactic/share/rosidl_adapter/cmake)
[0.326s] -- Using all available rosidl_typesupport_cpp: rosidl_typesupport_fastrtps_cpp;rosidl_typesupport_introspection_cpp
[0.372s] -- Found rmw_implementation_cmake: 3.3.1 (/opt/ros/galactic/share/rmw_implementation_cmake/cmake)
[0.375s] -- Found rmw_cyclonedds_cpp: 0.22.3 (/opt/ros/galactic/share/rmw_cyclonedds_cpp/cmake)
[0.391s] -- Using RMW implementation 'rmw_cyclonedds_cpp' as default
[0.524s] -- Found sensor_msgs: 2.2.3 (/opt/ros/galactic/share/sensor_msgs/cmake)
[0.641s] -- Eigen found (include: /usr/include/eigen3, version: 3.3.7)
[0.732s] -- The imported target "vtkParseOGLExt" references the file
[0.732s]    "/usr/bin/vtkParseOGLExt-7.1"
[0.732s] but this file does not exist.  Possible reasons include:
[0.732s] * The file was deleted, renamed, or moved to another location.
[0.732s] * An install or uninstall procedure did not complete successfully.
[0.732s] * The installation package was faulty and contained
[0.732s]    "/usr/lib/cmake/vtk-7.1/VTKTargets.cmake"
[0.733s] but not all the files it references.
[0.733s] 
[0.733s] -- The imported target "vtkRenderingPythonTkWidgets" references the file
[0.733s]    "/usr/lib/x86_64-linux-gnu/libvtkRenderingPythonTkWidgets.so"
[0.733s] but this file does not exist.  Possible reasons include:
[0.733s] * The file was deleted, renamed, or moved to another location.
[0.733s] * An install or uninstall procedure did not complete successfully.
[0.733s] * The installation package was faulty and contained
[0.733s]    "/usr/lib/cmake/vtk-7.1/VTKTargets.cmake"
[0.733s] but not all the files it references.
[0.733s] 
[0.734s] -- The imported target "vtk" references the file
[0.734s]    "/usr/bin/vtk"
[0.734s] but this file does not exist.  Possible reasons include:
[0.734s] * The file was deleted, renamed, or moved to another location.
[0.734s] * An install or uninstall procedure did not complete successfully.
[0.734s] * The installation package was faulty and contained
[0.734s]    "/usr/lib/cmake/vtk-7.1/VTKTargets.cmake"
[0.734s] but not all the files it references.
[0.734s] 
[0.734s] -- The imported target "pvtk" references the file
[0.734s]    "/usr/bin/pvtk"
[0.734s] but this file does not exist.  Possible reasons include:
[0.735s] * The file was deleted, renamed, or moved to another location.
[0.735s] * An install or uninstall procedure did not complete successfully.
[0.735s] * The installation package was faulty and contained
[0.735s]    "/usr/lib/cmake/vtk-7.1/VTKTargets.cmake"
[0.735s] but not all the files it references.
[0.735s] 
[0.755s] -- Checking for module 'libusb-1.0'
[0.759s] --   No package 'libusb-1.0' found
[0.764s] -- Could NOT find USB_10 (missing: USB_10_LIBRARY USB_10_INCLUDE_DIR) 
[0.764s] -- OpenNI disabled because libusb-1.0 not found.
[0.764s] ** WARNING ** io features related to openni will be disabled
[0.770s] -- Checking for module 'libusb-1.0'
[0.774s] --   No package 'libusb-1.0' found
[0.779s] -- Could NOT find USB_10 (missing: USB_10_LIBRARY USB_10_INCLUDE_DIR) 
[0.779s] -- OpenNI 2 disabled because libusb-1.0 not found.
[0.779s] ** WARNING ** io features related to openni2 will be disabled
[0.779s] ** WARNING ** io features related to pcap will be disabled
[0.779s] ** WARNING ** io features related to png will be disabled
[0.795s] -- LIBUSB_1_LIBRARY (missing: LIBUSB_1_INCLUDE_DIR) 
[0.795s] ** WARNING ** io features related to libusb-1.0 will be disabled
[0.802s] -- Checking for module 'libusb-1.0'
[0.807s] --   No package 'libusb-1.0' found
[0.813s] -- Could NOT find USB_10 (missing: USB_10_LIBRARY USB_10_INCLUDE_DIR) 
[0.813s] -- OpenNI disabled because libusb-1.0 not found.
[0.814s] ** WARNING ** visualization features related to openni will be disabled
[0.820s] -- Checking for module 'libusb-1.0'
[0.823s] --   No package 'libusb-1.0' found
[0.829s] -- Could NOT find USB_10 (missing: USB_10_LIBRARY USB_10_INCLUDE_DIR) 
[0.829s] -- OpenNI 2 disabled because libusb-1.0 not found.
[0.829s] ** WARNING ** visualization features related to openni2 will be disabled
[0.844s] -- QHULL found (include: /usr/include, lib: optimized;/usr/lib/x86_64-linux-gnu/libqhull.so;debug;/usr/lib/x86_64-linux-gnu/libqhull.so)
[0.848s] -- Checking for module 'libusb-1.0'
[0.852s] --   No package 'libusb-1.0' found
[0.856s] -- Could NOT find USB_10 (missing: USB_10_LIBRARY USB_10_INCLUDE_DIR) 
[0.856s] -- OpenNI disabled because libusb-1.0 not found.
[0.856s] ** WARNING ** apps features related to openni will be disabled
[0.868s] -- looking for PCL_COMMON
[0.868s] -- looking for PCL_KDTREE
[0.869s] -- looking for PCL_OCTREE
[0.869s] -- looking for PCL_SEARCH
[0.870s] -- looking for PCL_SAMPLE_CONSENSUS
[0.870s] -- looking for PCL_FILTERS
[0.871s] -- looking for PCL_2D
[0.871s] -- looking for PCL_GEOMETRY
[0.872s] -- looking for PCL_IO
[0.872s] -- looking for PCL_FEATURES
[0.873s] -- looking for PCL_ML
[0.874s] -- looking for PCL_SEGMENTATION
[0.874s] -- looking for PCL_VISUALIZATION
[0.875s] -- looking for PCL_SURFACE
[0.876s] -- looking for PCL_REGISTRATION
[0.876s] -- looking for PCL_KEYPOINTS
[0.877s] -- looking for PCL_TRACKING
[0.878s] -- looking for PCL_RECOGNITION
[0.878s] -- looking for PCL_STEREO
[0.879s] -- looking for PCL_APPS
[0.880s] -- looking for PCL_IN_HAND_SCANNER
[0.881s] -- looking for PCL_POINT_CLOUD_EDITOR
[0.881s] -- looking for PCL_OUTOFCORE
[0.882s] -- looking for PCL_PEOPLE
[0.883s] -- Found rosidl_default_generators: 1.1.1 (/opt/ros/galactic/share/rosidl_default_generators/cmake)
[0.925s] -- Found PythonInterp: /usr/bin/python3 (found version "3.8.10") 
[1.055s] -- Found ament_cmake_ros: 0.9.2 (/opt/ros/galactic/share/ament_cmake_ros/cmake)
[1.161s] -- Using all available rosidl_typesupport_c: rosidl_typesupport_fastrtps_c;rosidl_typesupport_introspection_c
[1.171s] -- Using all available rosidl_typesupport_cpp: rosidl_typesupport_fastrtps_cpp;rosidl_typesupport_introspection_cpp
[1.198s] -- Found PythonInterp: /usr/bin/python3 (found suitable version "3.8.10", minimum required is "3.5") 
[1.198s] -- Found python_cmake_module: 0.8.1 (/opt/ros/galactic/share/python_cmake_module/cmake)
[1.231s] -- Using PYTHON_EXECUTABLE: /usr/bin/python3
[1.231s] -- Using PYTHON_INCLUDE_DIRS: /usr/include/python3.8
[1.231s] -- Using PYTHON_LIBRARIES: /usr/lib/x86_64-linux-gnu/libpython3.8.so
[1.271s] -- Found ament_lint_auto: 0.10.6 (/opt/ros/galactic/share/ament_lint_auto/cmake)
[1.281s] -- Added test 'copyright' to check source files copyright and LICENSE
[1.282s] -- Added test 'cppcheck' to perform static code analysis on C / C++ code
[1.284s] -- Configured cppcheck include dirs: 
[1.284s] -- Configured cppcheck exclude dirs and/or files: 
[1.284s] -- Added test 'cpplint' to check C / C++ code against the Google style
[1.284s] -- Configured cpplint exclude dirs and/or files: 
[1.285s] -- Added test 'lint_cmake' to check CMake code style
[1.285s] -- Added test 'uncrustify' to check C / C++ code style
[1.286s] -- Configured uncrustify additional arguments: 
[1.286s] -- Added test 'xmllint' to check XML markup files
[1.290s] -- Configuring done
[1.383s] -- Generating done
[1.388s] -- Build files have been written to: /home/student/lidar-ws/build/lidar_cpp
[1.427s] [35m[1mScanning dependencies of target lidar_server[0m
[1.427s] [35m[1mScanning dependencies of target lidar_cpp__rosidl_generator_c[0m
[1.429s] [35m[1mScanning dependencies of target lidar[0m
[1.439s] [  5%] [32mBuilding C object CMakeFiles/lidar_cpp__rosidl_generator_c.dir/rosidl_generator_c/lidar_cpp/srv/detail/lidar_service__functions.c.o[0m
[1.439s] [  5%] Built target lidar_cpp__cpp
[1.453s] [35m[1mScanning dependencies of target lidar_cpp__rosidl_typesupport_cpp[0m
[1.453s] [35m[1mScanning dependencies of target lidar_cpp__rosidl_typesupport_fastrtps_cpp[0m
[1.454s] [35m[1mScanning dependencies of target lidar_cpp__rosidl_typesupport_introspection_cpp[0m
[1.454s] [  8%] [32mBuilding CXX object CMakeFiles/lidar_server.dir/src/lidar_server.cpp.o[0m
[1.454s] [ 11%] [32mBuilding CXX object CMakeFiles/lidar.dir/src/lidar_publisher.cpp.o[0m
[1.469s] [ 14%] [32mBuilding CXX object CMakeFiles/lidar_cpp__rosidl_typesupport_fastrtps_cpp.dir/rosidl_typesupport_fastrtps_cpp/lidar_cpp/srv/detail/dds_fastrtps/lidar_service__type_support.cpp.o[0m
[1.469s] [ 17%] [32mBuilding CXX object CMakeFiles/lidar_cpp__rosidl_typesupport_cpp.dir/rosidl_typesupport_cpp/lidar_cpp/srv/lidar_service__type_support.cpp.o[0m
[1.469s] [ 20%] [32mBuilding CXX object CMakeFiles/lidar_cpp__rosidl_typesupport_introspection_cpp.dir/rosidl_typesupport_introspection_cpp/lidar_cpp/srv/detail/lidar_service__type_support.cpp.o[0m
[1.497s] [ 22%] [32m[1mLinking C shared library liblidar_cpp__rosidl_generator_c.so[0m
[1.536s] [ 25%] Built target lidar_cpp__rosidl_generator_c
[1.549s] [35m[1mScanning dependencies of target lidar_cpp__rosidl_typesupport_c[0m
[1.554s] [35m[1mScanning dependencies of target lidar_cpp__rosidl_typesupport_introspection_c[0m
[1.562s] [ 28%] [32mBuilding CXX object CMakeFiles/lidar_cpp__rosidl_typesupport_c.dir/rosidl_typesupport_c/lidar_cpp/srv/lidar_service__type_support.cpp.o[0m
[1.574s] [ 31%] [32mBuilding C object CMakeFiles/lidar_cpp__rosidl_typesupport_introspection_c.dir/rosidl_typesupport_introspection_c/lidar_cpp/srv/detail/lidar_service__type_support.c.o[0m
[1.628s] [ 34%] [32m[1mLinking CXX shared library liblidar_cpp__rosidl_typesupport_c.so[0m
[1.631s] [ 37%] [32m[1mLinking C shared library liblidar_cpp__rosidl_typesupport_introspection_c.so[0m
[1.665s] [ 40%] Built target lidar_cpp__rosidl_typesupport_introspection_c
[1.686s] [ 42%] Built target lidar_cpp__rosidl_typesupport_c
[1.832s] [ 45%] [32m[1mLinking CXX shared library liblidar_cpp__rosidl_typesupport_introspection_cpp.so[0m
[1.904s] [ 48%] Built target lidar_cpp__rosidl_typesupport_introspection_cpp
[1.928s] [ 51%] [32m[1mLinking CXX shared library liblidar_cpp__rosidl_typesupport_cpp.so[0m
[1.971s] [ 54%] Built target lidar_cpp__rosidl_typesupport_cpp
[2.038s] [ 57%] [32m[1mLinking CXX shared library liblidar_cpp__rosidl_typesupport_fastrtps_cpp.so[0m
[2.133s] [ 60%] Built target lidar_cpp__rosidl_typesupport_fastrtps_cpp
[2.145s] [35m[1mScanning dependencies of target lidar_cpp__rosidl_typesupport_fastrtps_c[0m
[2.157s] [ 62%] [32mBuilding CXX object CMakeFiles/lidar_cpp__rosidl_typesupport_fastrtps_c.dir/rosidl_typesupport_fastrtps_c/lidar_cpp/srv/detail/lidar_service__type_support_c.cpp.o[0m
[2.499s] [ 65%] [32m[1mLinking CXX shared library liblidar_cpp__rosidl_typesupport_fastrtps_c.so[0m
[2.592s] [ 68%] Built target lidar_cpp__rosidl_typesupport_fastrtps_c
[2.616s] [ 68%] Built target lidar_cpp
[2.639s] [ 71%] Built target lidar_cpp__py
[2.651s] [35m[1mScanning dependencies of target lidar_cpp__python[0m
[2.664s] [ 74%] [32mBuilding C object CMakeFiles/lidar_cpp__python.dir/rosidl_generator_py/lidar_cpp/srv/_lidar_service_s.c.o[0m
[2.759s] [ 77%] [32m[1mLinking C shared library rosidl_generator_py/lidar_cpp/liblidar_cpp__python.so[0m
[2.796s] [ 77%] Built target lidar_cpp__python
[2.808s] [35m[1mScanning dependencies of target lidar_cpp__rosidl_typesupport_introspection_c__pyext[0m
[2.809s] [35m[1mScanning dependencies of target lidar_cpp__rosidl_typesupport_c__pyext[0m
[2.811s] [35m[1mScanning dependencies of target lidar_cpp__rosidl_typesupport_fastrtps_c__pyext[0m
[2.829s] [ 80%] [32mBuilding C object CMakeFiles/lidar_cpp__rosidl_typesupport_c__pyext.dir/rosidl_generator_py/lidar_cpp/_lidar_cpp_s.ep.rosidl_typesupport_c.c.o[0m
[2.829s] [ 82%] [32mBuilding C object CMakeFiles/lidar_cpp__rosidl_typesupport_introspection_c__pyext.dir/rosidl_generator_py/lidar_cpp/_lidar_cpp_s.ep.rosidl_typesupport_introspection_c.c.o[0m
[2.832s] [ 85%] [32mBuilding C object CMakeFiles/lidar_cpp__rosidl_typesupport_fastrtps_c__pyext.dir/rosidl_generator_py/lidar_cpp/_lidar_cpp_s.ep.rosidl_typesupport_fastrtps_c.c.o[0m
[2.912s] [ 88%] [32m[1mLinking C shared library rosidl_generator_py/lidar_cpp/lidar_cpp_s__rosidl_typesupport_c.cpython-38-x86_64-linux-gnu.so[0m
[2.959s] [ 88%] Built target lidar_cpp__rosidl_typesupport_c__pyext
[2.965s] [ 94%] [32m[1mLinking C shared library rosidl_generator_py/lidar_cpp/lidar_cpp_s__rosidl_typesupport_introspection_c.cpython-38-x86_64-linux-gnu.so[0m
[2.965s] [ 94%] [32m[1mLinking CXX shared library rosidl_generator_py/lidar_cpp/lidar_cpp_s__rosidl_typesupport_fastrtps_c.cpython-38-x86_64-linux-gnu.so[0m
[2.999s] [ 94%] Built target lidar_cpp__rosidl_typesupport_introspection_c__pyext
[3.034s] [ 94%] Built target lidar_cpp__rosidl_typesupport_fastrtps_c__pyext
[7.112s] [01m[K/home/student/lidar-ws/src/lidar_cpp/src/lidar_server.cpp:[m[K In function â€˜[01m[Kvoid take_picture(std::shared_ptr<lidar_cpp::srv::LidarService_Response_<std::allocator<void> > >)[m[Kâ€™:
[7.112s] [01m[K/home/student/lidar-ws/src/lidar_cpp/src/lidar_server.cpp:24:28:[m[K [01;31m[Kerror: [m[Kâ€˜[01m[Kpoints_to_pcl[m[Kâ€™ was not declared in this scope
[7.112s]    24 |     pcl::toPCLPointCloud2(*[01;31m[Kpoints_to_pcl[m[K(points), pcl_points);
[7.113s]       |                            [01;31m[K^~~~~~~~~~~~~[m[K
[7.557s] In file included from [01m[K/opt/ros/galactic/include/rclcpp/node_impl.hpp:42[m[K,
[7.557s]                  from [01m[K/opt/ros/galactic/include/rclcpp/node.hpp:1329[m[K,
[7.557s]                  from [01m[K/opt/ros/galactic/include/rclcpp/executors/single_threaded_executor.hpp:28[m[K,
[7.557s]                  from [01m[K/opt/ros/galactic/include/rclcpp/executors.hpp:22[m[K,
[7.557s]                  from [01m[K/opt/ros/galactic/include/rclcpp/rclcpp.hpp:156[m[K,
[7.557s]                  from [01m[K/home/student/lidar-ws/src/lidar_cpp/src/lidar_server.cpp:6[m[K:
[7.557s] /opt/ros/galactic/include/rclcpp/create_service.hpp: In instantiation of â€˜[01m[Ktypename rclcpp::Service<ServiceT>::SharedPtr rclcpp::create_service(std::shared_ptr<rclcpp::node_interfaces::NodeBaseInterface>, std::shared_ptr<rclcpp::node_interfaces::NodeServicesInterface>, const string&, CallbackT&&, const rmw_qos_profile_t&, rclcpp::CallbackGroup::SharedPtr) [with ServiceT = lidar_cpp::srv::LidarService; CallbackT = void (*)(std::shared_ptr<lidar_cpp::srv::LidarService_Response_<std::allocator<void> > >); typename rclcpp::Service<ServiceT>::SharedPtr = std::shared_ptr<rclcpp::Service<lidar_cpp::srv::LidarService> >; std::string = std::__cxx11::basic_string<char>; rmw_qos_profile_t = rmw_qos_profile_t; rclcpp::CallbackGroup::SharedPtr = std::shared_ptr<rclcpp::CallbackGroup>][m[Kâ€™:
[7.557s] [01m[K/opt/ros/galactic/include/rclcpp/node_impl.hpp:148:53:[m[K   required from â€˜[01m[Ktypename rclcpp::Service<ServiceT>::SharedPtr rclcpp::Node::create_service(const string&, CallbackT&&, const rmw_qos_profile_t&, rclcpp::CallbackGroup::SharedPtr) [with ServiceT = lidar_cpp::srv::LidarService; CallbackT = void (*)(std::shared_ptr<lidar_cpp::srv::LidarService_Response_<std::allocator<void> > >); typename rclcpp::Service<ServiceT>::SharedPtr = std::shared_ptr<rclcpp::Service<lidar_cpp::srv::LidarService> >; std::string = std::__cxx11::basic_string<char>; rmw_qos_profile_t = rmw_qos_profile_t; rclcpp::CallbackGroup::SharedPtr = std::shared_ptr<rclcpp::CallbackGroup>][m[Kâ€™
[7.557s] [01m[K/home/student/lidar-ws/src/lidar_cpp/src/lidar_server.cpp:60:90:[m[K   required from here
[7.558s] [01m[K/opt/ros/galactic/include/rclcpp/create_service.hpp:43:3:[m[K [01;31m[Kerror: [m[Kno matching function for call to â€˜[01m[Krclcpp::AnyServiceCallback<lidar_cpp::srv::LidarService>::set(void (*)(std::shared_ptr<lidar_cpp::srv::LidarService_Response_<std::allocator<void> > >))[m[Kâ€™
[7.558s]    43 |   [01;31m[Kany_service_callback[m[K.set(std::forward<CallbackT>(callback));
[7.558s]       |   [01;31m[K^~~~~~~~~~~~~~~~~~~~[m[K
[7.558s] In file included from [01m[K/opt/ros/galactic/include/rclcpp/service.hpp:28[m[K,
[7.558s]                  from [01m[K/opt/ros/galactic/include/rclcpp/callback_group.hpp:25[m[K,
[7.558s]                  from [01m[K/opt/ros/galactic/include/rclcpp/any_executable.hpp:20[m[K,
[7.558s]                  from [01m[K/opt/ros/galactic/include/rclcpp/memory_strategy.hpp:25[m[K,
[7.558s]                  from [01m[K/opt/ros/galactic/include/rclcpp/memory_strategies.hpp:18[m[K,
[7.558s]                  from [01m[K/opt/ros/galactic/include/rclcpp/executor_options.hpp:20[m[K,
[7.558s]                  from [01m[K/opt/ros/galactic/include/rclcpp/executor.hpp:36[m[K,
[7.558s]                  from [01m[K/opt/ros/galactic/include/rclcpp/executors/multi_threaded_executor.hpp:26[m[K,
[7.558s]                  from [01m[K/opt/ros/galactic/include/rclcpp/executors.hpp:21[m[K,
[7.558s]                  from [01m[K/opt/ros/galactic/include/rclcpp/rclcpp.hpp:156[m[K,
[7.558s]                  from [01m[K/home/student/lidar-ws/src/lidar_cpp/src/lidar_server.cpp:6[m[K:
[7.559s] [01m[K/opt/ros/galactic/include/rclcpp/any_service_callback.hpp:67:8:[m[K [01;36m[Knote: [m[Kcandidate: â€˜[01m[Ktemplate<class CallbackT, typename std::enable_if<rclcpp::function_traits::same_arguments<CallbackT, std::function<void(std::shared_ptr<lidar_cpp::srv::LidarService_Request_<std::allocator<void> > >, std::shared_ptr<lidar_cpp::srv::LidarService_Response_<std::allocator<void> > >)> >::value, void>::type* <anonymous> > void rclcpp::AnyServiceCallback<ServiceT>::set(CallbackT) [with CallbackT = CallbackT; typename std::enable_if<rclcpp::function_traits::same_arguments<CallbackT, std::function<void(std::shared_ptr<typename ServiceT::Request>, std::shared_ptr<typename ServiceT::Response>)> >::value>::type* <anonymous> = <enumerator>; ServiceT = lidar_cpp::srv::LidarService][m[Kâ€™
[7.559s]    67 |   void [01;36m[Kset[m[K(CallbackT callback)
[7.559s]       |        [01;36m[K^~~[m[K
[7.559s] [01m[K/opt/ros/galactic/include/rclcpp/any_service_callback.hpp:67:8:[m[K [01;36m[Knote: [m[K  template argument deduction/substitution failed:
[7.559s] [01m[K/opt/ros/galactic/include/rclcpp/any_service_callback.hpp:65:17:[m[K [01;31m[Kerror: [m[Kno type named â€˜[01m[Ktype[m[Kâ€™ in â€˜[01m[Kstruct std::enable_if<false, void>[m[Kâ€™
[7.559s]    65 |     >::type * = [01;31m[Knullptr[m[K
[7.559s]       |                 [01;31m[K^~~~~~~[m[K
[7.559s] [01m[K/opt/ros/galactic/include/rclcpp/any_service_callback.hpp:81:8:[m[K [01;36m[Knote: [m[Kcandidate: â€˜[01m[Ktemplate<class CallbackT, typename std::enable_if<rclcpp::function_traits::same_arguments<CallbackT, std::function<void(std::shared_ptr<rmw_request_id_t>, std::shared_ptr<lidar_cpp::srv::LidarService_Request_<std::allocator<void> > >, std::shared_ptr<lidar_cpp::srv::LidarService_Response_<std::allocator<void> > >)> >::value, void>::type* <anonymous> > void rclcpp::AnyServiceCallback<ServiceT>::set(CallbackT) [with CallbackT = CallbackT; typename std::enable_if<rclcpp::function_traits::same_arguments<CallbackT, std::function<void(std::shared_ptr<rmw_request_id_t>, std::shared_ptr<typename ServiceT::Request>, std::shared_ptr<typename ServiceT::Response>)> >::value>::type* <anonymous> = <enumerator>; ServiceT = lidar_cpp::srv::LidarService][m[Kâ€™
[7.559s]    81 |   void [01;36m[Kset[m[K(CallbackT callback)
[7.559s]       |        [01;36m[K^~~[m[K
[7.559s] [01m[K/opt/ros/galactic/include/rclcpp/any_service_callback.hpp:81:8:[m[K [01;36m[Knote: [m[K  template argument deduction/substitution failed:
[7.559s] [01m[K/opt/ros/galactic/include/rclcpp/any_service_callback.hpp:79:17:[m[K [01;31m[Kerror: [m[Kno type named â€˜[01m[Ktype[m[Kâ€™ in â€˜[01m[Kstruct std::enable_if<false, void>[m[Kâ€™
[7.559s]    79 |     >::type * = [01;31m[Knullptr[m[K
[7.559s]       |                 [01;31m[K^~~~~~~[m[K
[8.335s] make[2]: *** [CMakeFiles/lidar_server.dir/build.make:63: CMakeFiles/lidar_server.dir/src/lidar_server.cpp.o] Error 1
[8.335s] make[1]: *** [CMakeFiles/Makefile2:125: CMakeFiles/lidar_server.dir/all] Error 2
[8.335s] make[1]: *** Waiting for unfinished jobs....
[10.217s] [ 97%] [32m[1mLinking CXX executable lidar[0m
[10.984s] [ 97%] Built target lidar
[10.986s] make: *** [Makefile:141: all] Error 2
[10.989s] Invoked command in '/home/student/lidar-ws/build/lidar_cpp' returned '2': CMAKE_PREFIX_PATH=${CMAKE_PREFIX_PATH}:/home/student/ws/install/py_ctrl:/home/student/ws/install/case_scenes:/home/student/ia_ws/install/viz_static:/home/student/ia_ws/install/viz_interactive:/home/student/ia_ws/install/ur_setup:/home/student/ia_ws/install/tf_lookup:/home/student/ia_ws/install/tf_broadcast:/home/student/ia_ws/install/tf_scene:/home/student/ia_ws/install/gui_tools:/home/student/ia_ws/install/aruco_handler:/opt/ros/galactic /usr/bin/cmake --build /home/student/lidar-ws/build/lidar_cpp -- -j8 -l8
