[0.019s] Invoking command in '/home/student/lidar-ws/build/lidar_cpp': CMAKE_PREFIX_PATH=${CMAKE_PREFIX_PATH}:/home/student/ws/install/py_ctrl:/home/student/ws/install/case_scenes:/home/student/ia_ws/install/viz_static:/home/student/ia_ws/install/viz_interactive:/home/student/ia_ws/install/ur_setup:/home/student/ia_ws/install/tf_lookup:/home/student/ia_ws/install/tf_broadcast:/home/student/ia_ws/install/tf_scene:/home/student/ia_ws/install/gui_tools:/home/student/ia_ws/install/aruco_handler:/opt/ros/galactic /usr/bin/cmake /home/student/lidar-ws/src/lidar_cpp -DCMAKE_INSTALL_PREFIX=/home/student/lidar-ws/install/lidar_cpp
[0.088s] -- The C compiler identification is GNU 9.4.0
[0.164s] -- The CXX compiler identification is GNU 9.4.0
[0.169s] -- Check for working C compiler: /usr/bin/cc
[0.255s] -- Check for working C compiler: /usr/bin/cc -- works
[0.255s] -- Detecting C compiler ABI info
[0.339s] -- Detecting C compiler ABI info - done
[0.350s] -- Detecting C compile features
[0.351s] -- Detecting C compile features - done
[0.353s] -- Check for working CXX compiler: /usr/bin/c++
[0.442s] -- Check for working CXX compiler: /usr/bin/c++ -- works
[0.443s] -- Detecting CXX compiler ABI info
[0.533s] -- Detecting CXX compiler ABI info - done
[0.547s] -- Detecting CXX compile features
[0.547s] -- Detecting CXX compile features - done
[0.552s] -- Found ament_cmake: 1.1.4 (/opt/ros/galactic/share/ament_cmake/cmake)
[0.583s] -- Found PythonInterp: /usr/bin/python3 (found suitable version "3.8.10", minimum required is "3") 
[0.583s] -- Using PYTHON_EXECUTABLE: /usr/bin/python3
[0.699s] -- Found rclcpp: 9.2.0 (/opt/ros/galactic/share/rclcpp/cmake)
[0.772s] -- Using all available rosidl_typesupport_c: rosidl_typesupport_fastrtps_c;rosidl_typesupport_introspection_c
[0.783s] -- Found rosidl_adapter: 2.2.1 (/opt/ros/galactic/share/rosidl_adapter/cmake)
[0.899s] -- Found OpenSSL: /usr/lib/x86_64-linux-gnu/libcrypto.so (found version "1.1.1f")  
[0.936s] -- Found FastRTPS: /opt/ros/galactic/include  
[1.030s] -- Using all available rosidl_typesupport_cpp: rosidl_typesupport_fastrtps_cpp;rosidl_typesupport_introspection_cpp
[1.099s] -- Found rmw_implementation_cmake: 3.3.1 (/opt/ros/galactic/share/rmw_implementation_cmake/cmake)
[1.106s] -- Found rmw_cyclonedds_cpp: 0.22.3 (/opt/ros/galactic/share/rmw_cyclonedds_cpp/cmake)
[1.132s] -- Using RMW implementation 'rmw_cyclonedds_cpp' as default
[1.133s] -- Looking for pthread.h
[1.242s] -- Looking for pthread.h - found
[1.242s] -- Performing Test CMAKE_HAVE_LIBC_PTHREAD
[1.327s] -- Performing Test CMAKE_HAVE_LIBC_PTHREAD - Failed
[1.327s] -- Looking for pthread_create in pthreads
[1.395s] -- Looking for pthread_create in pthreads - not found
[1.395s] -- Looking for pthread_create in pthread
[1.482s] -- Looking for pthread_create in pthread - found
[1.484s] -- Found Threads: TRUE  
[1.638s] -- Found sensor_msgs: 2.2.3 (/opt/ros/galactic/share/sensor_msgs/cmake)
[1.761s] -- Checking for module 'eigen3'
[1.782s] --   Found eigen3, version 3.3.7
[1.840s] -- Found Eigen: /usr/include/eigen3 (Required is at least version "3.1") 
[1.841s] -- Eigen found (include: /usr/include/eigen3, version: 3.3.7)
[1.967s] -- Found Boost: /usr/include (found suitable version "1.71.0", minimum required is "1.55.0") found components: system filesystem date_time iostreams regex 
[1.984s] -- Checking for module 'flann'
[2.005s] --   Found flann, version 1.9.1
[2.064s] -- Found FLANN: /usr/lib/x86_64-linux-gnu/libflann_cpp.so  
[2.122s] -- The imported target "vtkParseOGLExt" references the file
[2.122s]    "/usr/bin/vtkParseOGLExt-7.1"
[2.122s] but this file does not exist.  Possible reasons include:
[2.122s] * The file was deleted, renamed, or moved to another location.
[2.122s] * An install or uninstall procedure did not complete successfully.
[2.122s] * The installation package was faulty and contained
[2.123s]    "/usr/lib/cmake/vtk-7.1/VTKTargets.cmake"
[2.123s] but not all the files it references.
[2.123s] 
[2.123s] -- The imported target "vtkRenderingPythonTkWidgets" references the file
[2.123s]    "/usr/lib/x86_64-linux-gnu/libvtkRenderingPythonTkWidgets.so"
[2.123s] but this file does not exist.  Possible reasons include:
[2.123s] * The file was deleted, renamed, or moved to another location.
[2.123s] * An install or uninstall procedure did not complete successfully.
[2.123s] * The installation package was faulty and contained
[2.123s]    "/usr/lib/cmake/vtk-7.1/VTKTargets.cmake"
[2.123s] but not all the files it references.
[2.123s] 
[2.124s] -- The imported target "vtk" references the file
[2.124s]    "/usr/bin/vtk"
[2.124s] but this file does not exist.  Possible reasons include:
[2.124s] * The file was deleted, renamed, or moved to another location.
[2.124s] * An install or uninstall procedure did not complete successfully.
[2.124s] * The installation package was faulty and contained
[2.124s]    "/usr/lib/cmake/vtk-7.1/VTKTargets.cmake"
[2.124s] but not all the files it references.
[2.124s] 
[2.124s] -- The imported target "pvtk" references the file
[2.124s]    "/usr/bin/pvtk"
[2.124s] but this file does not exist.  Possible reasons include:
[2.124s] * The file was deleted, renamed, or moved to another location.
[2.125s] * An install or uninstall procedure did not complete successfully.
[2.125s] * The installation package was faulty and contained
[2.125s]    "/usr/lib/cmake/vtk-7.1/VTKTargets.cmake"
[2.125s] but not all the files it references.
[2.125s] 
[2.143s] -- Checking for module 'libusb-1.0'
[2.146s] --   No package 'libusb-1.0' found
[2.152s] -- Could NOT find USB_10 (missing: USB_10_LIBRARY USB_10_INCLUDE_DIR) 
[2.152s] -- OpenNI disabled because libusb-1.0 not found.
[2.152s] ** WARNING ** io features related to openni will be disabled
[2.157s] -- Checking for module 'libusb-1.0'
[2.160s] --   No package 'libusb-1.0' found
[2.164s] -- Could NOT find USB_10 (missing: USB_10_LIBRARY USB_10_INCLUDE_DIR) 
[2.164s] -- OpenNI 2 disabled because libusb-1.0 not found.
[2.164s] ** WARNING ** io features related to openni2 will be disabled
[2.164s] ** WARNING ** io features related to pcap will be disabled
[2.164s] ** WARNING ** io features related to png will be disabled
[2.179s] -- LIBUSB_1_LIBRARY (missing: LIBUSB_1_INCLUDE_DIR) 
[2.179s] ** WARNING ** io features related to libusb-1.0 will be disabled
[2.184s] -- Checking for module 'libusb-1.0'
[2.187s] --   No package 'libusb-1.0' found
[2.191s] -- Could NOT find USB_10 (missing: USB_10_LIBRARY USB_10_INCLUDE_DIR) 
[2.191s] -- OpenNI disabled because libusb-1.0 not found.
[2.191s] ** WARNING ** visualization features related to openni will be disabled
[2.196s] -- Checking for module 'libusb-1.0'
[2.199s] --   No package 'libusb-1.0' found
[2.204s] -- Could NOT find USB_10 (missing: USB_10_LIBRARY USB_10_INCLUDE_DIR) 
[2.204s] -- OpenNI 2 disabled because libusb-1.0 not found.
[2.204s] ** WARNING ** visualization features related to openni2 will be disabled
[2.251s] -- Found Qhull: optimized;/usr/lib/x86_64-linux-gnu/libqhull.so;debug;/usr/lib/x86_64-linux-gnu/libqhull.so  
[2.252s] -- QHULL found (include: /usr/include, lib: optimized;/usr/lib/x86_64-linux-gnu/libqhull.so;debug;/usr/lib/x86_64-linux-gnu/libqhull.so)
[2.256s] -- Checking for module 'libusb-1.0'
[2.259s] --   No package 'libusb-1.0' found
[2.264s] -- Could NOT find USB_10 (missing: USB_10_LIBRARY USB_10_INCLUDE_DIR) 
[2.264s] -- OpenNI disabled because libusb-1.0 not found.
[2.264s] ** WARNING ** apps features related to openni will be disabled
[2.277s] -- looking for PCL_COMMON
[2.278s] -- Found PCL_COMMON: /usr/lib/x86_64-linux-gnu/libpcl_common.so  
[2.279s] -- looking for PCL_KDTREE
[2.282s] -- Found PCL_KDTREE: /usr/lib/x86_64-linux-gnu/libpcl_kdtree.so  
[2.282s] -- looking for PCL_OCTREE
[2.283s] -- Found PCL_OCTREE: /usr/lib/x86_64-linux-gnu/libpcl_octree.so  
[2.284s] -- looking for PCL_SEARCH
[2.285s] -- Found PCL_SEARCH: /usr/lib/x86_64-linux-gnu/libpcl_search.so  
[2.285s] -- looking for PCL_SAMPLE_CONSENSUS
[2.286s] -- Found PCL_SAMPLE_CONSENSUS: /usr/lib/x86_64-linux-gnu/libpcl_sample_consensus.so  
[2.286s] -- looking for PCL_FILTERS
[2.287s] -- Found PCL_FILTERS: /usr/lib/x86_64-linux-gnu/libpcl_filters.so  
[2.288s] -- looking for PCL_2D
[2.288s] -- Found PCL_2D: /usr/include/pcl-1.10  
[2.288s] -- looking for PCL_GEOMETRY
[2.288s] -- Found PCL_GEOMETRY: /usr/include/pcl-1.10  
[2.289s] -- looking for PCL_IO
[2.290s] -- Found PCL_IO: /usr/lib/x86_64-linux-gnu/libpcl_io.so  
[2.290s] -- looking for PCL_FEATURES
[2.291s] -- Found PCL_FEATURES: /usr/lib/x86_64-linux-gnu/libpcl_features.so  
[2.291s] -- looking for PCL_ML
[2.292s] -- Found PCL_ML: /usr/lib/x86_64-linux-gnu/libpcl_ml.so  
[2.293s] -- looking for PCL_SEGMENTATION
[2.294s] -- Found PCL_SEGMENTATION: /usr/lib/x86_64-linux-gnu/libpcl_segmentation.so  
[2.294s] -- looking for PCL_VISUALIZATION
[2.295s] -- Found PCL_VISUALIZATION: /usr/lib/x86_64-linux-gnu/libpcl_visualization.so  
[2.296s] -- looking for PCL_SURFACE
[2.296s] -- Found PCL_SURFACE: /usr/lib/x86_64-linux-gnu/libpcl_surface.so  
[2.297s] -- looking for PCL_REGISTRATION
[2.298s] -- Found PCL_REGISTRATION: /usr/lib/x86_64-linux-gnu/libpcl_registration.so  
[2.298s] -- looking for PCL_KEYPOINTS
[2.299s] -- Found PCL_KEYPOINTS: /usr/lib/x86_64-linux-gnu/libpcl_keypoints.so  
[2.300s] -- looking for PCL_TRACKING
[2.301s] -- Found PCL_TRACKING: /usr/lib/x86_64-linux-gnu/libpcl_tracking.so  
[2.301s] -- looking for PCL_RECOGNITION
[2.302s] -- Found PCL_RECOGNITION: /usr/lib/x86_64-linux-gnu/libpcl_recognition.so  
[2.303s] -- looking for PCL_STEREO
[2.304s] -- Found PCL_STEREO: /usr/lib/x86_64-linux-gnu/libpcl_stereo.so  
[2.304s] -- looking for PCL_APPS
[2.305s] -- Found PCL_APPS: /usr/lib/x86_64-linux-gnu/libpcl_apps.so  
[2.306s] -- looking for PCL_IN_HAND_SCANNER
[2.307s] -- Found PCL_IN_HAND_SCANNER: /usr/include/pcl-1.10  
[2.307s] -- looking for PCL_POINT_CLOUD_EDITOR
[2.344s] -- Found PCL_POINT_CLOUD_EDITOR: /usr/include/pcl-1.10  
[2.344s] -- looking for PCL_OUTOFCORE
[2.345s] -- Found PCL_OUTOFCORE: /usr/lib/x86_64-linux-gnu/libpcl_outofcore.so  
[2.346s] -- looking for PCL_PEOPLE
[2.347s] -- Found PCL_PEOPLE: /usr/lib/x86_64-linux-gnu/libpcl_people.so  
[2.348s] -- Found PCL: pcl_common;pcl_kdtree;pcl_octree;pcl_search;pcl_sample_consensus;pcl_filters;pcl_io;pcl_features;pcl_ml;pcl_segmentation;pcl_visualization;pcl_surface;pcl_registration;pcl_keypoints;pcl_tracking;pcl_recognition;pcl_stereo;pcl_apps;pcl_outofcore;pcl_people;/usr/lib/x86_64-linux-gnu/libboost_system.so;/usr/lib/x86_64-linux-gnu/libboost_filesystem.so;/usr/lib/x86_64-linux-gnu/libboost_date_time.so;/usr/lib/x86_64-linux-gnu/libboost_iostreams.so;/usr/lib/x86_64-linux-gnu/libboost_regex.so;optimized;/usr/lib/x86_64-linux-gnu/libqhull.so;debug;/usr/lib/x86_64-linux-gnu/libqhull.so;vtkChartsCore;vtkCommonColor;vtkCommonCore;vtksys;vtkCommonDataModel;vtkCommonMath;vtkCommonMisc;vtkCommonSystem;vtkCommonTransforms;vtkCommonExecutionModel;vtkFiltersGeneral;vtkCommonComputationalGeometry;vtkFiltersCore;vtkInfovisCore;vtkFiltersExtraction;vtkFiltersStatistics;vtkImagingFourier;vtkImagingCore;vtkalglib;vtkRenderingContext2D;vtkRenderingCore;vtkFiltersGeometry;vtkFiltersSources;vtkRenderingFreeType;/usr/lib/x86_64-linux-gnu/libfreetype.so;/usr/lib/x86_64-linux-gnu/libz.so;vtkFiltersModeling;vtkImagingSources;vtkInteractionStyle;vtkInteractionWidgets;vtkFiltersHybrid;vtkImagingColor;vtkImagingGeneral;vtkImagingHybrid;vtkIOImage;vtkDICOMParser;vtkmetaio;/usr/lib/x86_64-linux-gnu/libjpeg.so;/usr/lib/x86_64-linux-gnu/libpng.so;/usr/lib/x86_64-linux-gnu/libtiff.so;vtkRenderingAnnotation;vtkRenderingVolume;vtkIOXML;vtkIOCore;vtkIOXMLParser;/usr/lib/x86_64-linux-gnu/libexpat.so;vtkIOGeometry;vtkIOLegacy;vtkIOPLY;vtkRenderingLOD;vtkViewsContext2D;vtkViewsCore;vtkRenderingContextOpenGL2;vtkRenderingOpenGL2;FLANN::FLANN  
[2.349s] -- Found custom: 0.0.0 (/home/student/lidar-ws/install/custom/share/custom/cmake)
[2.377s] -- Found ament_lint_auto: 0.10.6 (/opt/ros/galactic/share/ament_lint_auto/cmake)
[2.477s] -- Added test 'copyright' to check source files copyright and LICENSE
[2.478s] -- Added test 'cppcheck' to perform static code analysis on C / C++ code
[2.478s] -- Configured cppcheck include dirs: /home/student/lidar-ws/src/lidar_cpp/include
[2.479s] -- Configured cppcheck exclude dirs and/or files: 
[2.479s] -- Added test 'cpplint' to check C / C++ code against the Google style
[2.480s] -- Configured cpplint exclude dirs and/or files: 
[2.480s] -- Added test 'lint_cmake' to check CMake code style
[2.481s] -- Added test 'uncrustify' to check C / C++ code style
[2.482s] -- Configured uncrustify additional arguments: 
[2.482s] -- Added test 'xmllint' to check XML markup files
[2.486s] -- Configuring done
[2.505s] -- Generating done
[2.507s] -- Build files have been written to: /home/student/lidar-ws/build/lidar_cpp
[2.523s] Invoked command in '/home/student/lidar-ws/build/lidar_cpp' returned '0': CMAKE_PREFIX_PATH=${CMAKE_PREFIX_PATH}:/home/student/ws/install/py_ctrl:/home/student/ws/install/case_scenes:/home/student/ia_ws/install/viz_static:/home/student/ia_ws/install/viz_interactive:/home/student/ia_ws/install/ur_setup:/home/student/ia_ws/install/tf_lookup:/home/student/ia_ws/install/tf_broadcast:/home/student/ia_ws/install/tf_scene:/home/student/ia_ws/install/gui_tools:/home/student/ia_ws/install/aruco_handler:/opt/ros/galactic /usr/bin/cmake /home/student/lidar-ws/src/lidar_cpp -DCMAKE_INSTALL_PREFIX=/home/student/lidar-ws/install/lidar_cpp
[2.527s] Invoking command in '/home/student/lidar-ws/build/lidar_cpp': CMAKE_PREFIX_PATH=${CMAKE_PREFIX_PATH}:/home/student/ws/install/py_ctrl:/home/student/ws/install/case_scenes:/home/student/ia_ws/install/viz_static:/home/student/ia_ws/install/viz_interactive:/home/student/ia_ws/install/ur_setup:/home/student/ia_ws/install/tf_lookup:/home/student/ia_ws/install/tf_broadcast:/home/student/ia_ws/install/tf_scene:/home/student/ia_ws/install/gui_tools:/home/student/ia_ws/install/aruco_handler:/opt/ros/galactic /usr/bin/cmake --build /home/student/lidar-ws/build/lidar_cpp -- -j8 -l8
[2.575s] [35m[1mScanning dependencies of target lidar[0m
[2.575s] [35m[1mScanning dependencies of target lidar_server[0m
[2.709s] [ 25%] [32mBuilding CXX object CMakeFiles/lidar_server.dir/src/lidar_server.cpp.o[0m
[2.710s] [ 50%] [32mBuilding CXX object CMakeFiles/lidar.dir/src/lidar_publisher.cpp.o[0m
[8.343s] [01m[K/home/student/lidar-ws/src/lidar_cpp/src/lidar_server.cpp:37:41:[m[K [01;31m[Kerror: [m[Kâ€˜[01m[Klidar_cpp[m[Kâ€™ was not declared in this scope
[8.343s]    37 | void take_picture(const std::shared_ptr<[01;31m[Klidar_cpp[m[K::srv::LidarService::Request> request, const std::shared_ptr<lidar_cpp::srv::LidarService::Response> response)
[8.343s]       |                                         [01;31m[K^~~~~~~~~[m[K
[8.343s] [01m[K/home/student/lidar-ws/src/lidar_cpp/src/lidar_server.cpp:37:78:[m[K [01;31m[Kerror: [m[Ktemplate argument 1 is invalid
[8.343s]    37 | void take_picture(const std::shared_ptr<lidar_cpp::srv::LidarService::Request[01;31m[K>[m[K request, const std::shared_ptr<lidar_cpp::srv::LidarService::Response> response)
[8.343s]       |                                                                              [01;31m[K^[m[K
[8.347s] [01m[K/home/student/lidar-ws/src/lidar_cpp/src/lidar_server.cpp:37:41:[m[K [01;31m[Kerror: [m[Kâ€˜[01m[Klidar_cpp[m[Kâ€™ was not declared in this scope
[8.348s]    37 | void take_picture(const std::shared_ptr<[01;31m[Klidar_cpp[m[K::srv::LidarService::Request> request, const std::shared_ptr<lidar_cpp::srv::LidarService::Response> response)
[8.348s]       |                                         [01;31m[K^~~~~~~~~[m[K
[8.348s] [01m[K/home/student/lidar-ws/src/lidar_cpp/src/lidar_server.cpp:37:78:[m[K [01;31m[Kerror: [m[Ktemplate argument 1 is invalid
[8.348s]    37 | void take_picture(const std::shared_ptr<lidar_cpp::srv::LidarService::Request[01;31m[K>[m[K request, const std::shared_ptr<lidar_cpp::srv::LidarService::Response> response)
[8.348s]       |                                                                              [01;31m[K^[m[K
[8.353s] [01m[K/home/student/lidar-ws/src/lidar_cpp/src/lidar_server.cpp:37:41:[m[K [01;31m[Kerror: [m[Kâ€˜[01m[Klidar_cpp[m[Kâ€™ was not declared in this scope
[8.353s]    37 | void take_picture(const std::shared_ptr<[01;31m[Klidar_cpp[m[K::srv::LidarService::Request> request, const std::shared_ptr<lidar_cpp::srv::LidarService::Response> response)
[8.354s]       |                                         [01;31m[K^~~~~~~~~[m[K
[8.354s] [01m[K/home/student/lidar-ws/src/lidar_cpp/src/lidar_server.cpp:37:78:[m[K [01;31m[Kerror: [m[Ktemplate argument 1 is invalid
[8.354s]    37 | void take_picture(const std::shared_ptr<lidar_cpp::srv::LidarService::Request[01;31m[K>[m[K request, const std::shared_ptr<lidar_cpp::srv::LidarService::Response> response)
[8.354s]       |                                                                              [01;31m[K^[m[K
[8.359s] [01m[K/home/student/lidar-ws/src/lidar_cpp/src/lidar_server.cpp:37:41:[m[K [01;31m[Kerror: [m[Kâ€˜[01m[Klidar_cpp[m[Kâ€™ was not declared in this scope
[8.359s]    37 | void take_picture(const std::shared_ptr<[01;31m[Klidar_cpp[m[K::srv::LidarService::Request> request, const std::shared_ptr<lidar_cpp::srv::LidarService::Response> response)
[8.359s]       |                                         [01;31m[K^~~~~~~~~[m[K
[8.359s] [01m[K/home/student/lidar-ws/src/lidar_cpp/src/lidar_server.cpp:37:78:[m[K [01;31m[Kerror: [m[Ktemplate argument 1 is invalid
[8.359s]    37 | void take_picture(const std::shared_ptr<lidar_cpp::srv::LidarService::Request[01;31m[K>[m[K request, const std::shared_ptr<lidar_cpp::srv::LidarService::Response> response)
[8.359s]       |                                                                              [01;31m[K^[m[K
[8.359s] [01m[K/home/student/lidar-ws/src/lidar_cpp/src/lidar_server.cpp:37:25:[m[K [01;31m[Kerror: [m[Kinvalid template-id
[8.359s]    37 | void take_picture(const [01;31m[Kstd[m[K::shared_ptr<lidar_cpp::srv::LidarService::Request> request, const std::shared_ptr<lidar_cpp::srv::LidarService::Response> response)
[8.359s]       |                         [01;31m[K^~~[m[K
[8.364s] [01m[K/home/student/lidar-ws/src/lidar_cpp/src/lidar_server.cpp:37:41:[m[K [01;31m[Kerror: [m[Kâ€˜[01m[Klidar_cpp[m[Kâ€™ was not declared in this scope
[8.364s]    37 | void take_picture(const std::shared_ptr<[01;31m[Klidar_cpp[m[K::srv::LidarService::Request> request, const std::shared_ptr<lidar_cpp::srv::LidarService::Response> response)
[8.364s]       |                                         [01;31m[K^~~~~~~~~[m[K
[8.364s] [01m[K/home/student/lidar-ws/src/lidar_cpp/src/lidar_server.cpp:37:78:[m[K [01;31m[Kerror: [m[Kvariable or field â€˜[01m[Ktake_picture[m[Kâ€™ declared void
[8.364s]    37 | void take_picture(const std::shared_ptr<lidar_cpp::srv::LidarService::Request[01;31m[K>[m[K request, const std::shared_ptr<lidar_cpp::srv::LidarService::Response> response)
[8.364s]       |                                                                              [01;31m[K^[m[K
[8.365s] [01m[K/home/student/lidar-ws/src/lidar_cpp/src/lidar_server.cpp:37:19:[m[K [01;31m[Kerror: [m[Kexpected primary-expression before â€˜[01m[Kconst[m[Kâ€™
[8.365s]    37 | void take_picture([01;31m[Kconst[m[K std::shared_ptr<lidar_cpp::srv::LidarService::Request> request, const std::shared_ptr<lidar_cpp::srv::LidarService::Response> response)
[8.365s]       |                   [01;31m[K^~~~~[m[K
[8.365s] [01m[K/home/student/lidar-ws/src/lidar_cpp/src/lidar_server.cpp:37:89:[m[K [01;31m[Kerror: [m[Kexpected primary-expression before â€˜[01m[Kconst[m[Kâ€™
[8.365s]    37 | void take_picture(const std::shared_ptr<lidar_cpp::srv::LidarService::Request> request, [01;31m[Kconst[m[K std::shared_ptr<lidar_cpp::srv::LidarService::Response> response)
[8.365s]       |                                                                                         [01;31m[K^~~~~[m[K
[8.369s] [01m[K/home/student/lidar-ws/src/lidar_cpp/src/lidar_server.cpp:[m[K In function â€˜[01m[Kint main(int, char**)[m[Kâ€™:
[8.369s] [01m[K/home/student/lidar-ws/src/lidar_cpp/src/lidar_server.cpp:78:21:[m[K [01;31m[Kerror: [m[Kâ€˜[01m[Klidar_cpp[m[Kâ€™ was not declared in this scope
[8.369s]    78 |     rclcpp::Service<[01;31m[Klidar_cpp[m[K::srv::LidarService>::SharedPtr service =
[8.370s]       |                     [01;31m[K^~~~~~~~~[m[K
[8.370s] [01m[K/home/student/lidar-ws/src/lidar_cpp/src/lidar_server.cpp:78:49:[m[K [01;31m[Kerror: [m[Ktemplate argument 1 is invalid
[8.370s]    78 |     rclcpp::Service<lidar_cpp::srv::LidarService[01;31m[K>[m[K::SharedPtr service =
[8.371s]       |                                                 [01;31m[K^[m[K
[8.371s] [01m[K/home/student/lidar-ws/src/lidar_cpp/src/lidar_server.cpp:78:62:[m[K [01;31m[Kerror: [m[Kqualified-id in declaration before â€˜[01m[Kservice[m[Kâ€™
[8.371s]    78 |     rclcpp::Service<lidar_cpp::srv::LidarService>::SharedPtr [01;31m[Kservice[m[K =
[8.371s]       |                                                              [01;31m[K^~~~~~~[m[K
[9.554s] make[2]: *** [CMakeFiles/lidar_server.dir/build.make:63: CMakeFiles/lidar_server.dir/src/lidar_server.cpp.o] Error 1
[9.555s] make[1]: *** [CMakeFiles/Makefile2:80: CMakeFiles/lidar_server.dir/all] Error 2
[9.555s] make[1]: *** Waiting for unfinished jobs....
[11.482s] [ 75%] [32m[1mLinking CXX executable lidar[0m
[11.876s] [ 75%] Built target lidar
[11.877s] make: *** [Makefile:141: all] Error 2
[11.879s] Invoked command in '/home/student/lidar-ws/build/lidar_cpp' returned '2': CMAKE_PREFIX_PATH=${CMAKE_PREFIX_PATH}:/home/student/ws/install/py_ctrl:/home/student/ws/install/case_scenes:/home/student/ia_ws/install/viz_static:/home/student/ia_ws/install/viz_interactive:/home/student/ia_ws/install/ur_setup:/home/student/ia_ws/install/tf_lookup:/home/student/ia_ws/install/tf_broadcast:/home/student/ia_ws/install/tf_scene:/home/student/ia_ws/install/gui_tools:/home/student/ia_ws/install/aruco_handler:/opt/ros/galactic /usr/bin/cmake --build /home/student/lidar-ws/build/lidar_cpp -- -j8 -l8
