[0.018s] Invoking command in '/home/student/lidar-ws/build/lidar_cpp': CMAKE_PREFIX_PATH=${CMAKE_PREFIX_PATH}:/home/student/ws/install/py_ctrl:/home/student/ws/install/case_scenes:/home/student/ia_ws/install/viz_static:/home/student/ia_ws/install/viz_interactive:/home/student/ia_ws/install/ur_setup:/home/student/ia_ws/install/tf_lookup:/home/student/ia_ws/install/tf_broadcast:/home/student/ia_ws/install/tf_scene:/home/student/ia_ws/install/gui_tools:/home/student/ia_ws/install/aruco_handler:/opt/ros/galactic /usr/bin/cmake --build /home/student/lidar-ws/build/lidar_cpp -- -j8 -l8
[0.060s] -- Found ament_cmake: 1.1.4 (/opt/ros/galactic/share/ament_cmake/cmake)
[0.092s] -- Found PythonInterp: /usr/bin/python3 (found suitable version "3.8.10", minimum required is "3") 
[0.092s] -- Using PYTHON_EXECUTABLE: /usr/bin/python3
[0.180s] -- Found rclcpp: 9.2.0 (/opt/ros/galactic/share/rclcpp/cmake)
[0.226s] -- Using all available rosidl_typesupport_c: rosidl_typesupport_fastrtps_c;rosidl_typesupport_introspection_c
[0.231s] -- Found rosidl_adapter: 2.2.1 (/opt/ros/galactic/share/rosidl_adapter/cmake)
[0.371s] -- Using all available rosidl_typesupport_cpp: rosidl_typesupport_fastrtps_cpp;rosidl_typesupport_introspection_cpp
[0.425s] -- Found rmw_implementation_cmake: 3.3.1 (/opt/ros/galactic/share/rmw_implementation_cmake/cmake)
[0.429s] -- Found rmw_cyclonedds_cpp: 0.22.3 (/opt/ros/galactic/share/rmw_cyclonedds_cpp/cmake)
[0.451s] -- Using RMW implementation 'rmw_cyclonedds_cpp' as default
[0.591s] -- Found sensor_msgs: 2.2.3 (/opt/ros/galactic/share/sensor_msgs/cmake)
[0.750s] -- Eigen found (include: /usr/include/eigen3, version: 3.3.7)
[0.851s] -- The imported target "vtkParseOGLExt" references the file
[0.851s]    "/usr/bin/vtkParseOGLExt-7.1"
[0.852s] but this file does not exist.  Possible reasons include:
[0.852s] * The file was deleted, renamed, or moved to another location.
[0.852s] * An install or uninstall procedure did not complete successfully.
[0.852s] * The installation package was faulty and contained
[0.852s]    "/usr/lib/cmake/vtk-7.1/VTKTargets.cmake"
[0.852s] but not all the files it references.
[0.852s] 
[0.852s] -- The imported target "vtkRenderingPythonTkWidgets" references the file
[0.853s]    "/usr/lib/x86_64-linux-gnu/libvtkRenderingPythonTkWidgets.so"
[0.853s] but this file does not exist.  Possible reasons include:
[0.853s] * The file was deleted, renamed, or moved to another location.
[0.853s] * An install or uninstall procedure did not complete successfully.
[0.853s] * The installation package was faulty and contained
[0.853s]    "/usr/lib/cmake/vtk-7.1/VTKTargets.cmake"
[0.853s] but not all the files it references.
[0.853s] 
[0.853s] -- The imported target "vtk" references the file
[0.853s]    "/usr/bin/vtk"
[0.853s] but this file does not exist.  Possible reasons include:
[0.854s] * The file was deleted, renamed, or moved to another location.
[0.854s] * An install or uninstall procedure did not complete successfully.
[0.854s] * The installation package was faulty and contained
[0.854s]    "/usr/lib/cmake/vtk-7.1/VTKTargets.cmake"
[0.854s] but not all the files it references.
[0.854s] 
[0.854s] -- The imported target "pvtk" references the file
[0.854s]    "/usr/bin/pvtk"
[0.854s] but this file does not exist.  Possible reasons include:
[0.854s] * The file was deleted, renamed, or moved to another location.
[0.854s] * An install or uninstall procedure did not complete successfully.
[0.854s] * The installation package was faulty and contained
[0.854s]    "/usr/lib/cmake/vtk-7.1/VTKTargets.cmake"
[0.854s] but not all the files it references.
[0.855s] 
[0.872s] -- Checking for module 'libusb-1.0'
[0.875s] --   No package 'libusb-1.0' found
[0.880s] -- Could NOT find USB_10 (missing: USB_10_LIBRARY USB_10_INCLUDE_DIR) 
[0.881s] -- OpenNI disabled because libusb-1.0 not found.
[0.881s] ** WARNING ** io features related to openni will be disabled
[0.885s] -- Checking for module 'libusb-1.0'
[0.888s] --   No package 'libusb-1.0' found
[0.893s] -- Could NOT find USB_10 (missing: USB_10_LIBRARY USB_10_INCLUDE_DIR) 
[0.893s] -- OpenNI 2 disabled because libusb-1.0 not found.
[0.893s] ** WARNING ** io features related to openni2 will be disabled
[0.893s] ** WARNING ** io features related to pcap will be disabled
[0.893s] ** WARNING ** io features related to png will be disabled
[0.910s] -- LIBUSB_1_LIBRARY (missing: LIBUSB_1_INCLUDE_DIR) 
[0.910s] ** WARNING ** io features related to libusb-1.0 will be disabled
[0.916s] -- Checking for module 'libusb-1.0'
[0.920s] --   No package 'libusb-1.0' found
[0.926s] -- Could NOT find USB_10 (missing: USB_10_LIBRARY USB_10_INCLUDE_DIR) 
[0.926s] -- OpenNI disabled because libusb-1.0 not found.
[0.926s] ** WARNING ** visualization features related to openni will be disabled
[0.932s] -- Checking for module 'libusb-1.0'
[0.937s] --   No package 'libusb-1.0' found
[0.942s] -- Could NOT find USB_10 (missing: USB_10_LIBRARY USB_10_INCLUDE_DIR) 
[0.942s] -- OpenNI 2 disabled because libusb-1.0 not found.
[0.942s] ** WARNING ** visualization features related to openni2 will be disabled
[0.958s] -- QHULL found (include: /usr/include, lib: optimized;/usr/lib/x86_64-linux-gnu/libqhull.so;debug;/usr/lib/x86_64-linux-gnu/libqhull.so)
[0.964s] -- Checking for module 'libusb-1.0'
[0.967s] --   No package 'libusb-1.0' found
[0.972s] -- Could NOT find USB_10 (missing: USB_10_LIBRARY USB_10_INCLUDE_DIR) 
[0.972s] -- OpenNI disabled because libusb-1.0 not found.
[0.972s] ** WARNING ** apps features related to openni will be disabled
[0.984s] -- looking for PCL_COMMON
[0.985s] -- looking for PCL_KDTREE
[0.985s] -- looking for PCL_OCTREE
[0.986s] -- looking for PCL_SEARCH
[0.986s] -- looking for PCL_SAMPLE_CONSENSUS
[0.987s] -- looking for PCL_FILTERS
[0.987s] -- looking for PCL_2D
[0.988s] -- looking for PCL_GEOMETRY
[0.988s] -- looking for PCL_IO
[0.989s] -- looking for PCL_FEATURES
[0.990s] -- looking for PCL_ML
[0.990s] -- looking for PCL_SEGMENTATION
[0.991s] -- looking for PCL_VISUALIZATION
[0.992s] -- looking for PCL_SURFACE
[0.992s] -- looking for PCL_REGISTRATION
[0.993s] -- looking for PCL_KEYPOINTS
[0.994s] -- looking for PCL_TRACKING
[0.994s] -- looking for PCL_RECOGNITION
[0.995s] -- looking for PCL_STEREO
[0.996s] -- looking for PCL_APPS
[0.997s] -- looking for PCL_IN_HAND_SCANNER
[0.997s] -- looking for PCL_POINT_CLOUD_EDITOR
[0.998s] -- looking for PCL_OUTOFCORE
[0.998s] -- looking for PCL_PEOPLE
[1.000s] -- Found rosidl_default_generators: 1.1.1 (/opt/ros/galactic/share/rosidl_default_generators/cmake)
[1.049s] -- Found PythonInterp: /usr/bin/python3 (found version "3.8.10") 
[1.272s] -- Found ament_cmake_ros: 0.9.2 (/opt/ros/galactic/share/ament_cmake_ros/cmake)
[1.630s] -- Using all available rosidl_typesupport_c: rosidl_typesupport_fastrtps_c;rosidl_typesupport_introspection_c
[1.801s] -- Using all available rosidl_typesupport_cpp: rosidl_typesupport_fastrtps_cpp;rosidl_typesupport_introspection_cpp
[1.842s] -- Found PythonInterp: /usr/bin/python3 (found suitable version "3.8.10", minimum required is "3.5") 
[1.842s] -- Found python_cmake_module: 0.8.1 (/opt/ros/galactic/share/python_cmake_module/cmake)
[1.874s] -- Using PYTHON_EXECUTABLE: /usr/bin/python3
[1.874s] -- Using PYTHON_INCLUDE_DIRS: /usr/include/python3.8
[1.874s] -- Using PYTHON_LIBRARIES: /usr/lib/x86_64-linux-gnu/libpython3.8.so
[2.001s] -- Found ament_lint_auto: 0.10.6 (/opt/ros/galactic/share/ament_lint_auto/cmake)
[2.014s] -- Added test 'copyright' to check source files copyright and LICENSE
[2.015s] -- Added test 'cppcheck' to perform static code analysis on C / C++ code
[2.018s] -- Configured cppcheck include dirs: 
[2.018s] -- Configured cppcheck exclude dirs and/or files: 
[2.018s] -- Added test 'cpplint' to check C / C++ code against the Google style
[2.019s] -- Configured cpplint exclude dirs and/or files: 
[2.019s] -- Added test 'lint_cmake' to check CMake code style
[2.020s] -- Added test 'uncrustify' to check C / C++ code style
[2.020s] -- Configured uncrustify additional arguments: 
[2.021s] -- Added test 'xmllint' to check XML markup files
[2.027s] -- Configuring done
[2.166s] -- Generating done
[2.171s] -- Build files have been written to: /home/student/lidar-ws/build/lidar_cpp
[2.224s] [  5%] Built target lidar_cpp__cpp
[2.224s] [ 11%] Built target lidar_cpp__rosidl_generator_c
[2.241s] [ 14%] [32m[1mLinking CXX executable lidar_server[0m
[2.253s] [ 20%] Built target lidar
[2.261s] [ 37%] Built target lidar_cpp__rosidl_typesupport_c
[2.261s] [ 37%] Built target lidar_cpp__rosidl_typesupport_cpp
[2.265s] [ 45%] Built target lidar_cpp__rosidl_typesupport_introspection_cpp
[2.268s] [ 54%] Built target lidar_cpp__rosidl_typesupport_fastrtps_cpp
[2.270s] [ 62%] Built target lidar_cpp__rosidl_typesupport_introspection_c
[2.298s] [ 71%] Built target lidar_cpp__rosidl_typesupport_fastrtps_c
[2.325s] [ 71%] Built target lidar_cpp
[2.359s] [ 74%] Built target lidar_cpp__py
[2.387s] [ 80%] Built target lidar_cpp__python
[2.419s] [ 91%] Built target lidar_cpp__rosidl_typesupport_introspection_c__pyext
[2.420s] [ 91%] Built target lidar_cpp__rosidl_typesupport_fastrtps_c__pyext
[2.420s] [ 97%] Built target lidar_cpp__rosidl_typesupport_c__pyext
[2.977s] /usr/bin/ld: CMakeFiles/lidar_server.dir/src/lidar_server.cpp.o: in function `rclcpp::Service<lidar_cpp::srv::LidarService>::Service(std::shared_ptr<rcl_node_t>, std::__cxx11::basic_string<char, std::char_traits<char>, std::allocator<char> > const&, rclcpp::AnyServiceCallback<lidar_cpp::srv::LidarService>, rcl_service_options_t&)':
[2.978s] lidar_server.cpp:(.text._ZN6rclcpp7ServiceIN9lidar_cpp3srv12LidarServiceEEC2ESt10shared_ptrI10rcl_node_tERKNSt7__cxx1112basic_stringIcSt11char_traitsIcESaIcEEENS_18AnyServiceCallbackIS3_EER21rcl_service_options_t[_ZN6rclcpp7ServiceIN9lidar_cpp3srv12LidarServiceEEC5ESt10shared_ptrI10rcl_node_tERKNSt7__cxx1112basic_stringIcSt11char_traitsIcESaIcEEENS_18AnyServiceCallbackIS3_EER21rcl_service_options_t]+0xb4): undefined reference to `rosidl_service_type_support_t const* rosidl_typesupport_cpp::get_service_type_support_handle<lidar_cpp::srv::LidarService>()'
[2.978s] collect2: error: ld returned 1 exit status
[2.979s] make[2]: *** [CMakeFiles/lidar_server.dir/build.make:241: lidar_server] Error 1
[2.979s] make[1]: *** [CMakeFiles/Makefile2:125: CMakeFiles/lidar_server.dir/all] Error 2
[2.979s] make: *** [Makefile:141: all] Error 2
[2.983s] Invoked command in '/home/student/lidar-ws/build/lidar_cpp' returned '2': CMAKE_PREFIX_PATH=${CMAKE_PREFIX_PATH}:/home/student/ws/install/py_ctrl:/home/student/ws/install/case_scenes:/home/student/ia_ws/install/viz_static:/home/student/ia_ws/install/viz_interactive:/home/student/ia_ws/install/ur_setup:/home/student/ia_ws/install/tf_lookup:/home/student/ia_ws/install/tf_broadcast:/home/student/ia_ws/install/tf_scene:/home/student/ia_ws/install/gui_tools:/home/student/ia_ws/install/aruco_handler:/opt/ros/galactic /usr/bin/cmake --build /home/student/lidar-ws/build/lidar_cpp -- -j8 -l8
