[0.019s] Invoking command in '/home/student/lidar-ws/build/lidar_cpp': CMAKE_PREFIX_PATH=${CMAKE_PREFIX_PATH}:/home/student/ws/install/py_ctrl:/home/student/ws/install/case_scenes:/home/student/ia_ws/install/viz_static:/home/student/ia_ws/install/viz_interactive:/home/student/ia_ws/install/ur_setup:/home/student/ia_ws/install/tf_lookup:/home/student/ia_ws/install/tf_broadcast:/home/student/ia_ws/install/tf_scene:/home/student/ia_ws/install/gui_tools:/home/student/ia_ws/install/aruco_handler:/opt/ros/galactic /usr/bin/cmake --build /home/student/lidar-ws/build/lidar_cpp -- -j8 -l8
[0.060s] -- Found ament_cmake: 1.1.4 (/opt/ros/galactic/share/ament_cmake/cmake)
[0.091s] -- Found PythonInterp: /usr/bin/python3 (found suitable version "3.8.10", minimum required is "3") 
[0.091s] -- Using PYTHON_EXECUTABLE: /usr/bin/python3
[0.175s] -- Found rclcpp: 9.2.0 (/opt/ros/galactic/share/rclcpp/cmake)
[0.220s] -- Using all available rosidl_typesupport_c: rosidl_typesupport_fastrtps_c;rosidl_typesupport_introspection_c
[0.225s] -- Found rosidl_adapter: 2.2.1 (/opt/ros/galactic/share/rosidl_adapter/cmake)
[0.359s] -- Using all available rosidl_typesupport_cpp: rosidl_typesupport_fastrtps_cpp;rosidl_typesupport_introspection_cpp
[0.410s] -- Found rmw_implementation_cmake: 3.3.1 (/opt/ros/galactic/share/rmw_implementation_cmake/cmake)
[0.413s] -- Found rmw_cyclonedds_cpp: 0.22.3 (/opt/ros/galactic/share/rmw_cyclonedds_cpp/cmake)
[0.438s] -- Using RMW implementation 'rmw_cyclonedds_cpp' as default
[0.573s] -- Found sensor_msgs: 2.2.3 (/opt/ros/galactic/share/sensor_msgs/cmake)
[0.715s] -- Eigen found (include: /usr/include/eigen3, version: 3.3.7)
[0.812s] -- The imported target "vtkParseOGLExt" references the file
[0.812s]    "/usr/bin/vtkParseOGLExt-7.1"
[0.812s] but this file does not exist.  Possible reasons include:
[0.812s] * The file was deleted, renamed, or moved to another location.
[0.812s] * An install or uninstall procedure did not complete successfully.
[0.812s] * The installation package was faulty and contained
[0.812s]    "/usr/lib/cmake/vtk-7.1/VTKTargets.cmake"
[0.813s] but not all the files it references.
[0.813s] 
[0.813s] -- The imported target "vtkRenderingPythonTkWidgets" references the file
[0.813s]    "/usr/lib/x86_64-linux-gnu/libvtkRenderingPythonTkWidgets.so"
[0.813s] but this file does not exist.  Possible reasons include:
[0.813s] * The file was deleted, renamed, or moved to another location.
[0.813s] * An install or uninstall procedure did not complete successfully.
[0.813s] * The installation package was faulty and contained
[0.813s]    "/usr/lib/cmake/vtk-7.1/VTKTargets.cmake"
[0.813s] but not all the files it references.
[0.813s] 
[0.814s] -- The imported target "vtk" references the file
[0.814s]    "/usr/bin/vtk"
[0.814s] but this file does not exist.  Possible reasons include:
[0.814s] * The file was deleted, renamed, or moved to another location.
[0.814s] * An install or uninstall procedure did not complete successfully.
[0.814s] * The installation package was faulty and contained
[0.814s]    "/usr/lib/cmake/vtk-7.1/VTKTargets.cmake"
[0.814s] but not all the files it references.
[0.814s] 
[0.814s] -- The imported target "pvtk" references the file
[0.814s]    "/usr/bin/pvtk"
[0.814s] but this file does not exist.  Possible reasons include:
[0.814s] * The file was deleted, renamed, or moved to another location.
[0.815s] * An install or uninstall procedure did not complete successfully.
[0.815s] * The installation package was faulty and contained
[0.815s]    "/usr/lib/cmake/vtk-7.1/VTKTargets.cmake"
[0.815s] but not all the files it references.
[0.815s] 
[0.837s] -- Checking for module 'libusb-1.0'
[0.841s] --   No package 'libusb-1.0' found
[0.847s] -- Could NOT find USB_10 (missing: USB_10_LIBRARY USB_10_INCLUDE_DIR) 
[0.847s] -- OpenNI disabled because libusb-1.0 not found.
[0.848s] ** WARNING ** io features related to openni will be disabled
[0.853s] -- Checking for module 'libusb-1.0'
[0.857s] --   No package 'libusb-1.0' found
[0.861s] -- Could NOT find USB_10 (missing: USB_10_LIBRARY USB_10_INCLUDE_DIR) 
[0.861s] -- OpenNI 2 disabled because libusb-1.0 not found.
[0.861s] ** WARNING ** io features related to openni2 will be disabled
[0.861s] ** WARNING ** io features related to pcap will be disabled
[0.862s] ** WARNING ** io features related to png will be disabled
[0.877s] -- LIBUSB_1_LIBRARY (missing: LIBUSB_1_INCLUDE_DIR) 
[0.877s] ** WARNING ** io features related to libusb-1.0 will be disabled
[0.882s] -- Checking for module 'libusb-1.0'
[0.885s] --   No package 'libusb-1.0' found
[0.890s] -- Could NOT find USB_10 (missing: USB_10_LIBRARY USB_10_INCLUDE_DIR) 
[0.890s] -- OpenNI disabled because libusb-1.0 not found.
[0.891s] ** WARNING ** visualization features related to openni will be disabled
[0.895s] -- Checking for module 'libusb-1.0'
[0.898s] --   No package 'libusb-1.0' found
[0.903s] -- Could NOT find USB_10 (missing: USB_10_LIBRARY USB_10_INCLUDE_DIR) 
[0.903s] -- OpenNI 2 disabled because libusb-1.0 not found.
[0.903s] ** WARNING ** visualization features related to openni2 will be disabled
[0.922s] -- QHULL found (include: /usr/include, lib: optimized;/usr/lib/x86_64-linux-gnu/libqhull.so;debug;/usr/lib/x86_64-linux-gnu/libqhull.so)
[0.928s] -- Checking for module 'libusb-1.0'
[0.932s] --   No package 'libusb-1.0' found
[0.938s] -- Could NOT find USB_10 (missing: USB_10_LIBRARY USB_10_INCLUDE_DIR) 
[0.938s] -- OpenNI disabled because libusb-1.0 not found.
[0.938s] ** WARNING ** apps features related to openni will be disabled
[0.951s] -- looking for PCL_COMMON
[0.951s] -- looking for PCL_KDTREE
[0.952s] -- looking for PCL_OCTREE
[0.953s] -- looking for PCL_SEARCH
[0.953s] -- looking for PCL_SAMPLE_CONSENSUS
[0.954s] -- looking for PCL_FILTERS
[0.955s] -- looking for PCL_2D
[0.955s] -- looking for PCL_GEOMETRY
[0.956s] -- looking for PCL_IO
[0.956s] -- looking for PCL_FEATURES
[0.957s] -- looking for PCL_ML
[0.958s] -- looking for PCL_SEGMENTATION
[0.958s] -- looking for PCL_VISUALIZATION
[0.959s] -- looking for PCL_SURFACE
[0.960s] -- looking for PCL_REGISTRATION
[0.960s] -- looking for PCL_KEYPOINTS
[0.961s] -- looking for PCL_TRACKING
[0.962s] -- looking for PCL_RECOGNITION
[0.963s] -- looking for PCL_STEREO
[0.963s] -- looking for PCL_APPS
[0.964s] -- looking for PCL_IN_HAND_SCANNER
[0.965s] -- looking for PCL_POINT_CLOUD_EDITOR
[0.965s] -- looking for PCL_OUTOFCORE
[0.966s] -- looking for PCL_PEOPLE
[0.968s] -- Found rosidl_default_generators: 1.1.1 (/opt/ros/galactic/share/rosidl_default_generators/cmake)
[0.980s] -- Found std_srvs: 2.2.3 (/opt/ros/galactic/share/std_srvs/cmake)
[1.019s] -- Found PythonInterp: /usr/bin/python3 (found version "3.8.10") 
[1.160s] -- Found ament_cmake_ros: 0.9.2 (/opt/ros/galactic/share/ament_cmake_ros/cmake)
[1.273s] -- Using all available rosidl_typesupport_c: rosidl_typesupport_fastrtps_c;rosidl_typesupport_introspection_c
[1.282s] -- Using all available rosidl_typesupport_cpp: rosidl_typesupport_fastrtps_cpp;rosidl_typesupport_introspection_cpp
[1.309s] -- Found PythonInterp: /usr/bin/python3 (found suitable version "3.8.10", minimum required is "3.5") 
[1.310s] -- Found python_cmake_module: 0.8.1 (/opt/ros/galactic/share/python_cmake_module/cmake)
[1.344s] -- Using PYTHON_EXECUTABLE: /usr/bin/python3
[1.344s] -- Using PYTHON_INCLUDE_DIRS: /usr/include/python3.8
[1.345s] -- Using PYTHON_LIBRARIES: /usr/lib/x86_64-linux-gnu/libpython3.8.so
[1.384s] -- Found ament_lint_auto: 0.10.6 (/opt/ros/galactic/share/ament_lint_auto/cmake)
[1.394s] -- Added test 'copyright' to check source files copyright and LICENSE
[1.395s] -- Added test 'cppcheck' to perform static code analysis on C / C++ code
[1.396s] -- Configured cppcheck include dirs: 
[1.396s] -- Configured cppcheck exclude dirs and/or files: 
[1.397s] -- Added test 'cpplint' to check C / C++ code against the Google style
[1.397s] -- Configured cpplint exclude dirs and/or files: 
[1.398s] -- Added test 'lint_cmake' to check CMake code style
[1.399s] -- Added test 'uncrustify' to check C / C++ code style
[1.399s] -- Configured uncrustify additional arguments: 
[1.399s] -- Added test 'xmllint' to check XML markup files
[1.404s] -- Configuring done
[1.501s] -- Generating done
[1.506s] -- Build files have been written to: /home/student/lidar-ws/build/lidar_cpp
[1.549s] [  2%] [34m[1mGenerating C code for ROS interfaces[0m
[1.561s] [  5%] [34m[1mGenerating C++ code for ROS interfaces[0m
[1.575s] [ 11%] Built target lidar
[1.577s] [ 14%] [32m[1mLinking CXX executable lidar_server[0m
[1.845s] [ 14%] Built target lidar_cpp__cpp
[1.858s] [ 20%] [34m[1mGenerating C++ introspection for ROS interfaces[0m
[1.858s] [ 20%] [34m[1mGenerating C++ type support dispatch for ROS interfaces[0m
[1.860s] [35m[1mScanning dependencies of target lidar_cpp__rosidl_generator_c[0m
[1.861s] [ 22%] [34m[1mGenerating C++ type support for eProsima Fast-RTPS[0m
[1.874s] [ 25%] [32mBuilding C object CMakeFiles/lidar_cpp__rosidl_generator_c.dir/rosidl_generator_c/lidar_cpp/srv/detail/lidar_service__functions.c.o[0m
[1.979s] [ 28%] [32m[1mLinking C shared library liblidar_cpp__rosidl_generator_c.so[0m
[2.018s] [ 28%] Built target lidar_cpp__rosidl_generator_c
[2.034s] [ 31%] [34m[1mGenerating C type support dispatch for ROS interfaces[0m
[2.037s] [ 34%] [34m[1mGenerating C introspection for ROS interfaces[0m
[2.172s] [35m[1mScanning dependencies of target lidar_cpp__rosidl_typesupport_fastrtps_cpp[0m
[2.243s] [ 37%] [32mBuilding CXX object CMakeFiles/lidar_cpp__rosidl_typesupport_fastrtps_cpp.dir/rosidl_typesupport_fastrtps_cpp/lidar_cpp/srv/detail/dds_fastrtps/lidar_service__type_support.cpp.o[0m
[2.247s] [35m[1mScanning dependencies of target lidar_cpp__rosidl_typesupport_cpp[0m
[2.261s] [35m[1mScanning dependencies of target lidar_cpp__rosidl_typesupport_introspection_cpp[0m
[2.293s] [ 42%] [32mBuilding CXX object CMakeFiles/lidar_cpp__rosidl_typesupport_introspection_cpp.dir/rosidl_typesupport_introspection_cpp/lidar_cpp/srv/detail/lidar_service__type_support.cpp.o[0m
[2.293s] [ 42%] [32mBuilding CXX object CMakeFiles/lidar_cpp__rosidl_typesupport_cpp.dir/rosidl_typesupport_cpp/lidar_cpp/srv/lidar_service__type_support.cpp.o[0m
[2.416s] [35m[1mScanning dependencies of target lidar_cpp__rosidl_typesupport_introspection_c[0m
[2.429s] [35m[1mScanning dependencies of target lidar_cpp__rosidl_typesupport_c[0m
[2.439s] [ 45%] [32mBuilding C object CMakeFiles/lidar_cpp__rosidl_typesupport_introspection_c.dir/rosidl_typesupport_introspection_c/lidar_cpp/srv/detail/lidar_service__type_support.c.o[0m
[2.454s] [ 48%] [32mBuilding CXX object CMakeFiles/lidar_cpp__rosidl_typesupport_c.dir/rosidl_typesupport_c/lidar_cpp/srv/lidar_service__type_support.cpp.o[0m
[2.483s] [ 51%] [32m[1mLinking C shared library liblidar_cpp__rosidl_typesupport_introspection_c.so[0m
[2.506s] [ 54%] [32m[1mLinking CXX shared library liblidar_cpp__rosidl_typesupport_c.so[0m
[2.527s] [ 54%] Built target lidar_cpp__rosidl_typesupport_introspection_c
[2.532s] /usr/bin/ld: CMakeFiles/lidar_server.dir/src/lidar_server.cpp.o: in function `rclcpp::Service<lidar_cpp::srv::LidarService>::Service(std::shared_ptr<rcl_node_t>, std::__cxx11::basic_string<char, std::char_traits<char>, std::allocator<char> > const&, rclcpp::AnyServiceCallback<lidar_cpp::srv::LidarService>, rcl_service_options_t&)':
[2.532s] lidar_server.cpp:(.text._ZN6rclcpp7ServiceIN9lidar_cpp3srv12LidarServiceEEC2ESt10shared_ptrI10rcl_node_tERKNSt7__cxx1112basic_stringIcSt11char_traitsIcESaIcEEENS_18AnyServiceCallbackIS3_EER21rcl_service_options_t[_ZN6rclcpp7ServiceIN9lidar_cpp3srv12LidarServiceEEC5ESt10shared_ptrI10rcl_node_tERKNSt7__cxx1112basic_stringIcSt11char_traitsIcESaIcEEENS_18AnyServiceCallbackIS3_EER21rcl_service_options_t]+0xb4): undefined reference to `rosidl_service_type_support_t const* rosidl_typesupport_cpp::get_service_type_support_handle<lidar_cpp::srv::LidarService>()'
[2.532s] collect2: error: ld returned 1 exit status
[2.533s] make[2]: *** [CMakeFiles/lidar_server.dir/build.make:231: lidar_server] Error 1
[2.534s] make[1]: *** [CMakeFiles/Makefile2:125: CMakeFiles/lidar_server.dir/all] Error 2
[2.534s] make[1]: *** Waiting for unfinished jobs....
[2.568s] [ 54%] Built target lidar_cpp__rosidl_typesupport_c
[2.695s] [ 57%] [32m[1mLinking CXX shared library liblidar_cpp__rosidl_typesupport_cpp.so[0m
[2.721s] [ 60%] [32m[1mLinking CXX shared library liblidar_cpp__rosidl_typesupport_introspection_cpp.so[0m
[2.743s] [ 60%] Built target lidar_cpp__rosidl_typesupport_cpp
[2.796s] [ 60%] Built target lidar_cpp__rosidl_typesupport_introspection_cpp
[2.817s] [ 62%] [32m[1mLinking CXX shared library liblidar_cpp__rosidl_typesupport_fastrtps_cpp.so[0m
[2.911s] [ 62%] Built target lidar_cpp__rosidl_typesupport_fastrtps_cpp
[2.912s] make: *** [Makefile:141: all] Error 2
[2.914s] Invoked command in '/home/student/lidar-ws/build/lidar_cpp' returned '2': CMAKE_PREFIX_PATH=${CMAKE_PREFIX_PATH}:/home/student/ws/install/py_ctrl:/home/student/ws/install/case_scenes:/home/student/ia_ws/install/viz_static:/home/student/ia_ws/install/viz_interactive:/home/student/ia_ws/install/ur_setup:/home/student/ia_ws/install/tf_lookup:/home/student/ia_ws/install/tf_broadcast:/home/student/ia_ws/install/tf_scene:/home/student/ia_ws/install/gui_tools:/home/student/ia_ws/install/aruco_handler:/opt/ros/galactic /usr/bin/cmake --build /home/student/lidar-ws/build/lidar_cpp -- -j8 -l8
