[0.017s] Invoking command in '/home/student/lidar-ws/build/lidar_cpp': CMAKE_PREFIX_PATH=${CMAKE_PREFIX_PATH}:/home/student/ws/install/py_ctrl:/home/student/ws/install/case_scenes:/home/student/ia_ws/install/viz_static:/home/student/ia_ws/install/viz_interactive:/home/student/ia_ws/install/ur_setup:/home/student/ia_ws/install/tf_lookup:/home/student/ia_ws/install/tf_broadcast:/home/student/ia_ws/install/tf_scene:/home/student/ia_ws/install/gui_tools:/home/student/ia_ws/install/aruco_handler:/opt/ros/galactic /usr/bin/cmake --build /home/student/lidar-ws/build/lidar_cpp -- -j8 -l8
[0.061s] -- Found ament_cmake: 1.1.4 (/opt/ros/galactic/share/ament_cmake/cmake)
[0.090s] -- Found PythonInterp: /usr/bin/python3 (found suitable version "3.8.10", minimum required is "3") 
[0.090s] -- Using PYTHON_EXECUTABLE: /usr/bin/python3
[0.177s] -- Found rclcpp: 9.2.0 (/opt/ros/galactic/share/rclcpp/cmake)
[0.224s] -- Using all available rosidl_typesupport_c: rosidl_typesupport_fastrtps_c;rosidl_typesupport_introspection_c
[0.228s] -- Found rosidl_adapter: 2.2.1 (/opt/ros/galactic/share/rosidl_adapter/cmake)
[0.362s] -- Using all available rosidl_typesupport_cpp: rosidl_typesupport_fastrtps_cpp;rosidl_typesupport_introspection_cpp
[0.413s] -- Found rmw_implementation_cmake: 3.3.1 (/opt/ros/galactic/share/rmw_implementation_cmake/cmake)
[0.416s] -- Found rmw_cyclonedds_cpp: 0.22.3 (/opt/ros/galactic/share/rmw_cyclonedds_cpp/cmake)
[0.442s] -- Using RMW implementation 'rmw_cyclonedds_cpp' as default
[0.576s] -- Found sensor_msgs: 2.2.3 (/opt/ros/galactic/share/sensor_msgs/cmake)
[0.702s] -- Eigen found (include: /usr/include/eigen3, version: 3.3.7)
[0.808s] -- The imported target "vtkParseOGLExt" references the file
[0.808s]    "/usr/bin/vtkParseOGLExt-7.1"
[0.808s] but this file does not exist.  Possible reasons include:
[0.808s] * The file was deleted, renamed, or moved to another location.
[0.808s] * An install or uninstall procedure did not complete successfully.
[0.808s] * The installation package was faulty and contained
[0.808s]    "/usr/lib/cmake/vtk-7.1/VTKTargets.cmake"
[0.808s] but not all the files it references.
[0.808s] 
[0.809s] -- The imported target "vtkRenderingPythonTkWidgets" references the file
[0.809s]    "/usr/lib/x86_64-linux-gnu/libvtkRenderingPythonTkWidgets.so"
[0.809s] but this file does not exist.  Possible reasons include:
[0.809s] * The file was deleted, renamed, or moved to another location.
[0.809s] * An install or uninstall procedure did not complete successfully.
[0.809s] * The installation package was faulty and contained
[0.809s]    "/usr/lib/cmake/vtk-7.1/VTKTargets.cmake"
[0.809s] but not all the files it references.
[0.809s] 
[0.809s] -- The imported target "vtk" references the file
[0.810s]    "/usr/bin/vtk"
[0.810s] but this file does not exist.  Possible reasons include:
[0.810s] * The file was deleted, renamed, or moved to another location.
[0.810s] * An install or uninstall procedure did not complete successfully.
[0.810s] * The installation package was faulty and contained
[0.810s]    "/usr/lib/cmake/vtk-7.1/VTKTargets.cmake"
[0.810s] but not all the files it references.
[0.810s] 
[0.810s] -- The imported target "pvtk" references the file
[0.810s]    "/usr/bin/pvtk"
[0.810s] but this file does not exist.  Possible reasons include:
[0.810s] * The file was deleted, renamed, or moved to another location.
[0.810s] * An install or uninstall procedure did not complete successfully.
[0.811s] * The installation package was faulty and contained
[0.811s]    "/usr/lib/cmake/vtk-7.1/VTKTargets.cmake"
[0.811s] but not all the files it references.
[0.811s] 
[0.833s] -- Checking for module 'libusb-1.0'
[0.836s] --   No package 'libusb-1.0' found
[0.842s] -- Could NOT find USB_10 (missing: USB_10_LIBRARY USB_10_INCLUDE_DIR) 
[0.843s] -- OpenNI disabled because libusb-1.0 not found.
[0.843s] ** WARNING ** io features related to openni will be disabled
[0.849s] -- Checking for module 'libusb-1.0'
[0.854s] --   No package 'libusb-1.0' found
[0.858s] -- Could NOT find USB_10 (missing: USB_10_LIBRARY USB_10_INCLUDE_DIR) 
[0.858s] -- OpenNI 2 disabled because libusb-1.0 not found.
[0.858s] ** WARNING ** io features related to openni2 will be disabled
[0.858s] ** WARNING ** io features related to pcap will be disabled
[0.859s] ** WARNING ** io features related to png will be disabled
[0.874s] -- LIBUSB_1_LIBRARY (missing: LIBUSB_1_INCLUDE_DIR) 
[0.874s] ** WARNING ** io features related to libusb-1.0 will be disabled
[0.878s] -- Checking for module 'libusb-1.0'
[0.881s] --   No package 'libusb-1.0' found
[0.886s] -- Could NOT find USB_10 (missing: USB_10_LIBRARY USB_10_INCLUDE_DIR) 
[0.886s] -- OpenNI disabled because libusb-1.0 not found.
[0.886s] ** WARNING ** visualization features related to openni will be disabled
[0.891s] -- Checking for module 'libusb-1.0'
[0.894s] --   No package 'libusb-1.0' found
[0.899s] -- Could NOT find USB_10 (missing: USB_10_LIBRARY USB_10_INCLUDE_DIR) 
[0.899s] -- OpenNI 2 disabled because libusb-1.0 not found.
[0.899s] ** WARNING ** visualization features related to openni2 will be disabled
[0.912s] -- QHULL found (include: /usr/include, lib: optimized;/usr/lib/x86_64-linux-gnu/libqhull.so;debug;/usr/lib/x86_64-linux-gnu/libqhull.so)
[0.918s] -- Checking for module 'libusb-1.0'
[0.921s] --   No package 'libusb-1.0' found
[0.928s] -- Could NOT find USB_10 (missing: USB_10_LIBRARY USB_10_INCLUDE_DIR) 
[0.928s] -- OpenNI disabled because libusb-1.0 not found.
[0.928s] ** WARNING ** apps features related to openni will be disabled
[0.945s] -- looking for PCL_COMMON
[0.946s] -- looking for PCL_KDTREE
[0.947s] -- looking for PCL_OCTREE
[0.947s] -- looking for PCL_SEARCH
[0.948s] -- looking for PCL_SAMPLE_CONSENSUS
[0.949s] -- looking for PCL_FILTERS
[0.949s] -- looking for PCL_2D
[0.950s] -- looking for PCL_GEOMETRY
[0.950s] -- looking for PCL_IO
[0.951s] -- looking for PCL_FEATURES
[0.952s] -- looking for PCL_ML
[0.953s] -- looking for PCL_SEGMENTATION
[0.954s] -- looking for PCL_VISUALIZATION
[0.955s] -- looking for PCL_SURFACE
[0.956s] -- looking for PCL_REGISTRATION
[0.957s] -- looking for PCL_KEYPOINTS
[0.957s] -- looking for PCL_TRACKING
[0.958s] -- looking for PCL_RECOGNITION
[0.959s] -- looking for PCL_STEREO
[0.959s] -- looking for PCL_APPS
[0.960s] -- looking for PCL_IN_HAND_SCANNER
[0.961s] -- looking for PCL_POINT_CLOUD_EDITOR
[0.961s] -- looking for PCL_OUTOFCORE
[0.962s] -- looking for PCL_PEOPLE
[0.964s] -- Found rosidl_default_generators: 1.1.1 (/opt/ros/galactic/share/rosidl_default_generators/cmake)
[0.976s] -- Found std_srvs: 2.2.3 (/opt/ros/galactic/share/std_srvs/cmake)
[1.011s] -- Found PythonInterp: /usr/bin/python3 (found version "3.8.10") 
[1.161s] -- Found ament_cmake_ros: 0.9.2 (/opt/ros/galactic/share/ament_cmake_ros/cmake)
[1.274s] -- Using all available rosidl_typesupport_c: rosidl_typesupport_fastrtps_c;rosidl_typesupport_introspection_c
[1.282s] -- Using all available rosidl_typesupport_cpp: rosidl_typesupport_fastrtps_cpp;rosidl_typesupport_introspection_cpp
[1.310s] -- Found PythonInterp: /usr/bin/python3 (found suitable version "3.8.10", minimum required is "3.5") 
[1.310s] -- Found python_cmake_module: 0.8.1 (/opt/ros/galactic/share/python_cmake_module/cmake)
[1.343s] -- Using PYTHON_EXECUTABLE: /usr/bin/python3
[1.343s] -- Using PYTHON_INCLUDE_DIRS: /usr/include/python3.8
[1.344s] -- Using PYTHON_LIBRARIES: /usr/lib/x86_64-linux-gnu/libpython3.8.so
[1.388s] -- Found ament_lint_auto: 0.10.6 (/opt/ros/galactic/share/ament_lint_auto/cmake)
[1.398s] -- Added test 'copyright' to check source files copyright and LICENSE
[1.398s] -- Added test 'cppcheck' to perform static code analysis on C / C++ code
[1.400s] -- Configured cppcheck include dirs: 
[1.400s] -- Configured cppcheck exclude dirs and/or files: 
[1.401s] -- Added test 'cpplint' to check C / C++ code against the Google style
[1.401s] -- Configured cpplint exclude dirs and/or files: 
[1.401s] -- Added test 'lint_cmake' to check CMake code style
[1.402s] -- Added test 'uncrustify' to check C / C++ code style
[1.402s] -- Configured uncrustify additional arguments: 
[1.402s] -- Added test 'xmllint' to check XML markup files
[1.408s] -- Configuring done
[1.505s] -- Generating done
[1.513s] -- Build files have been written to: /home/student/lidar-ws/build/lidar_cpp
[1.567s] [  8%] Built target lidar_cpp__rosidl_generator_c
[1.567s] [ 11%] Built target lidar_cpp__cpp
[1.583s] [ 14%] [32m[1mLinking CXX executable lidar_server[0m
[1.583s] [ 20%] Built target lidar
[1.592s] [ 28%] Built target lidar_cpp__rosidl_typesupport_c
[1.593s] [ 45%] Built target lidar_cpp__rosidl_typesupport_introspection_cpp
[1.593s] [ 45%] Built target lidar_cpp__rosidl_typesupport_introspection_c
[1.610s] [ 54%] Built target lidar_cpp__rosidl_typesupport_cpp
[1.616s] [ 62%] Built target lidar_cpp__rosidl_typesupport_fastrtps_cpp
[1.651s] [ 71%] Built target lidar_cpp__rosidl_typesupport_fastrtps_c
[1.676s] [ 71%] Built target lidar_cpp
[1.702s] [ 74%] Built target lidar_cpp__py
[1.739s] [ 80%] Built target lidar_cpp__python
[1.773s] [ 85%] Built target lidar_cpp__rosidl_typesupport_c__pyext
[1.774s] [ 97%] Built target lidar_cpp__rosidl_typesupport_fastrtps_c__pyext
[1.774s] [ 97%] Built target lidar_cpp__rosidl_typesupport_introspection_c__pyext
[2.311s] /usr/bin/ld: CMakeFiles/lidar_server.dir/src/lidar_server.cpp.o: in function `rclcpp::Service<lidar_cpp::srv::LidarService>::Service(std::shared_ptr<rcl_node_t>, std::__cxx11::basic_string<char, std::char_traits<char>, std::allocator<char> > const&, rclcpp::AnyServiceCallback<lidar_cpp::srv::LidarService>, rcl_service_options_t&)':
[2.311s] lidar_server.cpp:(.text._ZN6rclcpp7ServiceIN9lidar_cpp3srv12LidarServiceEEC2ESt10shared_ptrI10rcl_node_tERKNSt7__cxx1112basic_stringIcSt11char_traitsIcESaIcEEENS_18AnyServiceCallbackIS3_EER21rcl_service_options_t[_ZN6rclcpp7ServiceIN9lidar_cpp3srv12LidarServiceEEC5ESt10shared_ptrI10rcl_node_tERKNSt7__cxx1112basic_stringIcSt11char_traitsIcESaIcEEENS_18AnyServiceCallbackIS3_EER21rcl_service_options_t]+0xb4): undefined reference to `rosidl_service_type_support_t const* rosidl_typesupport_cpp::get_service_type_support_handle<lidar_cpp::srv::LidarService>()'
[2.311s] collect2: error: ld returned 1 exit status
[2.312s] make[2]: *** [CMakeFiles/lidar_server.dir/build.make:231: lidar_server] Error 1
[2.313s] make[1]: *** [CMakeFiles/Makefile2:125: CMakeFiles/lidar_server.dir/all] Error 2
[2.313s] make: *** [Makefile:141: all] Error 2
[2.315s] Invoked command in '/home/student/lidar-ws/build/lidar_cpp' returned '2': CMAKE_PREFIX_PATH=${CMAKE_PREFIX_PATH}:/home/student/ws/install/py_ctrl:/home/student/ws/install/case_scenes:/home/student/ia_ws/install/viz_static:/home/student/ia_ws/install/viz_interactive:/home/student/ia_ws/install/ur_setup:/home/student/ia_ws/install/tf_lookup:/home/student/ia_ws/install/tf_broadcast:/home/student/ia_ws/install/tf_scene:/home/student/ia_ws/install/gui_tools:/home/student/ia_ws/install/aruco_handler:/opt/ros/galactic /usr/bin/cmake --build /home/student/lidar-ws/build/lidar_cpp -- -j8 -l8
