[0.021s] Invoking command in '/home/student/lidar-ws/build/lidar_cpp': CMAKE_PREFIX_PATH=${CMAKE_PREFIX_PATH}:/home/student/ws/install/py_ctrl:/home/student/ws/install/case_scenes:/home/student/ia_ws/install/viz_static:/home/student/ia_ws/install/viz_interactive:/home/student/ia_ws/install/ur_setup:/home/student/ia_ws/install/tf_lookup:/home/student/ia_ws/install/tf_broadcast:/home/student/ia_ws/install/tf_scene:/home/student/ia_ws/install/gui_tools:/home/student/ia_ws/install/aruco_handler:/opt/ros/galactic /usr/bin/cmake --build /home/student/lidar-ws/build/lidar_cpp -- -j8 -l8
[0.060s] -- Found ament_cmake: 1.1.4 (/opt/ros/galactic/share/ament_cmake/cmake)
[0.091s] -- Found PythonInterp: /usr/bin/python3 (found suitable version "3.8.10", minimum required is "3") 
[0.091s] -- Using PYTHON_EXECUTABLE: /usr/bin/python3
[0.174s] -- Found rclcpp: 9.2.0 (/opt/ros/galactic/share/rclcpp/cmake)
[0.221s] -- Using all available rosidl_typesupport_c: rosidl_typesupport_fastrtps_c;rosidl_typesupport_introspection_c
[0.226s] -- Found rosidl_adapter: 2.2.1 (/opt/ros/galactic/share/rosidl_adapter/cmake)
[0.360s] -- Using all available rosidl_typesupport_cpp: rosidl_typesupport_fastrtps_cpp;rosidl_typesupport_introspection_cpp
[0.412s] -- Found rmw_implementation_cmake: 3.3.1 (/opt/ros/galactic/share/rmw_implementation_cmake/cmake)
[0.415s] -- Found rmw_cyclonedds_cpp: 0.22.3 (/opt/ros/galactic/share/rmw_cyclonedds_cpp/cmake)
[0.439s] -- Using RMW implementation 'rmw_cyclonedds_cpp' as default
[0.584s] -- Found sensor_msgs: 2.2.3 (/opt/ros/galactic/share/sensor_msgs/cmake)
[0.712s] -- Eigen found (include: /usr/include/eigen3, version: 3.3.7)
[0.804s] -- The imported target "vtkParseOGLExt" references the file
[0.804s]    "/usr/bin/vtkParseOGLExt-7.1"
[0.804s] but this file does not exist.  Possible reasons include:
[0.804s] * The file was deleted, renamed, or moved to another location.
[0.804s] * An install or uninstall procedure did not complete successfully.
[0.804s] * The installation package was faulty and contained
[0.804s]    "/usr/lib/cmake/vtk-7.1/VTKTargets.cmake"
[0.804s] but not all the files it references.
[0.805s] 
[0.805s] -- The imported target "vtkRenderingPythonTkWidgets" references the file
[0.805s]    "/usr/lib/x86_64-linux-gnu/libvtkRenderingPythonTkWidgets.so"
[0.805s] but this file does not exist.  Possible reasons include:
[0.805s] * The file was deleted, renamed, or moved to another location.
[0.805s] * An install or uninstall procedure did not complete successfully.
[0.805s] * The installation package was faulty and contained
[0.805s]    "/usr/lib/cmake/vtk-7.1/VTKTargets.cmake"
[0.805s] but not all the files it references.
[0.805s] 
[0.805s] -- The imported target "vtk" references the file
[0.805s]    "/usr/bin/vtk"
[0.806s] but this file does not exist.  Possible reasons include:
[0.806s] * The file was deleted, renamed, or moved to another location.
[0.806s] * An install or uninstall procedure did not complete successfully.
[0.806s] * The installation package was faulty and contained
[0.806s]    "/usr/lib/cmake/vtk-7.1/VTKTargets.cmake"
[0.806s] but not all the files it references.
[0.806s] 
[0.806s] -- The imported target "pvtk" references the file
[0.806s]    "/usr/bin/pvtk"
[0.806s] but this file does not exist.  Possible reasons include:
[0.806s] * The file was deleted, renamed, or moved to another location.
[0.806s] * An install or uninstall procedure did not complete successfully.
[0.806s] * The installation package was faulty and contained
[0.806s]    "/usr/lib/cmake/vtk-7.1/VTKTargets.cmake"
[0.806s] but not all the files it references.
[0.806s] 
[0.827s] -- Checking for module 'libusb-1.0'
[0.832s] --   No package 'libusb-1.0' found
[0.837s] -- Could NOT find USB_10 (missing: USB_10_LIBRARY USB_10_INCLUDE_DIR) 
[0.838s] -- OpenNI disabled because libusb-1.0 not found.
[0.838s] ** WARNING ** io features related to openni will be disabled
[0.844s] -- Checking for module 'libusb-1.0'
[0.848s] --   No package 'libusb-1.0' found
[0.854s] -- Could NOT find USB_10 (missing: USB_10_LIBRARY USB_10_INCLUDE_DIR) 
[0.854s] -- OpenNI 2 disabled because libusb-1.0 not found.
[0.854s] ** WARNING ** io features related to openni2 will be disabled
[0.855s] ** WARNING ** io features related to pcap will be disabled
[0.855s] ** WARNING ** io features related to png will be disabled
[0.870s] -- LIBUSB_1_LIBRARY (missing: LIBUSB_1_INCLUDE_DIR) 
[0.870s] ** WARNING ** io features related to libusb-1.0 will be disabled
[0.875s] -- Checking for module 'libusb-1.0'
[0.878s] --   No package 'libusb-1.0' found
[0.882s] -- Could NOT find USB_10 (missing: USB_10_LIBRARY USB_10_INCLUDE_DIR) 
[0.883s] -- OpenNI disabled because libusb-1.0 not found.
[0.883s] ** WARNING ** visualization features related to openni will be disabled
[0.887s] -- Checking for module 'libusb-1.0'
[0.891s] --   No package 'libusb-1.0' found
[0.896s] -- Could NOT find USB_10 (missing: USB_10_LIBRARY USB_10_INCLUDE_DIR) 
[0.896s] -- OpenNI 2 disabled because libusb-1.0 not found.
[0.897s] ** WARNING ** visualization features related to openni2 will be disabled
[0.913s] -- QHULL found (include: /usr/include, lib: optimized;/usr/lib/x86_64-linux-gnu/libqhull.so;debug;/usr/lib/x86_64-linux-gnu/libqhull.so)
[0.918s] -- Checking for module 'libusb-1.0'
[0.923s] --   No package 'libusb-1.0' found
[0.928s] -- Could NOT find USB_10 (missing: USB_10_LIBRARY USB_10_INCLUDE_DIR) 
[0.928s] -- OpenNI disabled because libusb-1.0 not found.
[0.928s] ** WARNING ** apps features related to openni will be disabled
[0.944s] -- looking for PCL_COMMON
[0.945s] -- looking for PCL_KDTREE
[0.945s] -- looking for PCL_OCTREE
[0.946s] -- looking for PCL_SEARCH
[0.946s] -- looking for PCL_SAMPLE_CONSENSUS
[0.947s] -- looking for PCL_FILTERS
[0.948s] -- looking for PCL_2D
[0.948s] -- looking for PCL_GEOMETRY
[0.948s] -- looking for PCL_IO
[0.949s] -- looking for PCL_FEATURES
[0.950s] -- looking for PCL_ML
[0.950s] -- looking for PCL_SEGMENTATION
[0.951s] -- looking for PCL_VISUALIZATION
[0.952s] -- looking for PCL_SURFACE
[0.952s] -- looking for PCL_REGISTRATION
[0.953s] -- looking for PCL_KEYPOINTS
[0.954s] -- looking for PCL_TRACKING
[0.954s] -- looking for PCL_RECOGNITION
[0.955s] -- looking for PCL_STEREO
[0.956s] -- looking for PCL_APPS
[0.957s] -- looking for PCL_IN_HAND_SCANNER
[0.957s] -- looking for PCL_POINT_CLOUD_EDITOR
[0.958s] -- looking for PCL_OUTOFCORE
[0.959s] -- looking for PCL_PEOPLE
[0.961s] -- Found rosidl_default_generators: 1.1.1 (/opt/ros/galactic/share/rosidl_default_generators/cmake)
[0.999s] -- Found PythonInterp: /usr/bin/python3 (found version "3.8.10") 
[1.252s] -- Found ament_cmake_ros: 0.9.2 (/opt/ros/galactic/share/ament_cmake_ros/cmake)
[1.599s] -- Using all available rosidl_typesupport_c: rosidl_typesupport_fastrtps_c;rosidl_typesupport_introspection_c
[1.786s] -- Using all available rosidl_typesupport_cpp: rosidl_typesupport_fastrtps_cpp;rosidl_typesupport_introspection_cpp
[1.821s] -- Found PythonInterp: /usr/bin/python3 (found suitable version "3.8.10", minimum required is "3.5") 
[1.821s] -- Found python_cmake_module: 0.8.1 (/opt/ros/galactic/share/python_cmake_module/cmake)
[1.851s] -- Using PYTHON_EXECUTABLE: /usr/bin/python3
[1.851s] -- Using PYTHON_INCLUDE_DIRS: /usr/include/python3.8
[1.852s] -- Using PYTHON_LIBRARIES: /usr/lib/x86_64-linux-gnu/libpython3.8.so
[1.963s] -- Found ament_lint_auto: 0.10.6 (/opt/ros/galactic/share/ament_lint_auto/cmake)
[1.973s] -- Added test 'copyright' to check source files copyright and LICENSE
[1.974s] -- Added test 'cppcheck' to perform static code analysis on C / C++ code
[1.976s] -- Configured cppcheck include dirs: 
[1.976s] -- Configured cppcheck exclude dirs and/or files: 
[1.977s] -- Added test 'cpplint' to check C / C++ code against the Google style
[1.977s] -- Configured cpplint exclude dirs and/or files: 
[1.977s] -- Added test 'lint_cmake' to check CMake code style
[1.978s] -- Added test 'uncrustify' to check C / C++ code style
[1.978s] -- Configured uncrustify additional arguments: 
[1.978s] -- Added test 'xmllint' to check XML markup files
[1.983s] -- Configuring done
[2.171s] -- Generating done
[2.177s] -- Build files have been written to: /home/student/lidar-ws/build/lidar_cpp
[2.229s] [  2%] Built target lidar_cpp__cpp
[2.230s] [  5%] [32m[1mLinking C shared library liblidar_cpp__rosidl_generator_c.so[0m
[2.247s] [ 11%] Built target lidar
[2.249s] [ 14%] [32m[1mLinking CXX executable lidar_server[0m
[2.263s] [ 17%] [32m[1mLinking CXX shared library liblidar_cpp__rosidl_typesupport_introspection_cpp.so[0m
[2.265s] [ 20%] [32m[1mLinking CXX shared library liblidar_cpp__rosidl_typesupport_cpp.so[0m
[2.267s] [ 22%] [32m[1mLinking CXX shared library liblidar_cpp__rosidl_typesupport_fastrtps_cpp.so[0m
[2.278s] [ 28%] Built target lidar_cpp__rosidl_generator_c
[2.315s] [ 34%] Built target lidar_cpp__rosidl_typesupport_cpp
[2.317s] [ 40%] [32m[1mLinking C shared library liblidar_cpp__rosidl_typesupport_introspection_c.so[0m
[2.317s] [ 40%] [32m[1mLinking CXX shared library liblidar_cpp__rosidl_typesupport_c.so[0m
[2.371s] [ 45%] Built target lidar_cpp__rosidl_typesupport_introspection_c
[2.381s] [ 51%] Built target lidar_cpp__rosidl_typesupport_introspection_cpp
[2.386s] [ 57%] Built target lidar_cpp__rosidl_typesupport_c
[2.411s] [ 62%] Built target lidar_cpp__rosidl_typesupport_fastrtps_cpp
[2.428s] [ 65%] [34m[1mGenerating C type support for eProsima Fast-RTPS[0m
[2.690s] [35m[1mScanning dependencies of target lidar_cpp__rosidl_typesupport_fastrtps_c[0m
[2.710s] [ 68%] [32mBuilding CXX object CMakeFiles/lidar_cpp__rosidl_typesupport_fastrtps_c.dir/rosidl_typesupport_fastrtps_c/lidar_cpp/srv/detail/lidar_service__type_support_c.cpp.o[0m
[3.067s] /usr/bin/ld: CMakeFiles/lidar_server.dir/src/lidar_server.cpp.o: in function `rclcpp::Service<lidar_cpp::srv::LidarService>::Service(std::shared_ptr<rcl_node_t>, std::__cxx11::basic_string<char, std::char_traits<char>, std::allocator<char> > const&, rclcpp::AnyServiceCallback<lidar_cpp::srv::LidarService>, rcl_service_options_t&)':
[3.067s] lidar_server.cpp:(.text._ZN6rclcpp7ServiceIN9lidar_cpp3srv12LidarServiceEEC2ESt10shared_ptrI10rcl_node_tERKNSt7__cxx1112basic_stringIcSt11char_traitsIcESaIcEEENS_18AnyServiceCallbackIS3_EER21rcl_service_options_t[_ZN6rclcpp7ServiceIN9lidar_cpp3srv12LidarServiceEEC5ESt10shared_ptrI10rcl_node_tERKNSt7__cxx1112basic_stringIcSt11char_traitsIcESaIcEEENS_18AnyServiceCallbackIS3_EER21rcl_service_options_t]+0xb4): undefined reference to `rosidl_service_type_support_t const* rosidl_typesupport_cpp::get_service_type_support_handle<lidar_cpp::srv::LidarService>()'
[3.067s] collect2: error: ld returned 1 exit status
[3.069s] make[2]: *** [CMakeFiles/lidar_server.dir/build.make:231: lidar_server] Error 1
[3.069s] make[1]: *** [CMakeFiles/Makefile2:125: CMakeFiles/lidar_server.dir/all] Error 2
[3.069s] make[1]: *** Waiting for unfinished jobs....
[3.101s] [ 71%] [32m[1mLinking CXX shared library liblidar_cpp__rosidl_typesupport_fastrtps_c.so[0m
[3.207s] [ 71%] Built target lidar_cpp__rosidl_typesupport_fastrtps_c
[3.208s] make: *** [Makefile:141: all] Error 2
[3.211s] Invoked command in '/home/student/lidar-ws/build/lidar_cpp' returned '2': CMAKE_PREFIX_PATH=${CMAKE_PREFIX_PATH}:/home/student/ws/install/py_ctrl:/home/student/ws/install/case_scenes:/home/student/ia_ws/install/viz_static:/home/student/ia_ws/install/viz_interactive:/home/student/ia_ws/install/ur_setup:/home/student/ia_ws/install/tf_lookup:/home/student/ia_ws/install/tf_broadcast:/home/student/ia_ws/install/tf_scene:/home/student/ia_ws/install/gui_tools:/home/student/ia_ws/install/aruco_handler:/opt/ros/galactic /usr/bin/cmake --build /home/student/lidar-ws/build/lidar_cpp -- -j8 -l8
