[0.018s] Invoking command in '/home/student/lidar-ws/build/lidar_cpp': CMAKE_PREFIX_PATH=${CMAKE_PREFIX_PATH}:/home/student/ws/install/py_ctrl:/home/student/ws/install/case_scenes:/home/student/ia_ws/install/viz_static:/home/student/ia_ws/install/viz_interactive:/home/student/ia_ws/install/ur_setup:/home/student/ia_ws/install/tf_lookup:/home/student/ia_ws/install/tf_broadcast:/home/student/ia_ws/install/tf_scene:/home/student/ia_ws/install/gui_tools:/home/student/ia_ws/install/aruco_handler:/opt/ros/galactic /usr/bin/cmake --build /home/student/lidar-ws/build/lidar_cpp -- -j8 -l8
[0.059s] -- Found ament_cmake: 1.1.4 (/opt/ros/galactic/share/ament_cmake/cmake)
[0.090s] -- Found PythonInterp: /usr/bin/python3 (found suitable version "3.8.10", minimum required is "3") 
[0.091s] -- Using PYTHON_EXECUTABLE: /usr/bin/python3
[0.171s] -- Found rclcpp: 9.2.0 (/opt/ros/galactic/share/rclcpp/cmake)
[0.210s] -- Using all available rosidl_typesupport_c: rosidl_typesupport_fastrtps_c;rosidl_typesupport_introspection_c
[0.215s] -- Found rosidl_adapter: 2.2.1 (/opt/ros/galactic/share/rosidl_adapter/cmake)
[0.346s] -- Using all available rosidl_typesupport_cpp: rosidl_typesupport_fastrtps_cpp;rosidl_typesupport_introspection_cpp
[0.392s] -- Found rmw_implementation_cmake: 3.3.1 (/opt/ros/galactic/share/rmw_implementation_cmake/cmake)
[0.394s] -- Found rmw_cyclonedds_cpp: 0.22.3 (/opt/ros/galactic/share/rmw_cyclonedds_cpp/cmake)
[0.416s] -- Using RMW implementation 'rmw_cyclonedds_cpp' as default
[0.551s] -- Found sensor_msgs: 2.2.3 (/opt/ros/galactic/share/sensor_msgs/cmake)
[0.678s] -- Eigen found (include: /usr/include/eigen3, version: 3.3.7)
[0.771s] -- The imported target "vtkParseOGLExt" references the file
[0.771s]    "/usr/bin/vtkParseOGLExt-7.1"
[0.771s] but this file does not exist.  Possible reasons include:
[0.771s] * The file was deleted, renamed, or moved to another location.
[0.771s] * An install or uninstall procedure did not complete successfully.
[0.771s] * The installation package was faulty and contained
[0.771s]    "/usr/lib/cmake/vtk-7.1/VTKTargets.cmake"
[0.771s] but not all the files it references.
[0.771s] 
[0.772s] -- The imported target "vtkRenderingPythonTkWidgets" references the file
[0.772s]    "/usr/lib/x86_64-linux-gnu/libvtkRenderingPythonTkWidgets.so"
[0.772s] but this file does not exist.  Possible reasons include:
[0.772s] * The file was deleted, renamed, or moved to another location.
[0.772s] * An install or uninstall procedure did not complete successfully.
[0.772s] * The installation package was faulty and contained
[0.772s]    "/usr/lib/cmake/vtk-7.1/VTKTargets.cmake"
[0.772s] but not all the files it references.
[0.772s] 
[0.772s] -- The imported target "vtk" references the file
[0.772s]    "/usr/bin/vtk"
[0.772s] but this file does not exist.  Possible reasons include:
[0.773s] * The file was deleted, renamed, or moved to another location.
[0.773s] * An install or uninstall procedure did not complete successfully.
[0.773s] * The installation package was faulty and contained
[0.773s]    "/usr/lib/cmake/vtk-7.1/VTKTargets.cmake"
[0.773s] but not all the files it references.
[0.773s] 
[0.773s] -- The imported target "pvtk" references the file
[0.773s]    "/usr/bin/pvtk"
[0.773s] but this file does not exist.  Possible reasons include:
[0.773s] * The file was deleted, renamed, or moved to another location.
[0.773s] * An install or uninstall procedure did not complete successfully.
[0.773s] * The installation package was faulty and contained
[0.773s]    "/usr/lib/cmake/vtk-7.1/VTKTargets.cmake"
[0.773s] but not all the files it references.
[0.774s] 
[0.790s] -- Checking for module 'libusb-1.0'
[0.796s] --   No package 'libusb-1.0' found
[0.801s] -- Could NOT find USB_10 (missing: USB_10_LIBRARY USB_10_INCLUDE_DIR) 
[0.802s] -- OpenNI disabled because libusb-1.0 not found.
[0.802s] ** WARNING ** io features related to openni will be disabled
[0.808s] -- Checking for module 'libusb-1.0'
[0.812s] --   No package 'libusb-1.0' found
[0.818s] -- Could NOT find USB_10 (missing: USB_10_LIBRARY USB_10_INCLUDE_DIR) 
[0.818s] -- OpenNI 2 disabled because libusb-1.0 not found.
[0.819s] ** WARNING ** io features related to openni2 will be disabled
[0.819s] ** WARNING ** io features related to pcap will be disabled
[0.819s] ** WARNING ** io features related to png will be disabled
[0.837s] -- LIBUSB_1_LIBRARY (missing: LIBUSB_1_INCLUDE_DIR) 
[0.837s] ** WARNING ** io features related to libusb-1.0 will be disabled
[0.842s] -- Checking for module 'libusb-1.0'
[0.846s] --   No package 'libusb-1.0' found
[0.850s] -- Could NOT find USB_10 (missing: USB_10_LIBRARY USB_10_INCLUDE_DIR) 
[0.851s] -- OpenNI disabled because libusb-1.0 not found.
[0.851s] ** WARNING ** visualization features related to openni will be disabled
[0.856s] -- Checking for module 'libusb-1.0'
[0.859s] --   No package 'libusb-1.0' found
[0.864s] -- Could NOT find USB_10 (missing: USB_10_LIBRARY USB_10_INCLUDE_DIR) 
[0.864s] -- OpenNI 2 disabled because libusb-1.0 not found.
[0.864s] ** WARNING ** visualization features related to openni2 will be disabled
[0.877s] -- QHULL found (include: /usr/include, lib: optimized;/usr/lib/x86_64-linux-gnu/libqhull.so;debug;/usr/lib/x86_64-linux-gnu/libqhull.so)
[0.881s] -- Checking for module 'libusb-1.0'
[0.884s] --   No package 'libusb-1.0' found
[0.888s] -- Could NOT find USB_10 (missing: USB_10_LIBRARY USB_10_INCLUDE_DIR) 
[0.888s] -- OpenNI disabled because libusb-1.0 not found.
[0.888s] ** WARNING ** apps features related to openni will be disabled
[0.901s] -- looking for PCL_COMMON
[0.902s] -- looking for PCL_KDTREE
[0.902s] -- looking for PCL_OCTREE
[0.903s] -- looking for PCL_SEARCH
[0.903s] -- looking for PCL_SAMPLE_CONSENSUS
[0.904s] -- looking for PCL_FILTERS
[0.904s] -- looking for PCL_2D
[0.909s] -- looking for PCL_GEOMETRY
[0.909s] -- looking for PCL_IO
[0.909s] -- looking for PCL_FEATURES
[0.910s] -- looking for PCL_ML
[0.911s] -- looking for PCL_SEGMENTATION
[0.912s] -- looking for PCL_VISUALIZATION
[0.913s] -- looking for PCL_SURFACE
[0.913s] -- looking for PCL_REGISTRATION
[0.914s] -- looking for PCL_KEYPOINTS
[0.915s] -- looking for PCL_TRACKING
[0.916s] -- looking for PCL_RECOGNITION
[0.917s] -- looking for PCL_STEREO
[0.918s] -- looking for PCL_APPS
[0.919s] -- looking for PCL_IN_HAND_SCANNER
[0.920s] -- looking for PCL_POINT_CLOUD_EDITOR
[0.920s] -- looking for PCL_OUTOFCORE
[0.921s] -- looking for PCL_PEOPLE
[0.924s] -- Found rosidl_default_generators: 1.1.1 (/opt/ros/galactic/share/rosidl_default_generators/cmake)
[0.964s] -- Found PythonInterp: /usr/bin/python3 (found version "3.8.10") 
[1.099s] -- Found ament_cmake_ros: 0.9.2 (/opt/ros/galactic/share/ament_cmake_ros/cmake)
[1.213s] -- Using all available rosidl_typesupport_c: rosidl_typesupport_fastrtps_c;rosidl_typesupport_introspection_c
[1.225s] -- Using all available rosidl_typesupport_cpp: rosidl_typesupport_fastrtps_cpp;rosidl_typesupport_introspection_cpp
[1.254s] -- Found PythonInterp: /usr/bin/python3 (found suitable version "3.8.10", minimum required is "3.5") 
[1.255s] -- Found python_cmake_module: 0.8.1 (/opt/ros/galactic/share/python_cmake_module/cmake)
[1.280s] -- Using PYTHON_EXECUTABLE: /usr/bin/python3
[1.280s] -- Using PYTHON_INCLUDE_DIRS: /usr/include/python3.8
[1.280s] -- Using PYTHON_LIBRARIES: /usr/lib/x86_64-linux-gnu/libpython3.8.so
[1.336s] -- Found ament_lint_auto: 0.10.6 (/opt/ros/galactic/share/ament_lint_auto/cmake)
[1.346s] -- Added test 'copyright' to check source files copyright and LICENSE
[1.346s] -- Added test 'cppcheck' to perform static code analysis on C / C++ code
[1.348s] -- Configured cppcheck include dirs: /home/student/lidar-ws/src/lidar_cpp/install/lidar_cpp/include
[1.348s] -- Configured cppcheck exclude dirs and/or files: 
[1.349s] -- Added test 'cpplint' to check C / C++ code against the Google style
[1.349s] -- Configured cpplint exclude dirs and/or files: 
[1.350s] -- Added test 'lint_cmake' to check CMake code style
[1.351s] -- Added test 'uncrustify' to check C / C++ code style
[1.351s] -- Configured uncrustify additional arguments: 
[1.351s] -- Added test 'xmllint' to check XML markup files
[1.355s] -- Configuring done
[1.449s] -- Generating done
[1.454s] -- Build files have been written to: /home/student/lidar-ws/build/lidar_cpp
[1.488s] [35m[1mScanning dependencies of target lidar_cpp__rosidl_generator_c[0m
[1.489s] [35m[1mScanning dependencies of target lidar[0m
[1.490s] [35m[1mScanning dependencies of target lidar_server[0m
[1.499s] [  2%] [32mBuilding C object CMakeFiles/lidar_cpp__rosidl_generator_c.dir/rosidl_generator_c/lidar_cpp/srv/detail/lidar_service__functions.c.o[0m
[1.500s] [  5%] Built target lidar_cpp__cpp
[1.515s] [35m[1mScanning dependencies of target lidar_cpp__rosidl_typesupport_cpp[0m
[1.515s] [35m[1mScanning dependencies of target lidar_cpp__rosidl_typesupport_introspection_cpp[0m
[1.516s] [  8%] [32mBuilding CXX object CMakeFiles/lidar.dir/src/lidar_publisher.cpp.o[0m
[1.518s] [35m[1mScanning dependencies of target lidar_cpp__rosidl_typesupport_fastrtps_cpp[0m
[1.528s] [ 11%] [32mBuilding CXX object CMakeFiles/lidar_server.dir/src/lidar_server.cpp.o[0m
[1.533s] [ 14%] [32mBuilding CXX object CMakeFiles/lidar_cpp__rosidl_typesupport_cpp.dir/rosidl_typesupport_cpp/lidar_cpp/srv/lidar_service__type_support.cpp.o[0m
[1.533s] [ 17%] [32mBuilding CXX object CMakeFiles/lidar_cpp__rosidl_typesupport_introspection_cpp.dir/rosidl_typesupport_introspection_cpp/lidar_cpp/srv/detail/lidar_service__type_support.cpp.o[0m
[1.540s] [ 20%] [32mBuilding CXX object CMakeFiles/lidar_cpp__rosidl_typesupport_fastrtps_cpp.dir/rosidl_typesupport_fastrtps_cpp/lidar_cpp/srv/detail/dds_fastrtps/lidar_service__type_support.cpp.o[0m
[1.566s] [ 22%] [32m[1mLinking C shared library liblidar_cpp__rosidl_generator_c.so[0m
[1.618s] [ 25%] Built target lidar_cpp__rosidl_generator_c
[1.637s] [35m[1mScanning dependencies of target lidar_cpp__rosidl_typesupport_c[0m
[1.655s] [35m[1mScanning dependencies of target lidar_cpp__rosidl_typesupport_introspection_c[0m
[1.658s] [ 28%] [32mBuilding CXX object CMakeFiles/lidar_cpp__rosidl_typesupport_c.dir/rosidl_typesupport_c/lidar_cpp/srv/lidar_service__type_support.cpp.o[0m
[1.678s] [ 31%] [32mBuilding C object CMakeFiles/lidar_cpp__rosidl_typesupport_introspection_c.dir/rosidl_typesupport_introspection_c/lidar_cpp/srv/detail/lidar_service__type_support.c.o[0m
[1.716s] [ 34%] [32m[1mLinking CXX shared library liblidar_cpp__rosidl_typesupport_c.so[0m
[1.749s] [ 37%] [32m[1mLinking C shared library liblidar_cpp__rosidl_typesupport_introspection_c.so[0m
[1.780s] [ 40%] Built target lidar_cpp__rosidl_typesupport_c
[1.788s] [ 42%] Built target lidar_cpp__rosidl_typesupport_introspection_c
[1.888s] [ 45%] [32m[1mLinking CXX shared library liblidar_cpp__rosidl_typesupport_cpp.so[0m
[1.938s] [ 48%] Built target lidar_cpp__rosidl_typesupport_cpp
[2.019s] [ 51%] [32m[1mLinking CXX shared library liblidar_cpp__rosidl_typesupport_introspection_cpp.so[0m
[2.092s] [ 54%] Built target lidar_cpp__rosidl_typesupport_introspection_cpp
[2.149s] [ 57%] [32m[1mLinking CXX shared library liblidar_cpp__rosidl_typesupport_fastrtps_cpp.so[0m
[2.247s] [ 60%] Built target lidar_cpp__rosidl_typesupport_fastrtps_cpp
[2.259s] [35m[1mScanning dependencies of target lidar_cpp__rosidl_typesupport_fastrtps_c[0m
[2.273s] [ 62%] [32mBuilding CXX object CMakeFiles/lidar_cpp__rosidl_typesupport_fastrtps_c.dir/rosidl_typesupport_fastrtps_c/lidar_cpp/srv/detail/lidar_service__type_support_c.cpp.o[0m
[2.631s] [ 65%] [32m[1mLinking CXX shared library liblidar_cpp__rosidl_typesupport_fastrtps_c.so[0m
[2.732s] [ 68%] Built target lidar_cpp__rosidl_typesupport_fastrtps_c
[2.756s] [ 68%] Built target lidar_cpp
[2.779s] [ 71%] Built target lidar_cpp__py
[2.790s] [35m[1mScanning dependencies of target lidar_cpp__python[0m
[2.804s] [ 74%] [32mBuilding C object CMakeFiles/lidar_cpp__python.dir/rosidl_generator_py/lidar_cpp/srv/_lidar_service_s.c.o[0m
[2.900s] [ 77%] [32m[1mLinking C shared library rosidl_generator_py/lidar_cpp/liblidar_cpp__python.so[0m
[2.950s] [ 77%] Built target lidar_cpp__python
[2.962s] [35m[1mScanning dependencies of target lidar_cpp__rosidl_typesupport_fastrtps_c__pyext[0m
[2.965s] [35m[1mScanning dependencies of target lidar_cpp__rosidl_typesupport_c__pyext[0m
[2.965s] [35m[1mScanning dependencies of target lidar_cpp__rosidl_typesupport_introspection_c__pyext[0m
[2.978s] [ 80%] [32mBuilding C object CMakeFiles/lidar_cpp__rosidl_typesupport_fastrtps_c__pyext.dir/rosidl_generator_py/lidar_cpp/_lidar_cpp_s.ep.rosidl_typesupport_fastrtps_c.c.o[0m
[2.984s] [ 85%] [32mBuilding C object CMakeFiles/lidar_cpp__rosidl_typesupport_c__pyext.dir/rosidl_generator_py/lidar_cpp/_lidar_cpp_s.ep.rosidl_typesupport_c.c.o[0m
[2.984s] [ 85%] [32mBuilding C object CMakeFiles/lidar_cpp__rosidl_typesupport_introspection_c__pyext.dir/rosidl_generator_py/lidar_cpp/_lidar_cpp_s.ep.rosidl_typesupport_introspection_c.c.o[0m
[3.078s] [ 88%] [32m[1mLinking CXX shared library rosidl_generator_py/lidar_cpp/lidar_cpp_s__rosidl_typesupport_fastrtps_c.cpython-38-x86_64-linux-gnu.so[0m
[3.079s] [ 91%] [32m[1mLinking C shared library rosidl_generator_py/lidar_cpp/lidar_cpp_s__rosidl_typesupport_c.cpython-38-x86_64-linux-gnu.so[0m
[3.115s] [ 94%] [32m[1mLinking C shared library rosidl_generator_py/lidar_cpp/lidar_cpp_s__rosidl_typesupport_introspection_c.cpython-38-x86_64-linux-gnu.so[0m
[3.117s] [ 94%] Built target lidar_cpp__rosidl_typesupport_c__pyext
[3.154s] [ 94%] Built target lidar_cpp__rosidl_typesupport_fastrtps_c__pyext
[3.155s] [ 94%] Built target lidar_cpp__rosidl_typesupport_introspection_c__pyext
[3.479s] [01m[K/home/student/lidar-ws/src/lidar_cpp/src/lidar_server.cpp:12:10:[m[K [01;31m[Kfatal error: [m[Klidar_cpp/srv/lidar_service.hpp: No such file or directory
[3.479s]    12 | #include [01;31m[K"lidar_cpp/srv/lidar_service.hpp"[m[K
[3.479s]       |          [01;31m[K^~~~~~~~~~~~~~~~~~~~~~~~~~~~~~~~~[m[K
[3.479s] compilation terminated.
[3.493s] make[2]: *** [CMakeFiles/lidar_server.dir/build.make:63: CMakeFiles/lidar_server.dir/src/lidar_server.cpp.o] Error 1
[3.493s] make[1]: *** [CMakeFiles/Makefile2:125: CMakeFiles/lidar_server.dir/all] Error 2
[3.493s] make[1]: *** Waiting for unfinished jobs....
[10.738s] [ 97%] [32m[1mLinking CXX executable lidar[0m
[11.493s] [ 97%] Built target lidar
[11.494s] make: *** [Makefile:141: all] Error 2
[11.496s] Invoked command in '/home/student/lidar-ws/build/lidar_cpp' returned '2': CMAKE_PREFIX_PATH=${CMAKE_PREFIX_PATH}:/home/student/ws/install/py_ctrl:/home/student/ws/install/case_scenes:/home/student/ia_ws/install/viz_static:/home/student/ia_ws/install/viz_interactive:/home/student/ia_ws/install/ur_setup:/home/student/ia_ws/install/tf_lookup:/home/student/ia_ws/install/tf_broadcast:/home/student/ia_ws/install/tf_scene:/home/student/ia_ws/install/gui_tools:/home/student/ia_ws/install/aruco_handler:/opt/ros/galactic /usr/bin/cmake --build /home/student/lidar-ws/build/lidar_cpp -- -j8 -l8
