[0.017s] Invoking command in '/home/student/lidar-ws/build/lidar_cpp': CMAKE_PREFIX_PATH=${CMAKE_PREFIX_PATH}:/home/student/ws/install/py_ctrl:/home/student/ws/install/case_scenes:/home/student/ia_ws/install/viz_static:/home/student/ia_ws/install/viz_interactive:/home/student/ia_ws/install/ur_setup:/home/student/ia_ws/install/tf_lookup:/home/student/ia_ws/install/tf_broadcast:/home/student/ia_ws/install/tf_scene:/home/student/ia_ws/install/gui_tools:/home/student/ia_ws/install/aruco_handler:/opt/ros/galactic /usr/bin/cmake --build /home/student/lidar-ws/build/lidar_cpp -- -j8 -l8
[0.057s] -- Found ament_cmake: 1.1.4 (/opt/ros/galactic/share/ament_cmake/cmake)
[0.089s] -- Using PYTHON_EXECUTABLE: /usr/bin/python3
[0.166s] -- Found rclcpp: 9.2.0 (/opt/ros/galactic/share/rclcpp/cmake)
[0.199s] -- Using all available rosidl_typesupport_c: rosidl_typesupport_fastrtps_c;rosidl_typesupport_introspection_c
[0.203s] -- Found rosidl_adapter: 2.2.1 (/opt/ros/galactic/share/rosidl_adapter/cmake)
[0.335s] -- Using all available rosidl_typesupport_cpp: rosidl_typesupport_fastrtps_cpp;rosidl_typesupport_introspection_cpp
[0.386s] -- Found rmw_implementation_cmake: 3.3.1 (/opt/ros/galactic/share/rmw_implementation_cmake/cmake)
[0.388s] -- Found rmw_cyclonedds_cpp: 0.22.3 (/opt/ros/galactic/share/rmw_cyclonedds_cpp/cmake)
[0.407s] -- Using RMW implementation 'rmw_cyclonedds_cpp' as default
[0.541s] -- Found sensor_msgs: 2.2.3 (/opt/ros/galactic/share/sensor_msgs/cmake)
[0.660s] -- Eigen found (include: /usr/include/eigen3, version: 3.3.7)
[0.755s] -- The imported target "vtkParseOGLExt" references the file
[0.755s]    "/usr/bin/vtkParseOGLExt-7.1"
[0.755s] but this file does not exist.  Possible reasons include:
[0.755s] * The file was deleted, renamed, or moved to another location.
[0.755s] * An install or uninstall procedure did not complete successfully.
[0.755s] * The installation package was faulty and contained
[0.756s]    "/usr/lib/cmake/vtk-7.1/VTKTargets.cmake"
[0.756s] but not all the files it references.
[0.756s] 
[0.756s] -- The imported target "vtkRenderingPythonTkWidgets" references the file
[0.756s]    "/usr/lib/x86_64-linux-gnu/libvtkRenderingPythonTkWidgets.so"
[0.756s] but this file does not exist.  Possible reasons include:
[0.756s] * The file was deleted, renamed, or moved to another location.
[0.756s] * An install or uninstall procedure did not complete successfully.
[0.756s] * The installation package was faulty and contained
[0.757s]    "/usr/lib/cmake/vtk-7.1/VTKTargets.cmake"
[0.757s] but not all the files it references.
[0.757s] 
[0.757s] -- The imported target "vtk" references the file
[0.757s]    "/usr/bin/vtk"
[0.757s] but this file does not exist.  Possible reasons include:
[0.757s] * The file was deleted, renamed, or moved to another location.
[0.757s] * An install or uninstall procedure did not complete successfully.
[0.757s] * The installation package was faulty and contained
[0.758s]    "/usr/lib/cmake/vtk-7.1/VTKTargets.cmake"
[0.758s] but not all the files it references.
[0.758s] 
[0.758s] -- The imported target "pvtk" references the file
[0.758s]    "/usr/bin/pvtk"
[0.758s] but this file does not exist.  Possible reasons include:
[0.758s] * The file was deleted, renamed, or moved to another location.
[0.758s] * An install or uninstall procedure did not complete successfully.
[0.758s] * The installation package was faulty and contained
[0.758s]    "/usr/lib/cmake/vtk-7.1/VTKTargets.cmake"
[0.759s] but not all the files it references.
[0.759s] 
[0.776s] -- Checking for module 'libusb-1.0'
[0.779s] --   No package 'libusb-1.0' found
[0.784s] -- Could NOT find USB_10 (missing: USB_10_LIBRARY USB_10_INCLUDE_DIR) 
[0.784s] -- OpenNI disabled because libusb-1.0 not found.
[0.784s] ** WARNING ** io features related to openni will be disabled
[0.790s] -- Checking for module 'libusb-1.0'
[0.793s] --   No package 'libusb-1.0' found
[0.798s] -- Could NOT find USB_10 (missing: USB_10_LIBRARY USB_10_INCLUDE_DIR) 
[0.798s] -- OpenNI 2 disabled because libusb-1.0 not found.
[0.798s] ** WARNING ** io features related to openni2 will be disabled
[0.798s] ** WARNING ** io features related to pcap will be disabled
[0.798s] ** WARNING ** io features related to png will be disabled
[0.816s] -- LIBUSB_1_LIBRARY (missing: LIBUSB_1_INCLUDE_DIR) 
[0.816s] ** WARNING ** io features related to libusb-1.0 will be disabled
[0.822s] -- Checking for module 'libusb-1.0'
[0.826s] --   No package 'libusb-1.0' found
[0.832s] -- Could NOT find USB_10 (missing: USB_10_LIBRARY USB_10_INCLUDE_DIR) 
[0.832s] -- OpenNI disabled because libusb-1.0 not found.
[0.832s] ** WARNING ** visualization features related to openni will be disabled
[0.837s] -- Checking for module 'libusb-1.0'
[0.841s] --   No package 'libusb-1.0' found
[0.846s] -- Could NOT find USB_10 (missing: USB_10_LIBRARY USB_10_INCLUDE_DIR) 
[0.846s] -- OpenNI 2 disabled because libusb-1.0 not found.
[0.846s] ** WARNING ** visualization features related to openni2 will be disabled
[0.860s] -- QHULL found (include: /usr/include, lib: optimized;/usr/lib/x86_64-linux-gnu/libqhull.so;debug;/usr/lib/x86_64-linux-gnu/libqhull.so)
[0.865s] -- Checking for module 'libusb-1.0'
[0.869s] --   No package 'libusb-1.0' found
[0.873s] -- Could NOT find USB_10 (missing: USB_10_LIBRARY USB_10_INCLUDE_DIR) 
[0.874s] -- OpenNI disabled because libusb-1.0 not found.
[0.874s] ** WARNING ** apps features related to openni will be disabled
[0.885s] -- looking for PCL_COMMON
[0.886s] -- looking for PCL_KDTREE
[0.886s] -- looking for PCL_OCTREE
[0.887s] -- looking for PCL_SEARCH
[0.887s] -- looking for PCL_SAMPLE_CONSENSUS
[0.888s] -- looking for PCL_FILTERS
[0.888s] -- looking for PCL_2D
[0.889s] -- looking for PCL_GEOMETRY
[0.889s] -- looking for PCL_IO
[0.890s] -- looking for PCL_FEATURES
[0.890s] -- looking for PCL_ML
[0.891s] -- looking for PCL_SEGMENTATION
[0.892s] -- looking for PCL_VISUALIZATION
[0.892s] -- looking for PCL_SURFACE
[0.893s] -- looking for PCL_REGISTRATION
[0.893s] -- looking for PCL_KEYPOINTS
[0.894s] -- looking for PCL_TRACKING
[0.895s] -- looking for PCL_RECOGNITION
[0.895s] -- looking for PCL_STEREO
[0.896s] -- looking for PCL_APPS
[0.897s] -- looking for PCL_IN_HAND_SCANNER
[0.897s] -- looking for PCL_POINT_CLOUD_EDITOR
[0.898s] -- looking for PCL_OUTOFCORE
[0.898s] -- looking for PCL_PEOPLE
[0.900s] -- Found rosidl_default_generators: 1.1.1 (/opt/ros/galactic/share/rosidl_default_generators/cmake)
[0.944s] -- Found PythonInterp: /usr/bin/python3 (found version "3.8.10") 
[1.073s] -- Found ament_cmake_ros: 0.9.2 (/opt/ros/galactic/share/ament_cmake_ros/cmake)
[1.186s] -- Using all available rosidl_typesupport_c: rosidl_typesupport_fastrtps_c;rosidl_typesupport_introspection_c
[1.194s] -- Using all available rosidl_typesupport_cpp: rosidl_typesupport_fastrtps_cpp;rosidl_typesupport_introspection_cpp
[1.227s] -- Found PythonInterp: /usr/bin/python3 (found suitable version "3.8.10", minimum required is "3.5") 
[1.227s] -- Found python_cmake_module: 0.8.1 (/opt/ros/galactic/share/python_cmake_module/cmake)
[1.254s] -- Using PYTHON_EXECUTABLE: /usr/bin/python3
[1.254s] -- Using PYTHON_INCLUDE_DIRS: /usr/include/python3.8
[1.254s] -- Using PYTHON_LIBRARIES: /usr/lib/x86_64-linux-gnu/libpython3.8.so
[1.294s] -- Found ament_lint_auto: 0.10.6 (/opt/ros/galactic/share/ament_lint_auto/cmake)
[1.304s] -- Added test 'copyright' to check source files copyright and LICENSE
[1.305s] -- Added test 'cppcheck' to perform static code analysis on C / C++ code
[1.307s] -- Configured cppcheck include dirs: 
[1.307s] -- Configured cppcheck exclude dirs and/or files: 
[1.308s] -- Added test 'cpplint' to check C / C++ code against the Google style
[1.308s] -- Configured cpplint exclude dirs and/or files: 
[1.309s] -- Added test 'lint_cmake' to check CMake code style
[1.310s] -- Added test 'uncrustify' to check C / C++ code style
[1.310s] -- Configured uncrustify additional arguments: 
[1.311s] -- Added test 'xmllint' to check XML markup files
[1.317s] -- Configuring done
[1.407s] -- Generating done
[1.414s] -- Build files have been written to: /home/student/lidar-ws/build/lidar_cpp
[1.462s] [  8%] Built target lidar_cpp__cpp
[1.463s] [ 11%] Built target lidar_cpp__rosidl_generator_c
[1.482s] [ 17%] Built target lidar
[1.483s] [ 20%] [32m[1mLinking CXX executable lidar_server[0m
[1.490s] [ 37%] Built target lidar_cpp__rosidl_typesupport_introspection_c
[1.490s] [ 37%] Built target lidar_cpp__rosidl_typesupport_cpp
[1.490s] [ 45%] Built target lidar_cpp__rosidl_typesupport_introspection_cpp
[1.491s] [ 54%] Built target lidar_cpp__rosidl_typesupport_c
[1.497s] [ 62%] Built target lidar_cpp__rosidl_typesupport_fastrtps_cpp
[1.530s] [ 71%] Built target lidar_cpp__rosidl_typesupport_fastrtps_c
[1.554s] [ 71%] Built target lidar_cpp
[1.580s] [ 74%] Built target lidar_cpp__py
[1.611s] [ 80%] Built target lidar_cpp__python
[1.646s] [ 94%] Built target lidar_cpp__rosidl_typesupport_c__pyext
[1.646s] [ 97%] Built target lidar_cpp__rosidl_typesupport_introspection_c__pyext
[1.646s] [ 97%] Built target lidar_cpp__rosidl_typesupport_fastrtps_c__pyext
[2.154s] /usr/bin/ld: CMakeFiles/lidar_server.dir/src/lidar_server.cpp.o: in function `rclcpp::Service<lidar_cpp::srv::LidarService>::Service(std::shared_ptr<rcl_node_t>, std::__cxx11::basic_string<char, std::char_traits<char>, std::allocator<char> > const&, rclcpp::AnyServiceCallback<lidar_cpp::srv::LidarService>, rcl_service_options_t&)':
[2.155s] lidar_server.cpp:(.text._ZN6rclcpp7ServiceIN9lidar_cpp3srv12LidarServiceEEC2ESt10shared_ptrI10rcl_node_tERKNSt7__cxx1112basic_stringIcSt11char_traitsIcESaIcEEENS_18AnyServiceCallbackIS3_EER21rcl_service_options_t[_ZN6rclcpp7ServiceIN9lidar_cpp3srv12LidarServiceEEC5ESt10shared_ptrI10rcl_node_tERKNSt7__cxx1112basic_stringIcSt11char_traitsIcESaIcEEENS_18AnyServiceCallbackIS3_EER21rcl_service_options_t]+0xb4): undefined reference to `rosidl_service_type_support_t const* rosidl_typesupport_cpp::get_service_type_support_handle<lidar_cpp::srv::LidarService>()'
[2.155s] collect2: error: ld returned 1 exit status
[2.156s] make[2]: *** [CMakeFiles/lidar_server.dir/build.make:231: lidar_server] Error 1
[2.156s] make[1]: *** [CMakeFiles/Makefile2:125: CMakeFiles/lidar_server.dir/all] Error 2
[2.157s] make: *** [Makefile:141: all] Error 2
[2.159s] Invoked command in '/home/student/lidar-ws/build/lidar_cpp' returned '2': CMAKE_PREFIX_PATH=${CMAKE_PREFIX_PATH}:/home/student/ws/install/py_ctrl:/home/student/ws/install/case_scenes:/home/student/ia_ws/install/viz_static:/home/student/ia_ws/install/viz_interactive:/home/student/ia_ws/install/ur_setup:/home/student/ia_ws/install/tf_lookup:/home/student/ia_ws/install/tf_broadcast:/home/student/ia_ws/install/tf_scene:/home/student/ia_ws/install/gui_tools:/home/student/ia_ws/install/aruco_handler:/opt/ros/galactic /usr/bin/cmake --build /home/student/lidar-ws/build/lidar_cpp -- -j8 -l8
