[0.018s] Invoking command in '/home/student/lidar-ws/build/lidar_cpp': CMAKE_PREFIX_PATH=${CMAKE_PREFIX_PATH}:/home/student/ws/install/py_ctrl:/home/student/ws/install/case_scenes:/home/student/ia_ws/install/viz_static:/home/student/ia_ws/install/viz_interactive:/home/student/ia_ws/install/ur_setup:/home/student/ia_ws/install/tf_lookup:/home/student/ia_ws/install/tf_broadcast:/home/student/ia_ws/install/tf_scene:/home/student/ia_ws/install/gui_tools:/home/student/ia_ws/install/aruco_handler:/opt/ros/galactic /usr/bin/cmake --build /home/student/lidar-ws/build/lidar_cpp -- -j8 -l8
[0.059s] -- Found ament_cmake: 1.1.4 (/opt/ros/galactic/share/ament_cmake/cmake)
[0.090s] -- Found PythonInterp: /usr/bin/python3 (found suitable version "3.8.10", minimum required is "3") 
[0.090s] -- Using PYTHON_EXECUTABLE: /usr/bin/python3
[0.184s] -- Found rclcpp: 9.2.0 (/opt/ros/galactic/share/rclcpp/cmake)
[0.260s] -- Using all available rosidl_typesupport_c: rosidl_typesupport_fastrtps_c;rosidl_typesupport_introspection_c
[0.264s] -- Found rosidl_adapter: 2.2.1 (/opt/ros/galactic/share/rosidl_adapter/cmake)
[0.401s] -- Using all available rosidl_typesupport_cpp: rosidl_typesupport_fastrtps_cpp;rosidl_typesupport_introspection_cpp
[0.465s] -- Found rmw_implementation_cmake: 3.3.1 (/opt/ros/galactic/share/rmw_implementation_cmake/cmake)
[0.468s] -- Found rmw_cyclonedds_cpp: 0.22.3 (/opt/ros/galactic/share/rmw_cyclonedds_cpp/cmake)
[0.485s] -- Using RMW implementation 'rmw_cyclonedds_cpp' as default
[0.629s] -- Found sensor_msgs: 2.2.3 (/opt/ros/galactic/share/sensor_msgs/cmake)
[0.760s] -- Eigen found (include: /usr/include/eigen3, version: 3.3.7)
[0.857s] -- The imported target "vtkParseOGLExt" references the file
[0.858s]    "/usr/bin/vtkParseOGLExt-7.1"
[0.858s] but this file does not exist.  Possible reasons include:
[0.858s] * The file was deleted, renamed, or moved to another location.
[0.858s] * An install or uninstall procedure did not complete successfully.
[0.858s] * The installation package was faulty and contained
[0.858s]    "/usr/lib/cmake/vtk-7.1/VTKTargets.cmake"
[0.858s] but not all the files it references.
[0.858s] 
[0.858s] -- The imported target "vtkRenderingPythonTkWidgets" references the file
[0.858s]    "/usr/lib/x86_64-linux-gnu/libvtkRenderingPythonTkWidgets.so"
[0.858s] but this file does not exist.  Possible reasons include:
[0.858s] * The file was deleted, renamed, or moved to another location.
[0.859s] * An install or uninstall procedure did not complete successfully.
[0.859s] * The installation package was faulty and contained
[0.859s]    "/usr/lib/cmake/vtk-7.1/VTKTargets.cmake"
[0.859s] but not all the files it references.
[0.859s] 
[0.859s] -- The imported target "vtk" references the file
[0.859s]    "/usr/bin/vtk"
[0.859s] but this file does not exist.  Possible reasons include:
[0.859s] * The file was deleted, renamed, or moved to another location.
[0.859s] * An install or uninstall procedure did not complete successfully.
[0.859s] * The installation package was faulty and contained
[0.859s]    "/usr/lib/cmake/vtk-7.1/VTKTargets.cmake"
[0.859s] but not all the files it references.
[0.860s] 
[0.860s] -- The imported target "pvtk" references the file
[0.860s]    "/usr/bin/pvtk"
[0.860s] but this file does not exist.  Possible reasons include:
[0.860s] * The file was deleted, renamed, or moved to another location.
[0.860s] * An install or uninstall procedure did not complete successfully.
[0.860s] * The installation package was faulty and contained
[0.860s]    "/usr/lib/cmake/vtk-7.1/VTKTargets.cmake"
[0.860s] but not all the files it references.
[0.860s] 
[0.879s] -- Checking for module 'libusb-1.0'
[0.884s] --   No package 'libusb-1.0' found
[0.890s] -- Could NOT find USB_10 (missing: USB_10_LIBRARY USB_10_INCLUDE_DIR) 
[0.890s] -- OpenNI disabled because libusb-1.0 not found.
[0.890s] ** WARNING ** io features related to openni will be disabled
[0.897s] -- Checking for module 'libusb-1.0'
[0.901s] --   No package 'libusb-1.0' found
[0.906s] -- Could NOT find USB_10 (missing: USB_10_LIBRARY USB_10_INCLUDE_DIR) 
[0.906s] -- OpenNI 2 disabled because libusb-1.0 not found.
[0.906s] ** WARNING ** io features related to openni2 will be disabled
[0.907s] ** WARNING ** io features related to pcap will be disabled
[0.907s] ** WARNING ** io features related to png will be disabled
[0.927s] -- LIBUSB_1_LIBRARY (missing: LIBUSB_1_INCLUDE_DIR) 
[0.927s] ** WARNING ** io features related to libusb-1.0 will be disabled
[0.933s] -- Checking for module 'libusb-1.0'
[0.937s] --   No package 'libusb-1.0' found
[0.943s] -- Could NOT find USB_10 (missing: USB_10_LIBRARY USB_10_INCLUDE_DIR) 
[0.943s] -- OpenNI disabled because libusb-1.0 not found.
[0.944s] ** WARNING ** visualization features related to openni will be disabled
[0.949s] -- Checking for module 'libusb-1.0'
[0.953s] --   No package 'libusb-1.0' found
[0.958s] -- Could NOT find USB_10 (missing: USB_10_LIBRARY USB_10_INCLUDE_DIR) 
[0.959s] -- OpenNI 2 disabled because libusb-1.0 not found.
[0.959s] ** WARNING ** visualization features related to openni2 will be disabled
[0.973s] -- QHULL found (include: /usr/include, lib: optimized;/usr/lib/x86_64-linux-gnu/libqhull.so;debug;/usr/lib/x86_64-linux-gnu/libqhull.so)
[0.978s] -- Checking for module 'libusb-1.0'
[0.981s] --   No package 'libusb-1.0' found
[0.986s] -- Could NOT find USB_10 (missing: USB_10_LIBRARY USB_10_INCLUDE_DIR) 
[0.986s] -- OpenNI disabled because libusb-1.0 not found.
[0.986s] ** WARNING ** apps features related to openni will be disabled
[0.999s] -- looking for PCL_COMMON
[0.999s] -- looking for PCL_KDTREE
[1.000s] -- looking for PCL_OCTREE
[1.001s] -- looking for PCL_SEARCH
[1.001s] -- looking for PCL_SAMPLE_CONSENSUS
[1.002s] -- looking for PCL_FILTERS
[1.002s] -- looking for PCL_2D
[1.003s] -- looking for PCL_GEOMETRY
[1.003s] -- looking for PCL_IO
[1.004s] -- looking for PCL_FEATURES
[1.004s] -- looking for PCL_ML
[1.005s] -- looking for PCL_SEGMENTATION
[1.006s] -- looking for PCL_VISUALIZATION
[1.006s] -- looking for PCL_SURFACE
[1.007s] -- looking for PCL_REGISTRATION
[1.008s] -- looking for PCL_KEYPOINTS
[1.009s] -- looking for PCL_TRACKING
[1.010s] -- looking for PCL_RECOGNITION
[1.011s] -- looking for PCL_STEREO
[1.011s] -- looking for PCL_APPS
[1.013s] -- looking for PCL_IN_HAND_SCANNER
[1.013s] -- looking for PCL_POINT_CLOUD_EDITOR
[1.014s] -- looking for PCL_OUTOFCORE
[1.015s] -- looking for PCL_PEOPLE
[1.017s] -- Found rosidl_default_generators: 1.1.1 (/opt/ros/galactic/share/rosidl_default_generators/cmake)
[1.065s] -- Found PythonInterp: /usr/bin/python3 (found version "3.8.10") 
[1.205s] -- Found ament_cmake_ros: 0.9.2 (/opt/ros/galactic/share/ament_cmake_ros/cmake)
[1.332s] -- Using all available rosidl_typesupport_c: rosidl_typesupport_fastrtps_c;rosidl_typesupport_introspection_c
[1.344s] -- Using all available rosidl_typesupport_cpp: rosidl_typesupport_fastrtps_cpp;rosidl_typesupport_introspection_cpp
[1.374s] -- Found PythonInterp: /usr/bin/python3 (found suitable version "3.8.10", minimum required is "3.5") 
[1.374s] -- Found python_cmake_module: 0.8.1 (/opt/ros/galactic/share/python_cmake_module/cmake)
[1.400s] -- Using PYTHON_EXECUTABLE: /usr/bin/python3
[1.401s] -- Using PYTHON_INCLUDE_DIRS: /usr/include/python3.8
[1.401s] -- Using PYTHON_LIBRARIES: /usr/lib/x86_64-linux-gnu/libpython3.8.so
[1.454s] -- Found ament_lint_auto: 0.10.6 (/opt/ros/galactic/share/ament_lint_auto/cmake)
[1.465s] -- Added test 'copyright' to check source files copyright and LICENSE
[1.466s] -- Added test 'cppcheck' to perform static code analysis on C / C++ code
[1.468s] -- Configured cppcheck include dirs: 
[1.468s] -- Configured cppcheck exclude dirs and/or files: 
[1.469s] -- Added test 'cpplint' to check C / C++ code against the Google style
[1.469s] -- Configured cpplint exclude dirs and/or files: 
[1.469s] -- Added test 'lint_cmake' to check CMake code style
[1.470s] -- Added test 'uncrustify' to check C / C++ code style
[1.470s] -- Configured uncrustify additional arguments: 
[1.470s] -- Added test 'xmllint' to check XML markup files
[1.475s] -- Configuring done
[1.580s] -- Generating done
[1.584s] -- Build files have been written to: /home/student/lidar-ws/build/lidar_cpp
[1.625s] [  2%] [34m[1mGenerating C code for ROS interfaces[0m
[1.637s] [  5%] [34m[1mGenerating C++ code for ROS interfaces[0m
[1.662s] [ 14%] [32m[1mLinking CXX executable lidar_server[0m
[1.662s] [ 14%] Built target lidar
[1.975s] [35m[1mScanning dependencies of target lidar_cpp__rosidl_generator_c[0m
[1.987s] [ 17%] [32mBuilding C object CMakeFiles/lidar_cpp__rosidl_generator_c.dir/rosidl_generator_c/lidar_cpp/srv/detail/lidar_service__functions.c.o[0m
[1.998s] [ 17%] Built target lidar_cpp__cpp
[2.011s] [ 22%] [34m[1mGenerating C++ type support for eProsima Fast-RTPS[0m
[2.012s] [ 22%] [34m[1mGenerating C++ introspection for ROS interfaces[0m
[2.012s] [ 25%] [34m[1mGenerating C++ type support dispatch for ROS interfaces[0m
[2.050s] [ 28%] [32m[1mLinking C shared library liblidar_cpp__rosidl_generator_c.so[0m
[2.103s] [ 28%] Built target lidar_cpp__rosidl_generator_c
[2.119s] [ 34%] [34m[1mGenerating C type support dispatch for ROS interfaces[0m
[2.119s] [ 34%] [34m[1mGenerating C introspection for ROS interfaces[0m
[2.334s] [35m[1mScanning dependencies of target lidar_cpp__rosidl_typesupport_cpp[0m
[2.359s] [ 37%] [32mBuilding CXX object CMakeFiles/lidar_cpp__rosidl_typesupport_cpp.dir/rosidl_typesupport_cpp/lidar_cpp/srv/lidar_service__type_support.cpp.o[0m
[2.395s] [35m[1mScanning dependencies of target lidar_cpp__rosidl_typesupport_fastrtps_cpp[0m
[2.418s] [ 40%] [32mBuilding CXX object CMakeFiles/lidar_cpp__rosidl_typesupport_fastrtps_cpp.dir/rosidl_typesupport_fastrtps_cpp/lidar_cpp/srv/detail/dds_fastrtps/lidar_service__type_support.cpp.o[0m
[2.439s] [35m[1mScanning dependencies of target lidar_cpp__rosidl_typesupport_introspection_cpp[0m
[2.456s] [ 42%] [32mBuilding CXX object CMakeFiles/lidar_cpp__rosidl_typesupport_introspection_cpp.dir/rosidl_typesupport_introspection_cpp/lidar_cpp/srv/detail/lidar_service__type_support.cpp.o[0m
[2.498s] [35m[1mScanning dependencies of target lidar_cpp__rosidl_typesupport_c[0m
[2.519s] [ 45%] [32mBuilding CXX object CMakeFiles/lidar_cpp__rosidl_typesupport_c.dir/rosidl_typesupport_c/lidar_cpp/srv/lidar_service__type_support.cpp.o[0m
[2.552s] [35m[1mScanning dependencies of target lidar_cpp__rosidl_typesupport_introspection_c[0m
[2.572s] [ 48%] [32m[1mLinking CXX shared library liblidar_cpp__rosidl_typesupport_c.so[0m
[2.575s] [ 51%] [32mBuilding C object CMakeFiles/lidar_cpp__rosidl_typesupport_introspection_c.dir/rosidl_typesupport_introspection_c/lidar_cpp/srv/detail/lidar_service__type_support.c.o[0m
[2.641s] [ 51%] Built target lidar_cpp__rosidl_typesupport_c
[2.643s] [ 54%] [32m[1mLinking C shared library liblidar_cpp__rosidl_typesupport_introspection_c.so[0m
[2.652s] /usr/bin/ld: CMakeFiles/lidar_server.dir/src/lidar_server.cpp.o: in function `rclcpp::Service<lidar_cpp::srv::LidarService>::Service(std::shared_ptr<rcl_node_t>, std::__cxx11::basic_string<char, std::char_traits<char>, std::allocator<char> > const&, rclcpp::AnyServiceCallback<lidar_cpp::srv::LidarService>, rcl_service_options_t&)':
[2.653s] lidar_server.cpp:(.text._ZN6rclcpp7ServiceIN9lidar_cpp3srv12LidarServiceEEC2ESt10shared_ptrI10rcl_node_tERKNSt7__cxx1112basic_stringIcSt11char_traitsIcESaIcEEENS_18AnyServiceCallbackIS3_EER21rcl_service_options_t[_ZN6rclcpp7ServiceIN9lidar_cpp3srv12LidarServiceEEC5ESt10shared_ptrI10rcl_node_tERKNSt7__cxx1112basic_stringIcSt11char_traitsIcESaIcEEENS_18AnyServiceCallbackIS3_EER21rcl_service_options_t]+0xb4): undefined reference to `rosidl_service_type_support_t const* rosidl_typesupport_cpp::get_service_type_support_handle<lidar_cpp::srv::LidarService>()'
[2.653s] collect2: error: ld returned 1 exit status
[2.654s] make[2]: *** [CMakeFiles/lidar_server.dir/build.make:231: lidar_server] Error 1
[2.655s] make[1]: *** [CMakeFiles/Makefile2:125: CMakeFiles/lidar_server.dir/all] Error 2
[2.655s] make[1]: *** Waiting for unfinished jobs....
[2.685s] [ 54%] Built target lidar_cpp__rosidl_typesupport_introspection_c
[2.742s] [ 57%] [32m[1mLinking CXX shared library liblidar_cpp__rosidl_typesupport_cpp.so[0m
[2.788s] [ 57%] Built target lidar_cpp__rosidl_typesupport_cpp
[2.848s] [ 60%] [32m[1mLinking CXX shared library liblidar_cpp__rosidl_typesupport_introspection_cpp.so[0m
[2.917s] [ 60%] Built target lidar_cpp__rosidl_typesupport_introspection_cpp
[2.968s] [ 62%] [32m[1mLinking CXX shared library liblidar_cpp__rosidl_typesupport_fastrtps_cpp.so[0m
[3.068s] [ 62%] Built target lidar_cpp__rosidl_typesupport_fastrtps_cpp
[3.069s] make: *** [Makefile:141: all] Error 2
[3.072s] Invoked command in '/home/student/lidar-ws/build/lidar_cpp' returned '2': CMAKE_PREFIX_PATH=${CMAKE_PREFIX_PATH}:/home/student/ws/install/py_ctrl:/home/student/ws/install/case_scenes:/home/student/ia_ws/install/viz_static:/home/student/ia_ws/install/viz_interactive:/home/student/ia_ws/install/ur_setup:/home/student/ia_ws/install/tf_lookup:/home/student/ia_ws/install/tf_broadcast:/home/student/ia_ws/install/tf_scene:/home/student/ia_ws/install/gui_tools:/home/student/ia_ws/install/aruco_handler:/opt/ros/galactic /usr/bin/cmake --build /home/student/lidar-ws/build/lidar_cpp -- -j8 -l8
