[  2%] Built target lidar_cpp__cpp
[ 11%] Built target lidar_cpp__rosidl_generator_c
[ 14%] [32mBuilding CXX object CMakeFiles/lidar_server.dir/src/lidar_server.cpp.o[0m
[ 20%] Built target lidar
[ 28%] Built target lidar_cpp__rosidl_typesupport_cpp
[ 37%] Built target lidar_cpp__rosidl_typesupport_introspection_cpp
[ 45%] Built target lidar_cpp__rosidl_typesupport_fastrtps_cpp
[ 62%] Built target lidar_cpp__rosidl_typesupport_c
[ 62%] Built target lidar_cpp__rosidl_typesupport_introspection_c
[ 71%] Built target lidar_cpp__rosidl_typesupport_fastrtps_c
[ 71%] Built target lidar_cpp
[ 74%] Built target lidar_cpp__py
[ 80%] Built target lidar_cpp__python
[ 91%] Built target lidar_cpp__rosidl_typesupport_fastrtps_c__pyext
[ 91%] Built target lidar_cpp__rosidl_typesupport_introspection_c__pyext
[ 97%] Built target lidar_cpp__rosidl_typesupport_c__pyext
[01m[K/home/student/lidar-ws/src/lidar_cpp/src/lidar_server.cpp:12:10:[m[K [01;31m[Kfatal error: [m[Klidar_cpp/srv/lidar_service.hpp: No such file or directory
   12 | #include [01;31m[K"lidar_cpp/srv/lidar_service.hpp"[m[K
      |          [01;31m[K^~~~~~~~~~~~~~~~~~~~~~~~~~~~~~~~~[m[K
compilation terminated.
make[2]: *** [CMakeFiles/lidar_server.dir/build.make:63: CMakeFiles/lidar_server.dir/src/lidar_server.cpp.o] Error 1
make[1]: *** [CMakeFiles/Makefile2:125: CMakeFiles/lidar_server.dir/all] Error 2
make: *** [Makefile:141: all] Error 2
