[0.019s] Invoking command in '/home/student/lidar-ws/build/lidar_cpp': CMAKE_PREFIX_PATH=${CMAKE_PREFIX_PATH}:/home/student/ws/install/py_ctrl:/home/student/ws/install/case_scenes:/home/student/ia_ws/install/viz_static:/home/student/ia_ws/install/viz_interactive:/home/student/ia_ws/install/ur_setup:/home/student/ia_ws/install/tf_lookup:/home/student/ia_ws/install/tf_broadcast:/home/student/ia_ws/install/tf_scene:/home/student/ia_ws/install/gui_tools:/home/student/ia_ws/install/aruco_handler:/opt/ros/galactic /usr/bin/cmake --build /home/student/lidar-ws/build/lidar_cpp -- -j8 -l8
[0.060s] -- Found ament_cmake: 1.1.4 (/opt/ros/galactic/share/ament_cmake/cmake)
[0.090s] -- Found PythonInterp: /usr/bin/python3 (found suitable version "3.8.10", minimum required is "3") 
[0.091s] -- Using PYTHON_EXECUTABLE: /usr/bin/python3
[0.171s] -- Found rclcpp: 9.2.0 (/opt/ros/galactic/share/rclcpp/cmake)
[0.209s] -- Using all available rosidl_typesupport_c: rosidl_typesupport_fastrtps_c;rosidl_typesupport_introspection_c
[0.213s] -- Found rosidl_adapter: 2.2.1 (/opt/ros/galactic/share/rosidl_adapter/cmake)
[0.350s] -- Using all available rosidl_typesupport_cpp: rosidl_typesupport_fastrtps_cpp;rosidl_typesupport_introspection_cpp
[0.400s] -- Found rmw_implementation_cmake: 3.3.1 (/opt/ros/galactic/share/rmw_implementation_cmake/cmake)
[0.402s] -- Found rmw_cyclonedds_cpp: 0.22.3 (/opt/ros/galactic/share/rmw_cyclonedds_cpp/cmake)
[0.424s] -- Using RMW implementation 'rmw_cyclonedds_cpp' as default
[0.562s] -- Found sensor_msgs: 2.2.3 (/opt/ros/galactic/share/sensor_msgs/cmake)
[0.685s] -- Eigen found (include: /usr/include/eigen3, version: 3.3.7)
[0.780s] -- The imported target "vtkParseOGLExt" references the file
[0.780s]    "/usr/bin/vtkParseOGLExt-7.1"
[0.781s] but this file does not exist.  Possible reasons include:
[0.781s] * The file was deleted, renamed, or moved to another location.
[0.781s] * An install or uninstall procedure did not complete successfully.
[0.781s] * The installation package was faulty and contained
[0.781s]    "/usr/lib/cmake/vtk-7.1/VTKTargets.cmake"
[0.781s] but not all the files it references.
[0.781s] 
[0.781s] -- The imported target "vtkRenderingPythonTkWidgets" references the file
[0.782s]    "/usr/lib/x86_64-linux-gnu/libvtkRenderingPythonTkWidgets.so"
[0.782s] but this file does not exist.  Possible reasons include:
[0.782s] * The file was deleted, renamed, or moved to another location.
[0.782s] * An install or uninstall procedure did not complete successfully.
[0.782s] * The installation package was faulty and contained
[0.782s]    "/usr/lib/cmake/vtk-7.1/VTKTargets.cmake"
[0.782s] but not all the files it references.
[0.783s] 
[0.783s] -- The imported target "vtk" references the file
[0.783s]    "/usr/bin/vtk"
[0.783s] but this file does not exist.  Possible reasons include:
[0.783s] * The file was deleted, renamed, or moved to another location.
[0.783s] * An install or uninstall procedure did not complete successfully.
[0.783s] * The installation package was faulty and contained
[0.783s]    "/usr/lib/cmake/vtk-7.1/VTKTargets.cmake"
[0.784s] but not all the files it references.
[0.784s] 
[0.784s] -- The imported target "pvtk" references the file
[0.784s]    "/usr/bin/pvtk"
[0.784s] but this file does not exist.  Possible reasons include:
[0.784s] * The file was deleted, renamed, or moved to another location.
[0.784s] * An install or uninstall procedure did not complete successfully.
[0.785s] * The installation package was faulty and contained
[0.785s]    "/usr/lib/cmake/vtk-7.1/VTKTargets.cmake"
[0.785s] but not all the files it references.
[0.785s] 
[0.802s] -- Checking for module 'libusb-1.0'
[0.807s] --   No package 'libusb-1.0' found
[0.813s] -- Could NOT find USB_10 (missing: USB_10_LIBRARY USB_10_INCLUDE_DIR) 
[0.813s] -- OpenNI disabled because libusb-1.0 not found.
[0.813s] ** WARNING ** io features related to openni will be disabled
[0.819s] -- Checking for module 'libusb-1.0'
[0.824s] --   No package 'libusb-1.0' found
[0.829s] -- Could NOT find USB_10 (missing: USB_10_LIBRARY USB_10_INCLUDE_DIR) 
[0.829s] -- OpenNI 2 disabled because libusb-1.0 not found.
[0.830s] ** WARNING ** io features related to openni2 will be disabled
[0.830s] ** WARNING ** io features related to pcap will be disabled
[0.830s] ** WARNING ** io features related to png will be disabled
[0.845s] -- LIBUSB_1_LIBRARY (missing: LIBUSB_1_INCLUDE_DIR) 
[0.845s] ** WARNING ** io features related to libusb-1.0 will be disabled
[0.849s] -- Checking for module 'libusb-1.0'
[0.852s] --   No package 'libusb-1.0' found
[0.856s] -- Could NOT find USB_10 (missing: USB_10_LIBRARY USB_10_INCLUDE_DIR) 
[0.856s] -- OpenNI disabled because libusb-1.0 not found.
[0.857s] ** WARNING ** visualization features related to openni will be disabled
[0.861s] -- Checking for module 'libusb-1.0'
[0.866s] --   No package 'libusb-1.0' found
[0.871s] -- Could NOT find USB_10 (missing: USB_10_LIBRARY USB_10_INCLUDE_DIR) 
[0.871s] -- OpenNI 2 disabled because libusb-1.0 not found.
[0.871s] ** WARNING ** visualization features related to openni2 will be disabled
[0.885s] -- QHULL found (include: /usr/include, lib: optimized;/usr/lib/x86_64-linux-gnu/libqhull.so;debug;/usr/lib/x86_64-linux-gnu/libqhull.so)
[0.889s] -- Checking for module 'libusb-1.0'
[0.892s] --   No package 'libusb-1.0' found
[0.896s] -- Could NOT find USB_10 (missing: USB_10_LIBRARY USB_10_INCLUDE_DIR) 
[0.896s] -- OpenNI disabled because libusb-1.0 not found.
[0.896s] ** WARNING ** apps features related to openni will be disabled
[0.910s] -- looking for PCL_COMMON
[0.910s] -- looking for PCL_KDTREE
[0.911s] -- looking for PCL_OCTREE
[0.912s] -- looking for PCL_SEARCH
[0.912s] -- looking for PCL_SAMPLE_CONSENSUS
[0.913s] -- looking for PCL_FILTERS
[0.914s] -- looking for PCL_2D
[0.914s] -- looking for PCL_GEOMETRY
[0.915s] -- looking for PCL_IO
[0.916s] -- looking for PCL_FEATURES
[0.917s] -- looking for PCL_ML
[0.917s] -- looking for PCL_SEGMENTATION
[0.918s] -- looking for PCL_VISUALIZATION
[0.919s] -- looking for PCL_SURFACE
[0.920s] -- looking for PCL_REGISTRATION
[0.921s] -- looking for PCL_KEYPOINTS
[0.922s] -- looking for PCL_TRACKING
[0.922s] -- looking for PCL_RECOGNITION
[0.923s] -- looking for PCL_STEREO
[0.924s] -- looking for PCL_APPS
[0.925s] -- looking for PCL_IN_HAND_SCANNER
[0.926s] -- looking for PCL_POINT_CLOUD_EDITOR
[0.926s] -- looking for PCL_OUTOFCORE
[0.927s] -- looking for PCL_PEOPLE
[0.929s] -- Found rosidl_default_generators: 1.1.1 (/opt/ros/galactic/share/rosidl_default_generators/cmake)
[0.967s] -- Found PythonInterp: /usr/bin/python3 (found version "3.8.10") 
[1.106s] -- Found ament_cmake_ros: 0.9.2 (/opt/ros/galactic/share/ament_cmake_ros/cmake)
[1.231s] -- Using all available rosidl_typesupport_c: rosidl_typesupport_fastrtps_c;rosidl_typesupport_introspection_c
[1.243s] -- Using all available rosidl_typesupport_cpp: rosidl_typesupport_fastrtps_cpp;rosidl_typesupport_introspection_cpp
[1.270s] -- Found PythonInterp: /usr/bin/python3 (found suitable version "3.8.10", minimum required is "3.5") 
[1.270s] -- Found python_cmake_module: 0.8.1 (/opt/ros/galactic/share/python_cmake_module/cmake)
[1.297s] -- Using PYTHON_EXECUTABLE: /usr/bin/python3
[1.298s] -- Using PYTHON_INCLUDE_DIRS: /usr/include/python3.8
[1.298s] -- Using PYTHON_LIBRARIES: /usr/lib/x86_64-linux-gnu/libpython3.8.so
[1.346s] -- Found ament_lint_auto: 0.10.6 (/opt/ros/galactic/share/ament_lint_auto/cmake)
[1.356s] -- Added test 'copyright' to check source files copyright and LICENSE
[1.357s] -- Added test 'cppcheck' to perform static code analysis on C / C++ code
[1.359s] -- Configured cppcheck include dirs: /home/student/lidar-ws/src/lidar_cpp/include
[1.359s] -- Configured cppcheck exclude dirs and/or files: 
[1.359s] -- Added test 'cpplint' to check C / C++ code against the Google style
[1.360s] -- Configured cpplint exclude dirs and/or files: 
[1.360s] -- Added test 'lint_cmake' to check CMake code style
[1.361s] -- Added test 'uncrustify' to check C / C++ code style
[1.361s] -- Configured uncrustify additional arguments: 
[1.361s] -- Added test 'xmllint' to check XML markup files
[1.366s] -- Configuring done
[1.461s] -- Generating done
[1.466s] -- Build files have been written to: /home/student/lidar-ws/build/lidar_cpp
[1.504s] [35m[1mScanning dependencies of target lidar_cpp__rosidl_generator_c[0m
[1.506s] [35m[1mScanning dependencies of target lidar_server[0m
[1.507s] [35m[1mScanning dependencies of target lidar[0m
[1.518s] [  2%] Built target lidar_cpp__cpp
[1.521s] [  5%] [32mBuilding C object CMakeFiles/lidar_cpp__rosidl_generator_c.dir/rosidl_generator_c/lidar_cpp/srv/detail/lidar_service__functions.c.o[0m
[1.533s] [35m[1mScanning dependencies of target lidar_cpp__rosidl_typesupport_introspection_cpp[0m
[1.534s] [35m[1mScanning dependencies of target lidar_cpp__rosidl_typesupport_fastrtps_cpp[0m
[1.534s] [35m[1mScanning dependencies of target lidar_cpp__rosidl_typesupport_cpp[0m
[1.543s] [  8%] [32mBuilding CXX object CMakeFiles/lidar.dir/src/lidar_publisher.cpp.o[0m
[1.551s] [ 11%] [32mBuilding CXX object CMakeFiles/lidar_server.dir/src/lidar_server.cpp.o[0m
[1.551s] [ 14%] [32mBuilding CXX object CMakeFiles/lidar_cpp__rosidl_typesupport_introspection_cpp.dir/rosidl_typesupport_introspection_cpp/lidar_cpp/srv/detail/lidar_service__type_support.cpp.o[0m
[1.553s] [ 17%] [32mBuilding CXX object CMakeFiles/lidar_cpp__rosidl_typesupport_fastrtps_cpp.dir/rosidl_typesupport_fastrtps_cpp/lidar_cpp/srv/detail/dds_fastrtps/lidar_service__type_support.cpp.o[0m
[1.555s] [ 20%] [32mBuilding CXX object CMakeFiles/lidar_cpp__rosidl_typesupport_cpp.dir/rosidl_typesupport_cpp/lidar_cpp/srv/lidar_service__type_support.cpp.o[0m
[1.581s] [ 22%] [32m[1mLinking C shared library liblidar_cpp__rosidl_generator_c.so[0m
[1.626s] [ 25%] Built target lidar_cpp__rosidl_generator_c
[1.650s] [35m[1mScanning dependencies of target lidar_cpp__rosidl_typesupport_c[0m
[1.653s] [35m[1mScanning dependencies of target lidar_cpp__rosidl_typesupport_introspection_c[0m
[1.666s] [ 28%] [32mBuilding C object CMakeFiles/lidar_cpp__rosidl_typesupport_introspection_c.dir/rosidl_typesupport_introspection_c/lidar_cpp/srv/detail/lidar_service__type_support.c.o[0m
[1.667s] [ 31%] [32mBuilding CXX object CMakeFiles/lidar_cpp__rosidl_typesupport_c.dir/rosidl_typesupport_c/lidar_cpp/srv/lidar_service__type_support.cpp.o[0m
[1.702s] [ 34%] [32m[1mLinking CXX shared library liblidar_cpp__rosidl_typesupport_c.so[0m
[1.742s] [ 37%] [32m[1mLinking C shared library liblidar_cpp__rosidl_typesupport_introspection_c.so[0m
[1.768s] [ 40%] Built target lidar_cpp__rosidl_typesupport_c
[1.791s] [ 42%] Built target lidar_cpp__rosidl_typesupport_introspection_c
[1.966s] [ 45%] [32m[1mLinking CXX shared library liblidar_cpp__rosidl_typesupport_introspection_cpp.so[0m
[2.027s] [ 48%] [32m[1mLinking CXX shared library liblidar_cpp__rosidl_typesupport_cpp.so[0m
[2.049s] [ 51%] Built target lidar_cpp__rosidl_typesupport_introspection_cpp
[2.072s] [ 54%] Built target lidar_cpp__rosidl_typesupport_cpp
[2.175s] [ 57%] [32m[1mLinking CXX shared library liblidar_cpp__rosidl_typesupport_fastrtps_cpp.so[0m
[2.270s] [ 60%] Built target lidar_cpp__rosidl_typesupport_fastrtps_cpp
[2.281s] [35m[1mScanning dependencies of target lidar_cpp__rosidl_typesupport_fastrtps_c[0m
[2.294s] [ 62%] [32mBuilding CXX object CMakeFiles/lidar_cpp__rosidl_typesupport_fastrtps_c.dir/rosidl_typesupport_fastrtps_c/lidar_cpp/srv/detail/lidar_service__type_support_c.cpp.o[0m
[2.664s] [ 65%] [32m[1mLinking CXX shared library liblidar_cpp__rosidl_typesupport_fastrtps_c.so[0m
[2.763s] [ 68%] Built target lidar_cpp__rosidl_typesupport_fastrtps_c
[2.784s] [ 68%] Built target lidar_cpp
[2.804s] [ 71%] Built target lidar_cpp__py
[2.818s] [35m[1mScanning dependencies of target lidar_cpp__python[0m
[2.836s] [ 74%] [32mBuilding C object CMakeFiles/lidar_cpp__python.dir/rosidl_generator_py/lidar_cpp/srv/_lidar_service_s.c.o[0m
[2.931s] [ 77%] [32m[1mLinking C shared library rosidl_generator_py/lidar_cpp/liblidar_cpp__python.so[0m
[2.971s] [ 77%] Built target lidar_cpp__python
[2.982s] [35m[1mScanning dependencies of target lidar_cpp__rosidl_typesupport_fastrtps_c__pyext[0m
[2.982s] [35m[1mScanning dependencies of target lidar_cpp__rosidl_typesupport_c__pyext[0m
[2.986s] [35m[1mScanning dependencies of target lidar_cpp__rosidl_typesupport_introspection_c__pyext[0m
[2.998s] [ 80%] [32mBuilding C object CMakeFiles/lidar_cpp__rosidl_typesupport_c__pyext.dir/rosidl_generator_py/lidar_cpp/_lidar_cpp_s.ep.rosidl_typesupport_c.c.o[0m
[2.999s] [ 82%] [32mBuilding C object CMakeFiles/lidar_cpp__rosidl_typesupport_fastrtps_c__pyext.dir/rosidl_generator_py/lidar_cpp/_lidar_cpp_s.ep.rosidl_typesupport_fastrtps_c.c.o[0m
[3.001s] [ 85%] [32mBuilding C object CMakeFiles/lidar_cpp__rosidl_typesupport_introspection_c__pyext.dir/rosidl_generator_py/lidar_cpp/_lidar_cpp_s.ep.rosidl_typesupport_introspection_c.c.o[0m
[3.085s] [ 88%] [32m[1mLinking C shared library rosidl_generator_py/lidar_cpp/lidar_cpp_s__rosidl_typesupport_c.cpython-38-x86_64-linux-gnu.so[0m
[3.123s] [ 88%] Built target lidar_cpp__rosidl_typesupport_c__pyext
[3.136s] [ 91%] [32m[1mLinking C shared library rosidl_generator_py/lidar_cpp/lidar_cpp_s__rosidl_typesupport_introspection_c.cpython-38-x86_64-linux-gnu.so[0m
[3.139s] [ 94%] [32m[1mLinking CXX shared library rosidl_generator_py/lidar_cpp/lidar_cpp_s__rosidl_typesupport_fastrtps_c.cpython-38-x86_64-linux-gnu.so[0m
[3.180s] [ 94%] Built target lidar_cpp__rosidl_typesupport_introspection_c__pyext
[3.200s] [ 94%] Built target lidar_cpp__rosidl_typesupport_fastrtps_c__pyext
[3.380s] [01m[K/home/student/lidar-ws/src/lidar_cpp/src/lidar_server.cpp:12:10:[m[K [01;31m[Kfatal error: [m[Klidar_cpp/srv/lidar_service.hpp: No such file or directory
[3.380s]    12 | #include [01;31m[K"lidar_cpp/srv/lidar_service.hpp"[m[K
[3.380s]       |          [01;31m[K^~~~~~~~~~~~~~~~~~~~~~~~~~~~~~~~~[m[K
[3.380s] compilation terminated.
[3.393s] make[2]: *** [CMakeFiles/lidar_server.dir/build.make:63: CMakeFiles/lidar_server.dir/src/lidar_server.cpp.o] Error 1
[3.393s] make[1]: *** [CMakeFiles/Makefile2:125: CMakeFiles/lidar_server.dir/all] Error 2
[3.394s] make[1]: *** Waiting for unfinished jobs....
[10.465s] [ 97%] [32m[1mLinking CXX executable lidar[0m
[11.264s] [ 97%] Built target lidar
[11.266s] make: *** [Makefile:141: all] Error 2
[11.268s] Invoked command in '/home/student/lidar-ws/build/lidar_cpp' returned '2': CMAKE_PREFIX_PATH=${CMAKE_PREFIX_PATH}:/home/student/ws/install/py_ctrl:/home/student/ws/install/case_scenes:/home/student/ia_ws/install/viz_static:/home/student/ia_ws/install/viz_interactive:/home/student/ia_ws/install/ur_setup:/home/student/ia_ws/install/tf_lookup:/home/student/ia_ws/install/tf_broadcast:/home/student/ia_ws/install/tf_scene:/home/student/ia_ws/install/gui_tools:/home/student/ia_ws/install/aruco_handler:/opt/ros/galactic /usr/bin/cmake --build /home/student/lidar-ws/build/lidar_cpp -- -j8 -l8
