[0.020s] Invoking command in '/home/student/lidar-ws/build/lidar_cpp': CMAKE_PREFIX_PATH=${CMAKE_PREFIX_PATH}:/home/student/ws/install/py_ctrl:/home/student/ws/install/case_scenes:/home/student/ia_ws/install/viz_static:/home/student/ia_ws/install/viz_interactive:/home/student/ia_ws/install/ur_setup:/home/student/ia_ws/install/tf_lookup:/home/student/ia_ws/install/tf_broadcast:/home/student/ia_ws/install/tf_scene:/home/student/ia_ws/install/gui_tools:/home/student/ia_ws/install/aruco_handler:/opt/ros/galactic /usr/bin/cmake --build /home/student/lidar-ws/build/lidar_cpp -- -j8 -l8
[0.058s] -- Found ament_cmake: 1.1.4 (/opt/ros/galactic/share/ament_cmake/cmake)
[0.090s] -- Found PythonInterp: /usr/bin/python3 (found suitable version "3.8.10", minimum required is "3") 
[0.090s] -- Using PYTHON_EXECUTABLE: /usr/bin/python3
[0.169s] -- Found rclcpp: 9.2.0 (/opt/ros/galactic/share/rclcpp/cmake)
[0.210s] -- Using all available rosidl_typesupport_c: rosidl_typesupport_fastrtps_c;rosidl_typesupport_introspection_c
[0.215s] -- Found rosidl_adapter: 2.2.1 (/opt/ros/galactic/share/rosidl_adapter/cmake)
[0.353s] -- Using all available rosidl_typesupport_cpp: rosidl_typesupport_fastrtps_cpp;rosidl_typesupport_introspection_cpp
[0.405s] -- Found rmw_implementation_cmake: 3.3.1 (/opt/ros/galactic/share/rmw_implementation_cmake/cmake)
[0.408s] -- Found rmw_cyclonedds_cpp: 0.22.3 (/opt/ros/galactic/share/rmw_cyclonedds_cpp/cmake)
[0.433s] -- Using RMW implementation 'rmw_cyclonedds_cpp' as default
[0.569s] -- Found sensor_msgs: 2.2.3 (/opt/ros/galactic/share/sensor_msgs/cmake)
[0.696s] -- Eigen found (include: /usr/include/eigen3, version: 3.3.7)
[0.787s] -- The imported target "vtkParseOGLExt" references the file
[0.787s]    "/usr/bin/vtkParseOGLExt-7.1"
[0.787s] but this file does not exist.  Possible reasons include:
[0.787s] * The file was deleted, renamed, or moved to another location.
[0.787s] * An install or uninstall procedure did not complete successfully.
[0.787s] * The installation package was faulty and contained
[0.787s]    "/usr/lib/cmake/vtk-7.1/VTKTargets.cmake"
[0.787s] but not all the files it references.
[0.787s] 
[0.788s] -- The imported target "vtkRenderingPythonTkWidgets" references the file
[0.788s]    "/usr/lib/x86_64-linux-gnu/libvtkRenderingPythonTkWidgets.so"
[0.788s] but this file does not exist.  Possible reasons include:
[0.788s] * The file was deleted, renamed, or moved to another location.
[0.788s] * An install or uninstall procedure did not complete successfully.
[0.788s] * The installation package was faulty and contained
[0.788s]    "/usr/lib/cmake/vtk-7.1/VTKTargets.cmake"
[0.788s] but not all the files it references.
[0.789s] 
[0.789s] -- The imported target "vtk" references the file
[0.789s]    "/usr/bin/vtk"
[0.789s] but this file does not exist.  Possible reasons include:
[0.789s] * The file was deleted, renamed, or moved to another location.
[0.789s] * An install or uninstall procedure did not complete successfully.
[0.789s] * The installation package was faulty and contained
[0.789s]    "/usr/lib/cmake/vtk-7.1/VTKTargets.cmake"
[0.789s] but not all the files it references.
[0.789s] 
[0.790s] -- The imported target "pvtk" references the file
[0.790s]    "/usr/bin/pvtk"
[0.790s] but this file does not exist.  Possible reasons include:
[0.790s] * The file was deleted, renamed, or moved to another location.
[0.790s] * An install or uninstall procedure did not complete successfully.
[0.790s] * The installation package was faulty and contained
[0.790s]    "/usr/lib/cmake/vtk-7.1/VTKTargets.cmake"
[0.790s] but not all the files it references.
[0.790s] 
[0.809s] -- Checking for module 'libusb-1.0'
[0.813s] --   No package 'libusb-1.0' found
[0.819s] -- Could NOT find USB_10 (missing: USB_10_LIBRARY USB_10_INCLUDE_DIR) 
[0.819s] -- OpenNI disabled because libusb-1.0 not found.
[0.819s] ** WARNING ** io features related to openni will be disabled
[0.825s] -- Checking for module 'libusb-1.0'
[0.828s] --   No package 'libusb-1.0' found
[0.833s] -- Could NOT find USB_10 (missing: USB_10_LIBRARY USB_10_INCLUDE_DIR) 
[0.833s] -- OpenNI 2 disabled because libusb-1.0 not found.
[0.833s] ** WARNING ** io features related to openni2 will be disabled
[0.833s] ** WARNING ** io features related to pcap will be disabled
[0.833s] ** WARNING ** io features related to png will be disabled
[0.849s] -- LIBUSB_1_LIBRARY (missing: LIBUSB_1_INCLUDE_DIR) 
[0.849s] ** WARNING ** io features related to libusb-1.0 will be disabled
[0.853s] -- Checking for module 'libusb-1.0'
[0.857s] --   No package 'libusb-1.0' found
[0.861s] -- Could NOT find USB_10 (missing: USB_10_LIBRARY USB_10_INCLUDE_DIR) 
[0.861s] -- OpenNI disabled because libusb-1.0 not found.
[0.861s] ** WARNING ** visualization features related to openni will be disabled
[0.866s] -- Checking for module 'libusb-1.0'
[0.870s] --   No package 'libusb-1.0' found
[0.874s] -- Could NOT find USB_10 (missing: USB_10_LIBRARY USB_10_INCLUDE_DIR) 
[0.874s] -- OpenNI 2 disabled because libusb-1.0 not found.
[0.874s] ** WARNING ** visualization features related to openni2 will be disabled
[0.888s] -- QHULL found (include: /usr/include, lib: optimized;/usr/lib/x86_64-linux-gnu/libqhull.so;debug;/usr/lib/x86_64-linux-gnu/libqhull.so)
[0.892s] -- Checking for module 'libusb-1.0'
[0.895s] --   No package 'libusb-1.0' found
[0.900s] -- Could NOT find USB_10 (missing: USB_10_LIBRARY USB_10_INCLUDE_DIR) 
[0.900s] -- OpenNI disabled because libusb-1.0 not found.
[0.900s] ** WARNING ** apps features related to openni will be disabled
[0.917s] -- looking for PCL_COMMON
[0.918s] -- looking for PCL_KDTREE
[0.918s] -- looking for PCL_OCTREE
[0.919s] -- looking for PCL_SEARCH
[0.920s] -- looking for PCL_SAMPLE_CONSENSUS
[0.921s] -- looking for PCL_FILTERS
[0.921s] -- looking for PCL_2D
[0.922s] -- looking for PCL_GEOMETRY
[0.922s] -- looking for PCL_IO
[0.923s] -- looking for PCL_FEATURES
[0.924s] -- looking for PCL_ML
[0.925s] -- looking for PCL_SEGMENTATION
[0.926s] -- looking for PCL_VISUALIZATION
[0.926s] -- looking for PCL_SURFACE
[0.927s] -- looking for PCL_REGISTRATION
[0.927s] -- looking for PCL_KEYPOINTS
[0.928s] -- looking for PCL_TRACKING
[0.929s] -- looking for PCL_RECOGNITION
[0.929s] -- looking for PCL_STEREO
[0.930s] -- looking for PCL_APPS
[0.931s] -- looking for PCL_IN_HAND_SCANNER
[0.931s] -- looking for PCL_POINT_CLOUD_EDITOR
[0.932s] -- looking for PCL_OUTOFCORE
[0.933s] -- looking for PCL_PEOPLE
[0.935s] -- Found rosidl_default_generators: 1.1.1 (/opt/ros/galactic/share/rosidl_default_generators/cmake)
[0.971s] -- Found PythonInterp: /usr/bin/python3 (found version "3.8.10") 
[1.100s] -- Found ament_cmake_ros: 0.9.2 (/opt/ros/galactic/share/ament_cmake_ros/cmake)
[1.210s] -- Using all available rosidl_typesupport_c: rosidl_typesupport_fastrtps_c;rosidl_typesupport_introspection_c
[1.220s] -- Using all available rosidl_typesupport_cpp: rosidl_typesupport_fastrtps_cpp;rosidl_typesupport_introspection_cpp
[1.252s] -- Found PythonInterp: /usr/bin/python3 (found suitable version "3.8.10", minimum required is "3.5") 
[1.253s] -- Found python_cmake_module: 0.8.1 (/opt/ros/galactic/share/python_cmake_module/cmake)
[1.282s] -- Using PYTHON_EXECUTABLE: /usr/bin/python3
[1.282s] -- Using PYTHON_INCLUDE_DIRS: /usr/include/python3.8
[1.283s] -- Using PYTHON_LIBRARIES: /usr/lib/x86_64-linux-gnu/libpython3.8.so
[1.331s] -- Found ament_lint_auto: 0.10.6 (/opt/ros/galactic/share/ament_lint_auto/cmake)
[1.342s] -- Added test 'copyright' to check source files copyright and LICENSE
[1.342s] -- Added test 'cppcheck' to perform static code analysis on C / C++ code
[1.344s] -- Configured cppcheck include dirs: 
[1.344s] -- Configured cppcheck exclude dirs and/or files: 
[1.345s] -- Added test 'cpplint' to check C / C++ code against the Google style
[1.345s] -- Configured cpplint exclude dirs and/or files: 
[1.345s] -- Added test 'lint_cmake' to check CMake code style
[1.346s] -- Added test 'uncrustify' to check C / C++ code style
[1.346s] -- Configured uncrustify additional arguments: 
[1.347s] -- Added test 'xmllint' to check XML markup files
[1.351s] -- Configuring done
[1.447s] -- Generating done
[1.452s] -- Build files have been written to: /home/student/lidar-ws/build/lidar_cpp
[1.482s] [35m[1mScanning dependencies of target lidar_cpp__rosidl_generator_c[0m
[1.484s] [35m[1mScanning dependencies of target lidar_server[0m
[1.484s] [35m[1mScanning dependencies of target lidar[0m
[1.493s] [  2%] Built target lidar_cpp__cpp
[1.496s] [  5%] [32mBuilding C object CMakeFiles/lidar_cpp__rosidl_generator_c.dir/rosidl_generator_c/lidar_cpp/srv/detail/lidar_service__functions.c.o[0m
[1.506s] [35m[1mScanning dependencies of target lidar_cpp__rosidl_typesupport_cpp[0m
[1.509s] [35m[1mScanning dependencies of target lidar_cpp__rosidl_typesupport_introspection_cpp[0m
[1.510s] [35m[1mScanning dependencies of target lidar_cpp__rosidl_typesupport_fastrtps_cpp[0m
[1.510s] [  8%] [32mBuilding CXX object CMakeFiles/lidar.dir/src/lidar_publisher.cpp.o[0m
[1.515s] [ 11%] [32mBuilding CXX object CMakeFiles/lidar_server.dir/src/lidar_server.cpp.o[0m
[1.525s] [ 14%] [32mBuilding CXX object CMakeFiles/lidar_cpp__rosidl_typesupport_cpp.dir/rosidl_typesupport_cpp/lidar_cpp/srv/lidar_service__type_support.cpp.o[0m
[1.528s] [ 20%] [32mBuilding CXX object CMakeFiles/lidar_cpp__rosidl_typesupport_introspection_cpp.dir/rosidl_typesupport_introspection_cpp/lidar_cpp/srv/detail/lidar_service__type_support.cpp.o[0m
[1.528s] [ 20%] [32mBuilding CXX object CMakeFiles/lidar_cpp__rosidl_typesupport_fastrtps_cpp.dir/rosidl_typesupport_fastrtps_cpp/lidar_cpp/srv/detail/dds_fastrtps/lidar_service__type_support.cpp.o[0m
[1.569s] [ 22%] [32m[1mLinking C shared library liblidar_cpp__rosidl_generator_c.so[0m
[1.620s] [ 25%] Built target lidar_cpp__rosidl_generator_c
[1.639s] [35m[1mScanning dependencies of target lidar_cpp__rosidl_typesupport_c[0m
[1.653s] [35m[1mScanning dependencies of target lidar_cpp__rosidl_typesupport_introspection_c[0m
[1.659s] [ 28%] [32mBuilding CXX object CMakeFiles/lidar_cpp__rosidl_typesupport_c.dir/rosidl_typesupport_c/lidar_cpp/srv/lidar_service__type_support.cpp.o[0m
[1.672s] [ 31%] [32mBuilding C object CMakeFiles/lidar_cpp__rosidl_typesupport_introspection_c.dir/rosidl_typesupport_introspection_c/lidar_cpp/srv/detail/lidar_service__type_support.c.o[0m
[1.716s] [ 34%] [32m[1mLinking CXX shared library liblidar_cpp__rosidl_typesupport_c.so[0m
[1.749s] [ 37%] [32m[1mLinking C shared library liblidar_cpp__rosidl_typesupport_introspection_c.so[0m
[1.782s] [ 40%] Built target lidar_cpp__rosidl_typesupport_c
[1.797s] [ 42%] Built target lidar_cpp__rosidl_typesupport_introspection_c
[1.902s] [ 45%] [32m[1mLinking CXX shared library liblidar_cpp__rosidl_typesupport_cpp.so[0m
[1.954s] [ 48%] Built target lidar_cpp__rosidl_typesupport_cpp
[2.029s] [ 51%] [32m[1mLinking CXX shared library liblidar_cpp__rosidl_typesupport_introspection_cpp.so[0m
[2.071s] [ 54%] [32m[1mLinking CXX shared library liblidar_cpp__rosidl_typesupport_fastrtps_cpp.so[0m
[2.098s] [ 57%] Built target lidar_cpp__rosidl_typesupport_introspection_cpp
[2.172s] [ 60%] Built target lidar_cpp__rosidl_typesupport_fastrtps_cpp
[2.182s] [35m[1mScanning dependencies of target lidar_cpp__rosidl_typesupport_fastrtps_c[0m
[2.195s] [ 62%] [32mBuilding CXX object CMakeFiles/lidar_cpp__rosidl_typesupport_fastrtps_c.dir/rosidl_typesupport_fastrtps_c/lidar_cpp/srv/detail/lidar_service__type_support_c.cpp.o[0m
[2.554s] [ 65%] [32m[1mLinking CXX shared library liblidar_cpp__rosidl_typesupport_fastrtps_c.so[0m
[2.655s] [ 68%] Built target lidar_cpp__rosidl_typesupport_fastrtps_c
[2.678s] [ 68%] Built target lidar_cpp
[2.701s] [ 71%] Built target lidar_cpp__py
[2.712s] [35m[1mScanning dependencies of target lidar_cpp__python[0m
[2.729s] [ 74%] [32mBuilding C object CMakeFiles/lidar_cpp__python.dir/rosidl_generator_py/lidar_cpp/srv/_lidar_service_s.c.o[0m
[2.821s] [ 77%] [32m[1mLinking C shared library rosidl_generator_py/lidar_cpp/liblidar_cpp__python.so[0m
[2.871s] [ 77%] Built target lidar_cpp__python
[2.884s] [35m[1mScanning dependencies of target lidar_cpp__rosidl_typesupport_c__pyext[0m
[2.885s] [35m[1mScanning dependencies of target lidar_cpp__rosidl_typesupport_introspection_c__pyext[0m
[2.886s] [35m[1mScanning dependencies of target lidar_cpp__rosidl_typesupport_fastrtps_c__pyext[0m
[2.902s] [ 82%] [32mBuilding C object CMakeFiles/lidar_cpp__rosidl_typesupport_c__pyext.dir/rosidl_generator_py/lidar_cpp/_lidar_cpp_s.ep.rosidl_typesupport_c.c.o[0m
[2.902s] [ 82%] [32mBuilding C object CMakeFiles/lidar_cpp__rosidl_typesupport_introspection_c__pyext.dir/rosidl_generator_py/lidar_cpp/_lidar_cpp_s.ep.rosidl_typesupport_introspection_c.c.o[0m
[2.905s] [ 85%] [32mBuilding C object CMakeFiles/lidar_cpp__rosidl_typesupport_fastrtps_c__pyext.dir/rosidl_generator_py/lidar_cpp/_lidar_cpp_s.ep.rosidl_typesupport_fastrtps_c.c.o[0m
[3.000s] [ 88%] [32m[1mLinking C shared library rosidl_generator_py/lidar_cpp/lidar_cpp_s__rosidl_typesupport_introspection_c.cpython-38-x86_64-linux-gnu.so[0m
[3.002s] [ 91%] [32m[1mLinking CXX shared library rosidl_generator_py/lidar_cpp/lidar_cpp_s__rosidl_typesupport_fastrtps_c.cpython-38-x86_64-linux-gnu.so[0m
[3.030s] [ 94%] [32m[1mLinking C shared library rosidl_generator_py/lidar_cpp/lidar_cpp_s__rosidl_typesupport_c.cpython-38-x86_64-linux-gnu.so[0m
[3.052s] [ 94%] Built target lidar_cpp__rosidl_typesupport_introspection_c__pyext
[3.071s] [ 94%] Built target lidar_cpp__rosidl_typesupport_c__pyext
[3.077s] [ 94%] Built target lidar_cpp__rosidl_typesupport_fastrtps_c__pyext
[7.718s] [01m[K/home/student/lidar-ws/src/lidar_cpp/src/lidar_server.cpp:[m[K In function â€˜[01m[Kvoid take_picture(std::shared_ptr<lidar_cpp::srv::LidarService_Request_<std::allocator<void> > >, std::shared_ptr<lidar_cpp::srv::LidarService_Response_<std::allocator<void> > >)[m[Kâ€™:
[7.732s] [01m[K/home/student/lidar-ws/src/lidar_cpp/src/lidar_server.cpp:37:80:[m[K [01;35m[Kwarning: [m[Kunused parameter â€˜[01m[Krequest[m[Kâ€™ [[01;35m[K-Wunused-parameter[m[K]
[7.732s]    37 | void take_picture([01;35m[Kconst std::shared_ptr<lidar_cpp::srv::LidarService::Request> request[m[K, const std::shared_ptr<lidar_cpp::srv::LidarService::Response> response)
[7.732s]       |                   [01;35m[K~~~~~~~~~~~~~~~~~~~~~~~~~~~~~~~~~~~~~~~~~~~~~~~~~~~~~~~~~~~~~^~~~~~~[m[K
[9.966s] [ 97%] [32m[1mLinking CXX executable lidar_server[0m
[10.762s] /usr/bin/ld: CMakeFiles/lidar_server.dir/src/lidar_server.cpp.o: in function `rclcpp::Service<lidar_cpp::srv::LidarService>::Service(std::shared_ptr<rcl_node_t>, std::__cxx11::basic_string<char, std::char_traits<char>, std::allocator<char> > const&, rclcpp::AnyServiceCallback<lidar_cpp::srv::LidarService>, rcl_service_options_t&)':
[10.762s] lidar_server.cpp:(.text._ZN6rclcpp7ServiceIN9lidar_cpp3srv12LidarServiceEEC2ESt10shared_ptrI10rcl_node_tERKNSt7__cxx1112basic_stringIcSt11char_traitsIcESaIcEEENS_18AnyServiceCallbackIS3_EER21rcl_service_options_t[_ZN6rclcpp7ServiceIN9lidar_cpp3srv12LidarServiceEEC5ESt10shared_ptrI10rcl_node_tERKNSt7__cxx1112basic_stringIcSt11char_traitsIcESaIcEEENS_18AnyServiceCallbackIS3_EER21rcl_service_options_t]+0xb4): undefined reference to `rosidl_service_type_support_t const* rosidl_typesupport_cpp::get_service_type_support_handle<lidar_cpp::srv::LidarService>()'
[10.762s] collect2: error: ld returned 1 exit status
[10.764s] make[2]: *** [CMakeFiles/lidar_server.dir/build.make:231: lidar_server] Error 1
[10.764s] make[1]: *** [CMakeFiles/Makefile2:125: CMakeFiles/lidar_server.dir/all] Error 2
[10.764s] make[1]: *** Waiting for unfinished jobs....
[11.097s] [100%] [32m[1mLinking CXX executable lidar[0m
[11.929s] [100%] Built target lidar
[11.930s] make: *** [Makefile:141: all] Error 2
[11.932s] Invoked command in '/home/student/lidar-ws/build/lidar_cpp' returned '2': CMAKE_PREFIX_PATH=${CMAKE_PREFIX_PATH}:/home/student/ws/install/py_ctrl:/home/student/ws/install/case_scenes:/home/student/ia_ws/install/viz_static:/home/student/ia_ws/install/viz_interactive:/home/student/ia_ws/install/ur_setup:/home/student/ia_ws/install/tf_lookup:/home/student/ia_ws/install/tf_broadcast:/home/student/ia_ws/install/tf_scene:/home/student/ia_ws/install/gui_tools:/home/student/ia_ws/install/aruco_handler:/opt/ros/galactic /usr/bin/cmake --build /home/student/lidar-ws/build/lidar_cpp -- -j8 -l8
