[0.015s] Invoking command in '/home/student/lidar-ws/build/lidar_cpp': CMAKE_PREFIX_PATH=${CMAKE_PREFIX_PATH}:/home/student/ws/install/py_ctrl:/home/student/ws/install/case_scenes:/home/student/ia_ws/install/viz_static:/home/student/ia_ws/install/viz_interactive:/home/student/ia_ws/install/ur_setup:/home/student/ia_ws/install/tf_lookup:/home/student/ia_ws/install/tf_broadcast:/home/student/ia_ws/install/tf_scene:/home/student/ia_ws/install/gui_tools:/home/student/ia_ws/install/aruco_handler:/opt/ros/galactic /usr/bin/cmake --build /home/student/lidar-ws/build/lidar_cpp -- -j8 -l8
[0.059s] -- Found ament_cmake: 1.1.4 (/opt/ros/galactic/share/ament_cmake/cmake)
[0.090s] -- Found PythonInterp: /usr/bin/python3 (found suitable version "3.8.10", minimum required is "3") 
[0.090s] -- Using PYTHON_EXECUTABLE: /usr/bin/python3
[0.171s] -- Found rclcpp: 9.2.0 (/opt/ros/galactic/share/rclcpp/cmake)
[0.209s] -- Using all available rosidl_typesupport_c: rosidl_typesupport_fastrtps_c;rosidl_typesupport_introspection_c
[0.213s] -- Found rosidl_adapter: 2.2.1 (/opt/ros/galactic/share/rosidl_adapter/cmake)
[0.346s] -- Using all available rosidl_typesupport_cpp: rosidl_typesupport_fastrtps_cpp;rosidl_typesupport_introspection_cpp
[0.392s] -- Found rmw_implementation_cmake: 3.3.1 (/opt/ros/galactic/share/rmw_implementation_cmake/cmake)
[0.394s] -- Found rmw_cyclonedds_cpp: 0.22.3 (/opt/ros/galactic/share/rmw_cyclonedds_cpp/cmake)
[0.416s] -- Using RMW implementation 'rmw_cyclonedds_cpp' as default
[0.550s] -- Found sensor_msgs: 2.2.3 (/opt/ros/galactic/share/sensor_msgs/cmake)
[0.673s] -- Eigen found (include: /usr/include/eigen3, version: 3.3.7)
[0.766s] -- The imported target "vtkParseOGLExt" references the file
[0.766s]    "/usr/bin/vtkParseOGLExt-7.1"
[0.766s] but this file does not exist.  Possible reasons include:
[0.767s] * The file was deleted, renamed, or moved to another location.
[0.767s] * An install or uninstall procedure did not complete successfully.
[0.767s] * The installation package was faulty and contained
[0.767s]    "/usr/lib/cmake/vtk-7.1/VTKTargets.cmake"
[0.767s] but not all the files it references.
[0.767s] 
[0.767s] -- The imported target "vtkRenderingPythonTkWidgets" references the file
[0.768s]    "/usr/lib/x86_64-linux-gnu/libvtkRenderingPythonTkWidgets.so"
[0.768s] but this file does not exist.  Possible reasons include:
[0.768s] * The file was deleted, renamed, or moved to another location.
[0.768s] * An install or uninstall procedure did not complete successfully.
[0.768s] * The installation package was faulty and contained
[0.768s]    "/usr/lib/cmake/vtk-7.1/VTKTargets.cmake"
[0.768s] but not all the files it references.
[0.769s] 
[0.769s] -- The imported target "vtk" references the file
[0.769s]    "/usr/bin/vtk"
[0.769s] but this file does not exist.  Possible reasons include:
[0.769s] * The file was deleted, renamed, or moved to another location.
[0.769s] * An install or uninstall procedure did not complete successfully.
[0.769s] * The installation package was faulty and contained
[0.769s]    "/usr/lib/cmake/vtk-7.1/VTKTargets.cmake"
[0.770s] but not all the files it references.
[0.770s] 
[0.770s] -- The imported target "pvtk" references the file
[0.770s]    "/usr/bin/pvtk"
[0.770s] but this file does not exist.  Possible reasons include:
[0.770s] * The file was deleted, renamed, or moved to another location.
[0.770s] * An install or uninstall procedure did not complete successfully.
[0.771s] * The installation package was faulty and contained
[0.771s]    "/usr/lib/cmake/vtk-7.1/VTKTargets.cmake"
[0.771s] but not all the files it references.
[0.771s] 
[0.789s] -- Checking for module 'libusb-1.0'
[0.793s] --   No package 'libusb-1.0' found
[0.798s] -- Could NOT find USB_10 (missing: USB_10_LIBRARY USB_10_INCLUDE_DIR) 
[0.798s] -- OpenNI disabled because libusb-1.0 not found.
[0.798s] ** WARNING ** io features related to openni will be disabled
[0.803s] -- Checking for module 'libusb-1.0'
[0.808s] --   No package 'libusb-1.0' found
[0.815s] -- Could NOT find USB_10 (missing: USB_10_LIBRARY USB_10_INCLUDE_DIR) 
[0.816s] -- OpenNI 2 disabled because libusb-1.0 not found.
[0.816s] ** WARNING ** io features related to openni2 will be disabled
[0.816s] ** WARNING ** io features related to pcap will be disabled
[0.816s] ** WARNING ** io features related to png will be disabled
[0.838s] -- LIBUSB_1_LIBRARY (missing: LIBUSB_1_INCLUDE_DIR) 
[0.838s] ** WARNING ** io features related to libusb-1.0 will be disabled
[0.843s] -- Checking for module 'libusb-1.0'
[0.848s] --   No package 'libusb-1.0' found
[0.853s] -- Could NOT find USB_10 (missing: USB_10_LIBRARY USB_10_INCLUDE_DIR) 
[0.853s] -- OpenNI disabled because libusb-1.0 not found.
[0.853s] ** WARNING ** visualization features related to openni will be disabled
[0.858s] -- Checking for module 'libusb-1.0'
[0.862s] --   No package 'libusb-1.0' found
[0.868s] -- Could NOT find USB_10 (missing: USB_10_LIBRARY USB_10_INCLUDE_DIR) 
[0.868s] -- OpenNI 2 disabled because libusb-1.0 not found.
[0.868s] ** WARNING ** visualization features related to openni2 will be disabled
[0.881s] -- QHULL found (include: /usr/include, lib: optimized;/usr/lib/x86_64-linux-gnu/libqhull.so;debug;/usr/lib/x86_64-linux-gnu/libqhull.so)
[0.885s] -- Checking for module 'libusb-1.0'
[0.889s] --   No package 'libusb-1.0' found
[0.893s] -- Could NOT find USB_10 (missing: USB_10_LIBRARY USB_10_INCLUDE_DIR) 
[0.894s] -- OpenNI disabled because libusb-1.0 not found.
[0.894s] ** WARNING ** apps features related to openni will be disabled
[0.907s] -- looking for PCL_COMMON
[0.907s] -- looking for PCL_KDTREE
[0.908s] -- looking for PCL_OCTREE
[0.909s] -- looking for PCL_SEARCH
[0.909s] -- looking for PCL_SAMPLE_CONSENSUS
[0.910s] -- looking for PCL_FILTERS
[0.911s] -- looking for PCL_2D
[0.912s] -- looking for PCL_GEOMETRY
[0.912s] -- looking for PCL_IO
[0.913s] -- looking for PCL_FEATURES
[0.914s] -- looking for PCL_ML
[0.914s] -- looking for PCL_SEGMENTATION
[0.915s] -- looking for PCL_VISUALIZATION
[0.916s] -- looking for PCL_SURFACE
[0.917s] -- looking for PCL_REGISTRATION
[0.918s] -- looking for PCL_KEYPOINTS
[0.919s] -- looking for PCL_TRACKING
[0.920s] -- looking for PCL_RECOGNITION
[0.921s] -- looking for PCL_STEREO
[0.921s] -- looking for PCL_APPS
[0.923s] -- looking for PCL_IN_HAND_SCANNER
[0.923s] -- looking for PCL_POINT_CLOUD_EDITOR
[0.924s] -- looking for PCL_OUTOFCORE
[0.925s] -- looking for PCL_PEOPLE
[0.928s] -- Found rosidl_default_generators: 1.1.1 (/opt/ros/galactic/share/rosidl_default_generators/cmake)
[0.970s] -- Found PythonInterp: /usr/bin/python3 (found version "3.8.10") 
[1.108s] -- Found ament_cmake_ros: 0.9.2 (/opt/ros/galactic/share/ament_cmake_ros/cmake)
[1.220s] -- Using all available rosidl_typesupport_c: rosidl_typesupport_fastrtps_c;rosidl_typesupport_introspection_c
[1.232s] -- Using all available rosidl_typesupport_cpp: rosidl_typesupport_fastrtps_cpp;rosidl_typesupport_introspection_cpp
[1.262s] -- Found PythonInterp: /usr/bin/python3 (found suitable version "3.8.10", minimum required is "3.5") 
[1.262s] -- Found python_cmake_module: 0.8.1 (/opt/ros/galactic/share/python_cmake_module/cmake)
[1.291s] -- Using PYTHON_EXECUTABLE: /usr/bin/python3
[1.291s] -- Using PYTHON_INCLUDE_DIRS: /usr/include/python3.8
[1.291s] -- Using PYTHON_LIBRARIES: /usr/lib/x86_64-linux-gnu/libpython3.8.so
[1.339s] -- Found ament_lint_auto: 0.10.6 (/opt/ros/galactic/share/ament_lint_auto/cmake)
[1.349s] -- Added test 'copyright' to check source files copyright and LICENSE
[1.350s] -- Added test 'cppcheck' to perform static code analysis on C / C++ code
[1.352s] -- Configured cppcheck include dirs: /home/student/lidar-ws/src/lidar_cpp/include
[1.352s] -- Configured cppcheck exclude dirs and/or files: 
[1.352s] -- Added test 'cpplint' to check C / C++ code against the Google style
[1.353s] -- Configured cpplint exclude dirs and/or files: 
[1.353s] -- Added test 'lint_cmake' to check CMake code style
[1.354s] -- Added test 'uncrustify' to check C / C++ code style
[1.354s] -- Configured uncrustify additional arguments: 
[1.354s] -- Added test 'xmllint' to check XML markup files
[1.358s] -- Configuring done
[1.454s] -- Generating done
[1.459s] -- Build files have been written to: /home/student/lidar-ws/build/lidar_cpp
[1.493s] [35m[1mScanning dependencies of target lidar_server[0m
[1.495s] [35m[1mScanning dependencies of target lidar[0m
[1.503s] [  2%] Built target lidar_cpp__cpp
[1.504s] [ 11%] Built target lidar_cpp__rosidl_generator_c
[1.533s] [ 20%] Built target lidar_cpp__rosidl_typesupport_cpp
[1.536s] [ 28%] Built target lidar_cpp__rosidl_typesupport_introspection_cpp
[1.542s] [ 37%] Built target lidar_cpp__rosidl_typesupport_fastrtps_cpp
[1.553s] [ 40%] [32mBuilding CXX object CMakeFiles/lidar.dir/src/lidar_publisher.cpp.o[0m
[1.560s] [ 48%] Built target lidar_cpp__rosidl_typesupport_introspection_c
[1.561s] [ 57%] Built target lidar_cpp__rosidl_typesupport_c
[1.574s] [ 65%] Built target lidar_cpp__rosidl_typesupport_fastrtps_c
[1.581s] [ 68%] [32mBuilding CXX object CMakeFiles/lidar_server.dir/src/lidar_publisher.cpp.o[0m
[1.594s] [ 68%] Built target lidar_cpp
[1.621s] [ 71%] Built target lidar_cpp__py
[1.649s] [ 77%] Built target lidar_cpp__python
[1.677s] [ 82%] Built target lidar_cpp__rosidl_typesupport_c__pyext
[1.681s] [ 88%] Built target lidar_cpp__rosidl_typesupport_fastrtps_c__pyext
[1.681s] [ 94%] Built target lidar_cpp__rosidl_typesupport_introspection_c__pyext
[7.163s] [01m[K/home/student/lidar-ws/src/lidar_cpp/src/lidar_publisher.cpp:[m[K In member function â€˜[01m[KLidarPublisher::pcl_ptr LidarPublisher::points_to_pcl(const rs2::points&)[m[Kâ€™:
[7.163s] [01m[K/home/student/lidar-ws/src/lidar_cpp/src/lidar_publisher.cpp:47:13:[m[K [01;31m[Kerror: [m[Kâ€˜[01m[Kstruct pcl::PointXYZ[m[Kâ€™ has no member named â€˜[01m[Kptr[m[Kâ€™
[7.164s]    47 |             [01;31m[Kptr[m[K++;
[7.164s]       |             [01;31m[K^~~[m[K
[7.189s] [01m[K/home/student/lidar-ws/src/lidar_cpp/src/lidar_publisher.cpp:[m[K In member function â€˜[01m[KLidarPublisher::pcl_ptr LidarPublisher::points_to_pcl(const rs2::points&)[m[Kâ€™:
[7.189s] [01m[K/home/student/lidar-ws/src/lidar_cpp/src/lidar_publisher.cpp:47:13:[m[K [01;31m[Kerror: [m[Kâ€˜[01m[Kstruct pcl::PointXYZ[m[Kâ€™ has no member named â€˜[01m[Kptr[m[Kâ€™
[7.189s]    47 |             [01;31m[Kptr[m[K++;
[7.189s]       |             [01;31m[K^~~[m[K
[8.766s] make[2]: *** [CMakeFiles/lidar_server.dir/build.make:63: CMakeFiles/lidar_server.dir/src/lidar_publisher.cpp.o] Error 1
[8.767s] make[1]: *** [CMakeFiles/Makefile2:125: CMakeFiles/lidar_server.dir/all] Error 2
[8.767s] make[1]: *** Waiting for unfinished jobs....
[8.791s] make[2]: *** [CMakeFiles/lidar.dir/build.make:63: CMakeFiles/lidar.dir/src/lidar_publisher.cpp.o] Error 1
[8.791s] make[1]: *** [CMakeFiles/Makefile2:152: CMakeFiles/lidar.dir/all] Error 2
[8.791s] make: *** [Makefile:141: all] Error 2
[8.793s] Invoked command in '/home/student/lidar-ws/build/lidar_cpp' returned '2': CMAKE_PREFIX_PATH=${CMAKE_PREFIX_PATH}:/home/student/ws/install/py_ctrl:/home/student/ws/install/case_scenes:/home/student/ia_ws/install/viz_static:/home/student/ia_ws/install/viz_interactive:/home/student/ia_ws/install/ur_setup:/home/student/ia_ws/install/tf_lookup:/home/student/ia_ws/install/tf_broadcast:/home/student/ia_ws/install/tf_scene:/home/student/ia_ws/install/gui_tools:/home/student/ia_ws/install/aruco_handler:/opt/ros/galactic /usr/bin/cmake --build /home/student/lidar-ws/build/lidar_cpp -- -j8 -l8
