[0.018s] Invoking command in '/home/student/lidar-ws/build/lidar_cpp': CMAKE_PREFIX_PATH=${CMAKE_PREFIX_PATH}:/home/student/ws/install/py_ctrl:/home/student/ws/install/case_scenes:/home/student/ia_ws/install/viz_static:/home/student/ia_ws/install/viz_interactive:/home/student/ia_ws/install/ur_setup:/home/student/ia_ws/install/tf_lookup:/home/student/ia_ws/install/tf_broadcast:/home/student/ia_ws/install/tf_scene:/home/student/ia_ws/install/gui_tools:/home/student/ia_ws/install/aruco_handler:/opt/ros/galactic /usr/bin/cmake --build /home/student/lidar-ws/build/lidar_cpp -- -j8 -l8
[0.058s] -- Found ament_cmake: 1.1.4 (/opt/ros/galactic/share/ament_cmake/cmake)
[0.091s] -- Found PythonInterp: /usr/bin/python3 (found suitable version "3.8.10", minimum required is "3") 
[0.091s] -- Using PYTHON_EXECUTABLE: /usr/bin/python3
[0.165s] -- Found rclcpp: 9.2.0 (/opt/ros/galactic/share/rclcpp/cmake)
[0.202s] -- Using all available rosidl_typesupport_c: rosidl_typesupport_fastrtps_c;rosidl_typesupport_introspection_c
[0.205s] -- Found rosidl_adapter: 2.2.1 (/opt/ros/galactic/share/rosidl_adapter/cmake)
[0.333s] -- Using all available rosidl_typesupport_cpp: rosidl_typesupport_fastrtps_cpp;rosidl_typesupport_introspection_cpp
[0.383s] -- Found rmw_implementation_cmake: 3.3.1 (/opt/ros/galactic/share/rmw_implementation_cmake/cmake)
[0.385s] -- Found rmw_cyclonedds_cpp: 0.22.3 (/opt/ros/galactic/share/rmw_cyclonedds_cpp/cmake)
[0.402s] -- Using RMW implementation 'rmw_cyclonedds_cpp' as default
[0.541s] -- Found sensor_msgs: 2.2.3 (/opt/ros/galactic/share/sensor_msgs/cmake)
[0.662s] -- Eigen found (include: /usr/include/eigen3, version: 3.3.7)
[0.751s] -- The imported target "vtkParseOGLExt" references the file
[0.752s]    "/usr/bin/vtkParseOGLExt-7.1"
[0.752s] but this file does not exist.  Possible reasons include:
[0.752s] * The file was deleted, renamed, or moved to another location.
[0.752s] * An install or uninstall procedure did not complete successfully.
[0.752s] * The installation package was faulty and contained
[0.752s]    "/usr/lib/cmake/vtk-7.1/VTKTargets.cmake"
[0.752s] but not all the files it references.
[0.752s] 
[0.753s] -- The imported target "vtkRenderingPythonTkWidgets" references the file
[0.753s]    "/usr/lib/x86_64-linux-gnu/libvtkRenderingPythonTkWidgets.so"
[0.753s] but this file does not exist.  Possible reasons include:
[0.753s] * The file was deleted, renamed, or moved to another location.
[0.753s] * An install or uninstall procedure did not complete successfully.
[0.753s] * The installation package was faulty and contained
[0.753s]    "/usr/lib/cmake/vtk-7.1/VTKTargets.cmake"
[0.754s] but not all the files it references.
[0.754s] 
[0.754s] -- The imported target "vtk" references the file
[0.754s]    "/usr/bin/vtk"
[0.754s] but this file does not exist.  Possible reasons include:
[0.754s] * The file was deleted, renamed, or moved to another location.
[0.754s] * An install or uninstall procedure did not complete successfully.
[0.755s] * The installation package was faulty and contained
[0.755s]    "/usr/lib/cmake/vtk-7.1/VTKTargets.cmake"
[0.755s] but not all the files it references.
[0.755s] 
[0.755s] -- The imported target "pvtk" references the file
[0.755s]    "/usr/bin/pvtk"
[0.755s] but this file does not exist.  Possible reasons include:
[0.755s] * The file was deleted, renamed, or moved to another location.
[0.755s] * An install or uninstall procedure did not complete successfully.
[0.755s] * The installation package was faulty and contained
[0.756s]    "/usr/lib/cmake/vtk-7.1/VTKTargets.cmake"
[0.756s] but not all the files it references.
[0.756s] 
[0.776s] -- Checking for module 'libusb-1.0'
[0.780s] --   No package 'libusb-1.0' found
[0.785s] -- Could NOT find USB_10 (missing: USB_10_LIBRARY USB_10_INCLUDE_DIR) 
[0.785s] -- OpenNI disabled because libusb-1.0 not found.
[0.785s] ** WARNING ** io features related to openni will be disabled
[0.790s] -- Checking for module 'libusb-1.0'
[0.794s] --   No package 'libusb-1.0' found
[0.798s] -- Could NOT find USB_10 (missing: USB_10_LIBRARY USB_10_INCLUDE_DIR) 
[0.799s] -- OpenNI 2 disabled because libusb-1.0 not found.
[0.799s] ** WARNING ** io features related to openni2 will be disabled
[0.799s] ** WARNING ** io features related to pcap will be disabled
[0.799s] ** WARNING ** io features related to png will be disabled
[0.814s] -- LIBUSB_1_LIBRARY (missing: LIBUSB_1_INCLUDE_DIR) 
[0.814s] ** WARNING ** io features related to libusb-1.0 will be disabled
[0.821s] -- Checking for module 'libusb-1.0'
[0.827s] --   No package 'libusb-1.0' found
[0.832s] -- Could NOT find USB_10 (missing: USB_10_LIBRARY USB_10_INCLUDE_DIR) 
[0.833s] -- OpenNI disabled because libusb-1.0 not found.
[0.833s] ** WARNING ** visualization features related to openni will be disabled
[0.839s] -- Checking for module 'libusb-1.0'
[0.843s] --   No package 'libusb-1.0' found
[0.848s] -- Could NOT find USB_10 (missing: USB_10_LIBRARY USB_10_INCLUDE_DIR) 
[0.849s] -- OpenNI 2 disabled because libusb-1.0 not found.
[0.849s] ** WARNING ** visualization features related to openni2 will be disabled
[0.862s] -- QHULL found (include: /usr/include, lib: optimized;/usr/lib/x86_64-linux-gnu/libqhull.so;debug;/usr/lib/x86_64-linux-gnu/libqhull.so)
[0.866s] -- Checking for module 'libusb-1.0'
[0.870s] --   No package 'libusb-1.0' found
[0.874s] -- Could NOT find USB_10 (missing: USB_10_LIBRARY USB_10_INCLUDE_DIR) 
[0.874s] -- OpenNI disabled because libusb-1.0 not found.
[0.874s] ** WARNING ** apps features related to openni will be disabled
[0.886s] -- looking for PCL_COMMON
[0.886s] -- looking for PCL_KDTREE
[0.887s] -- looking for PCL_OCTREE
[0.887s] -- looking for PCL_SEARCH
[0.888s] -- looking for PCL_SAMPLE_CONSENSUS
[0.889s] -- looking for PCL_FILTERS
[0.889s] -- looking for PCL_2D
[0.890s] -- looking for PCL_GEOMETRY
[0.890s] -- looking for PCL_IO
[0.891s] -- looking for PCL_FEATURES
[0.891s] -- looking for PCL_ML
[0.892s] -- looking for PCL_SEGMENTATION
[0.892s] -- looking for PCL_VISUALIZATION
[0.893s] -- looking for PCL_SURFACE
[0.894s] -- looking for PCL_REGISTRATION
[0.894s] -- looking for PCL_KEYPOINTS
[0.895s] -- looking for PCL_TRACKING
[0.895s] -- looking for PCL_RECOGNITION
[0.896s] -- looking for PCL_STEREO
[0.897s] -- looking for PCL_APPS
[0.898s] -- looking for PCL_IN_HAND_SCANNER
[0.898s] -- looking for PCL_POINT_CLOUD_EDITOR
[0.898s] -- looking for PCL_OUTOFCORE
[0.899s] -- looking for PCL_PEOPLE
[0.901s] -- Found rosidl_default_generators: 1.1.1 (/opt/ros/galactic/share/rosidl_default_generators/cmake)
[0.947s] -- Found PythonInterp: /usr/bin/python3 (found version "3.8.10") 
[1.087s] -- Found ament_cmake_ros: 0.9.2 (/opt/ros/galactic/share/ament_cmake_ros/cmake)
[1.198s] -- Using all available rosidl_typesupport_c: rosidl_typesupport_fastrtps_c;rosidl_typesupport_introspection_c
[1.208s] -- Using all available rosidl_typesupport_cpp: rosidl_typesupport_fastrtps_cpp;rosidl_typesupport_introspection_cpp
[1.241s] -- Found PythonInterp: /usr/bin/python3 (found suitable version "3.8.10", minimum required is "3.5") 
[1.241s] -- Found python_cmake_module: 0.8.1 (/opt/ros/galactic/share/python_cmake_module/cmake)
[1.269s] -- Using PYTHON_EXECUTABLE: /usr/bin/python3
[1.269s] -- Using PYTHON_INCLUDE_DIRS: /usr/include/python3.8
[1.269s] -- Using PYTHON_LIBRARIES: /usr/lib/x86_64-linux-gnu/libpython3.8.so
[1.301s] -- Found ament_lint_auto: 0.10.6 (/opt/ros/galactic/share/ament_lint_auto/cmake)
[1.315s] -- Added test 'copyright' to check source files copyright and LICENSE
[1.316s] -- Added test 'cppcheck' to perform static code analysis on C / C++ code
[1.319s] -- Configured cppcheck include dirs: 
[1.319s] -- Configured cppcheck exclude dirs and/or files: 
[1.319s] -- Added test 'cpplint' to check C / C++ code against the Google style
[1.320s] -- Configured cpplint exclude dirs and/or files: 
[1.320s] -- Added test 'lint_cmake' to check CMake code style
[1.321s] -- Added test 'uncrustify' to check C / C++ code style
[1.321s] -- Configured uncrustify additional arguments: 
[1.322s] -- Added test 'xmllint' to check XML markup files
[1.327s] -- Configuring done
[1.388s] -- Generating done
[1.393s] -- Build files have been written to: /home/student/lidar-ws/build/lidar_cpp
[1.448s] [  6%] Built target lidar_cpp__cpp
[1.448s] [ 12%] Built target lidar_cpp__rosidl_generator_c
[1.469s] [ 15%] [32m[1mLinking CXX executable lidar_server[0m
[1.475s] [ 24%] Built target lidar_cpp__rosidl_typesupport_introspection_cpp
[1.475s] [ 33%] Built target lidar_cpp__rosidl_typesupport_cpp
[1.477s] [ 42%] Built target lidar_cpp__rosidl_typesupport_c
[1.478s] [ 51%] Built target lidar_cpp__rosidl_typesupport_introspection_c
[1.478s] [ 60%] Built target lidar_cpp__rosidl_typesupport_fastrtps_cpp
[1.506s] [ 69%] Built target lidar_cpp__rosidl_typesupport_fastrtps_c
[1.532s] [ 69%] Built target lidar_cpp
[1.559s] [ 72%] [34m[1mGenerating Python code for ROS interfaces[0m
[2.035s] [ 72%] Built target lidar_cpp__py
[2.050s] [35m[1mScanning dependencies of target lidar_cpp__python[0m
[2.072s] [ 75%] [32mBuilding C object CMakeFiles/lidar_cpp__python.dir/rosidl_generator_py/lidar_cpp/srv/_lidar_service_s.c.o[0m
[2.166s] [ 78%] [32m[1mLinking C shared library rosidl_generator_py/lidar_cpp/liblidar_cpp__python.so[0m
[2.211s] [ 78%] Built target lidar_cpp__python
[2.212s] /usr/bin/ld: CMakeFiles/lidar_server.dir/src/lidar_server.cpp.o: in function `rclcpp::Service<lidar_cpp::srv::LidarService>::Service(std::shared_ptr<rcl_node_t>, std::__cxx11::basic_string<char, std::char_traits<char>, std::allocator<char> > const&, rclcpp::AnyServiceCallback<lidar_cpp::srv::LidarService>, rcl_service_options_t&)':
[2.213s] lidar_server.cpp:(.text._ZN6rclcpp7ServiceIN9lidar_cpp3srv12LidarServiceEEC2ESt10shared_ptrI10rcl_node_tERKNSt7__cxx1112basic_stringIcSt11char_traitsIcESaIcEEENS_18AnyServiceCallbackIS3_EER21rcl_service_options_t[_ZN6rclcpp7ServiceIN9lidar_cpp3srv12LidarServiceEEC5ESt10shared_ptrI10rcl_node_tERKNSt7__cxx1112basic_stringIcSt11char_traitsIcESaIcEEENS_18AnyServiceCallbackIS3_EER21rcl_service_options_t]+0xb4): undefined reference to `rosidl_service_type_support_t const* rosidl_typesupport_cpp::get_service_type_support_handle<lidar_cpp::srv::LidarService>()'
[2.213s] collect2: error: ld returned 1 exit status
[2.215s] make[2]: *** [CMakeFiles/lidar_server.dir/build.make:231: lidar_server] Error 1
[2.215s] make[1]: *** [CMakeFiles/Makefile2:123: CMakeFiles/lidar_server.dir/all] Error 2
[2.215s] make[1]: *** Waiting for unfinished jobs....
[2.225s] [35m[1mScanning dependencies of target lidar_cpp__rosidl_typesupport_fastrtps_c__pyext[0m
[2.226s] [35m[1mScanning dependencies of target lidar_cpp__rosidl_typesupport_c__pyext[0m
[2.226s] [35m[1mScanning dependencies of target lidar_cpp__rosidl_typesupport_introspection_c__pyext[0m
[2.250s] [ 84%] [32mBuilding C object CMakeFiles/lidar_cpp__rosidl_typesupport_fastrtps_c__pyext.dir/rosidl_generator_py/lidar_cpp/_lidar_cpp_s.ep.rosidl_typesupport_fastrtps_c.c.o[0m
[2.250s] [ 84%] [32mBuilding C object CMakeFiles/lidar_cpp__rosidl_typesupport_c__pyext.dir/rosidl_generator_py/lidar_cpp/_lidar_cpp_s.ep.rosidl_typesupport_c.c.o[0m
[2.251s] [ 87%] [32mBuilding C object CMakeFiles/lidar_cpp__rosidl_typesupport_introspection_c__pyext.dir/rosidl_generator_py/lidar_cpp/_lidar_cpp_s.ep.rosidl_typesupport_introspection_c.c.o[0m
[2.334s] [ 90%] [32m[1mLinking C shared library rosidl_generator_py/lidar_cpp/lidar_cpp_s__rosidl_typesupport_c.cpython-38-x86_64-linux-gnu.so[0m
[2.335s] [ 93%] [32m[1mLinking C shared library rosidl_generator_py/lidar_cpp/lidar_cpp_s__rosidl_typesupport_introspection_c.cpython-38-x86_64-linux-gnu.so[0m
[2.339s] [ 96%] [32m[1mLinking CXX shared library rosidl_generator_py/lidar_cpp/lidar_cpp_s__rosidl_typesupport_fastrtps_c.cpython-38-x86_64-linux-gnu.so[0m
[2.369s] [ 96%] Built target lidar_cpp__rosidl_typesupport_c__pyext
[2.369s] [ 96%] Built target lidar_cpp__rosidl_typesupport_introspection_c__pyext
[2.402s] [ 96%] Built target lidar_cpp__rosidl_typesupport_fastrtps_c__pyext
[2.403s] make: *** [Makefile:141: all] Error 2
[2.406s] Invoked command in '/home/student/lidar-ws/build/lidar_cpp' returned '2': CMAKE_PREFIX_PATH=${CMAKE_PREFIX_PATH}:/home/student/ws/install/py_ctrl:/home/student/ws/install/case_scenes:/home/student/ia_ws/install/viz_static:/home/student/ia_ws/install/viz_interactive:/home/student/ia_ws/install/ur_setup:/home/student/ia_ws/install/tf_lookup:/home/student/ia_ws/install/tf_broadcast:/home/student/ia_ws/install/tf_scene:/home/student/ia_ws/install/gui_tools:/home/student/ia_ws/install/aruco_handler:/opt/ros/galactic /usr/bin/cmake --build /home/student/lidar-ws/build/lidar_cpp -- -j8 -l8
