[0.022s] Invoking command in '/home/student/lidar-ws/build/lidar_cpp': CMAKE_PREFIX_PATH=${CMAKE_PREFIX_PATH}:/home/student/ws/install/py_ctrl:/home/student/ws/install/case_scenes:/home/student/ia_ws/install/viz_static:/home/student/ia_ws/install/viz_interactive:/home/student/ia_ws/install/ur_setup:/home/student/ia_ws/install/tf_lookup:/home/student/ia_ws/install/tf_broadcast:/home/student/ia_ws/install/tf_scene:/home/student/ia_ws/install/gui_tools:/home/student/ia_ws/install/aruco_handler:/opt/ros/galactic /usr/bin/cmake --build /home/student/lidar-ws/build/lidar_cpp -- -j8 -l8
[0.063s] -- Found ament_cmake: 1.1.4 (/opt/ros/galactic/share/ament_cmake/cmake)
[0.094s] -- Found PythonInterp: /usr/bin/python3 (found suitable version "3.8.10", minimum required is "3") 
[0.094s] -- Using PYTHON_EXECUTABLE: /usr/bin/python3
[0.176s] -- Found rclcpp: 9.2.0 (/opt/ros/galactic/share/rclcpp/cmake)
[0.214s] -- Using all available rosidl_typesupport_c: rosidl_typesupport_fastrtps_c;rosidl_typesupport_introspection_c
[0.219s] -- Found rosidl_adapter: 2.2.1 (/opt/ros/galactic/share/rosidl_adapter/cmake)
[0.358s] -- Using all available rosidl_typesupport_cpp: rosidl_typesupport_fastrtps_cpp;rosidl_typesupport_introspection_cpp
[0.412s] -- Found rmw_implementation_cmake: 3.3.1 (/opt/ros/galactic/share/rmw_implementation_cmake/cmake)
[0.416s] -- Found rmw_cyclonedds_cpp: 0.22.3 (/opt/ros/galactic/share/rmw_cyclonedds_cpp/cmake)
[0.441s] -- Using RMW implementation 'rmw_cyclonedds_cpp' as default
[0.590s] -- Found sensor_msgs: 2.2.3 (/opt/ros/galactic/share/sensor_msgs/cmake)
[0.737s] -- Eigen found (include: /usr/include/eigen3, version: 3.3.7)
[0.839s] -- The imported target "vtkParseOGLExt" references the file
[0.839s]    "/usr/bin/vtkParseOGLExt-7.1"
[0.839s] but this file does not exist.  Possible reasons include:
[0.839s] * The file was deleted, renamed, or moved to another location.
[0.839s] * An install or uninstall procedure did not complete successfully.
[0.839s] * The installation package was faulty and contained
[0.839s]    "/usr/lib/cmake/vtk-7.1/VTKTargets.cmake"
[0.839s] but not all the files it references.
[0.839s] 
[0.840s] -- The imported target "vtkRenderingPythonTkWidgets" references the file
[0.840s]    "/usr/lib/x86_64-linux-gnu/libvtkRenderingPythonTkWidgets.so"
[0.840s] but this file does not exist.  Possible reasons include:
[0.840s] * The file was deleted, renamed, or moved to another location.
[0.840s] * An install or uninstall procedure did not complete successfully.
[0.840s] * The installation package was faulty and contained
[0.841s]    "/usr/lib/cmake/vtk-7.1/VTKTargets.cmake"
[0.841s] but not all the files it references.
[0.841s] 
[0.841s] -- The imported target "vtk" references the file
[0.841s]    "/usr/bin/vtk"
[0.841s] but this file does not exist.  Possible reasons include:
[0.842s] * The file was deleted, renamed, or moved to another location.
[0.842s] * An install or uninstall procedure did not complete successfully.
[0.842s] * The installation package was faulty and contained
[0.842s]    "/usr/lib/cmake/vtk-7.1/VTKTargets.cmake"
[0.843s] but not all the files it references.
[0.843s] 
[0.843s] -- The imported target "pvtk" references the file
[0.843s]    "/usr/bin/pvtk"
[0.843s] but this file does not exist.  Possible reasons include:
[0.844s] * The file was deleted, renamed, or moved to another location.
[0.844s] * An install or uninstall procedure did not complete successfully.
[0.844s] * The installation package was faulty and contained
[0.844s]    "/usr/lib/cmake/vtk-7.1/VTKTargets.cmake"
[0.844s] but not all the files it references.
[0.845s] 
[0.862s] -- Checking for module 'libusb-1.0'
[0.865s] --   No package 'libusb-1.0' found
[0.869s] -- Could NOT find USB_10 (missing: USB_10_LIBRARY USB_10_INCLUDE_DIR) 
[0.870s] -- OpenNI disabled because libusb-1.0 not found.
[0.870s] ** WARNING ** io features related to openni will be disabled
[0.874s] -- Checking for module 'libusb-1.0'
[0.879s] --   No package 'libusb-1.0' found
[0.883s] -- Could NOT find USB_10 (missing: USB_10_LIBRARY USB_10_INCLUDE_DIR) 
[0.884s] -- OpenNI 2 disabled because libusb-1.0 not found.
[0.884s] ** WARNING ** io features related to openni2 will be disabled
[0.884s] ** WARNING ** io features related to pcap will be disabled
[0.884s] ** WARNING ** io features related to png will be disabled
[0.900s] -- LIBUSB_1_LIBRARY (missing: LIBUSB_1_INCLUDE_DIR) 
[0.901s] ** WARNING ** io features related to libusb-1.0 will be disabled
[0.905s] -- Checking for module 'libusb-1.0'
[0.909s] --   No package 'libusb-1.0' found
[0.915s] -- Could NOT find USB_10 (missing: USB_10_LIBRARY USB_10_INCLUDE_DIR) 
[0.915s] -- OpenNI disabled because libusb-1.0 not found.
[0.916s] ** WARNING ** visualization features related to openni will be disabled
[0.922s] -- Checking for module 'libusb-1.0'
[0.926s] --   No package 'libusb-1.0' found
[0.932s] -- Could NOT find USB_10 (missing: USB_10_LIBRARY USB_10_INCLUDE_DIR) 
[0.933s] -- OpenNI 2 disabled because libusb-1.0 not found.
[0.933s] ** WARNING ** visualization features related to openni2 will be disabled
[0.950s] -- QHULL found (include: /usr/include, lib: optimized;/usr/lib/x86_64-linux-gnu/libqhull.so;debug;/usr/lib/x86_64-linux-gnu/libqhull.so)
[0.956s] -- Checking for module 'libusb-1.0'
[0.961s] --   No package 'libusb-1.0' found
[0.965s] -- Could NOT find USB_10 (missing: USB_10_LIBRARY USB_10_INCLUDE_DIR) 
[0.966s] -- OpenNI disabled because libusb-1.0 not found.
[0.966s] ** WARNING ** apps features related to openni will be disabled
[0.978s] -- looking for PCL_COMMON
[0.979s] -- looking for PCL_KDTREE
[0.979s] -- looking for PCL_OCTREE
[0.980s] -- looking for PCL_SEARCH
[0.981s] -- looking for PCL_SAMPLE_CONSENSUS
[0.981s] -- looking for PCL_FILTERS
[0.982s] -- looking for PCL_2D
[0.982s] -- looking for PCL_GEOMETRY
[0.983s] -- looking for PCL_IO
[0.983s] -- looking for PCL_FEATURES
[0.984s] -- looking for PCL_ML
[0.984s] -- looking for PCL_SEGMENTATION
[0.985s] -- looking for PCL_VISUALIZATION
[0.986s] -- looking for PCL_SURFACE
[0.986s] -- looking for PCL_REGISTRATION
[0.987s] -- looking for PCL_KEYPOINTS
[0.988s] -- looking for PCL_TRACKING
[0.988s] -- looking for PCL_RECOGNITION
[0.989s] -- looking for PCL_STEREO
[0.990s] -- looking for PCL_APPS
[0.991s] -- looking for PCL_IN_HAND_SCANNER
[0.991s] -- looking for PCL_POINT_CLOUD_EDITOR
[0.992s] -- looking for PCL_OUTOFCORE
[0.993s] -- looking for PCL_PEOPLE
[0.994s] -- Found rosidl_default_generators: 1.1.1 (/opt/ros/galactic/share/rosidl_default_generators/cmake)
[1.040s] -- Found PythonInterp: /usr/bin/python3 (found version "3.8.10") 
[1.188s] -- Found ament_cmake_ros: 0.9.2 (/opt/ros/galactic/share/ament_cmake_ros/cmake)
[1.312s] -- Using all available rosidl_typesupport_c: rosidl_typesupport_fastrtps_c;rosidl_typesupport_introspection_c
[1.325s] -- Using all available rosidl_typesupport_cpp: rosidl_typesupport_fastrtps_cpp;rosidl_typesupport_introspection_cpp
[1.361s] -- Found PythonInterp: /usr/bin/python3 (found suitable version "3.8.10", minimum required is "3.5") 
[1.362s] -- Found python_cmake_module: 0.8.1 (/opt/ros/galactic/share/python_cmake_module/cmake)
[1.393s] -- Using PYTHON_EXECUTABLE: /usr/bin/python3
[1.394s] -- Using PYTHON_INCLUDE_DIRS: /usr/include/python3.8
[1.394s] -- Using PYTHON_LIBRARIES: /usr/lib/x86_64-linux-gnu/libpython3.8.so
[1.450s] -- Found ament_lint_auto: 0.10.6 (/opt/ros/galactic/share/ament_lint_auto/cmake)
[1.462s] -- Added test 'copyright' to check source files copyright and LICENSE
[1.463s] -- Added test 'cppcheck' to perform static code analysis on C / C++ code
[1.465s] -- Configured cppcheck include dirs: 
[1.465s] -- Configured cppcheck exclude dirs and/or files: 
[1.465s] -- Added test 'cpplint' to check C / C++ code against the Google style
[1.465s] -- Configured cpplint exclude dirs and/or files: 
[1.466s] -- Added test 'lint_cmake' to check CMake code style
[1.467s] -- Added test 'uncrustify' to check C / C++ code style
[1.467s] -- Configured uncrustify additional arguments: 
[1.467s] -- Added test 'xmllint' to check XML markup files
[1.473s] -- Configuring done
[1.577s] -- Generating done
[1.583s] -- Build files have been written to: /home/student/lidar-ws/build/lidar_cpp
[1.621s] [  2%] [34m[1mGenerating C code for ROS interfaces[0m
[1.638s] [  5%] [34m[1mGenerating C++ code for ROS interfaces[0m
[1.659s] [  8%] [32m[1mLinking CXX executable lidar_server[0m
[1.664s] [ 14%] Built target lidar
[1.975s] [35m[1mScanning dependencies of target lidar_cpp__rosidl_generator_c[0m
[1.991s] [ 17%] [32mBuilding C object CMakeFiles/lidar_cpp__rosidl_generator_c.dir/rosidl_generator_c/lidar_cpp/srv/detail/lidar_service__functions.c.o[0m
[1.992s] [ 17%] Built target lidar_cpp__cpp
[2.004s] [ 22%] [34m[1mGenerating C++ type support for eProsima Fast-RTPS[0m
[2.004s] [ 22%] [34m[1mGenerating C++ introspection for ROS interfaces[0m
[2.006s] [ 25%] [34m[1mGenerating C++ type support dispatch for ROS interfaces[0m
[2.059s] [ 28%] [32m[1mLinking C shared library liblidar_cpp__rosidl_generator_c.so[0m
[2.107s] [ 28%] Built target lidar_cpp__rosidl_generator_c
[2.121s] [ 31%] [34m[1mGenerating C type support dispatch for ROS interfaces[0m
[2.121s] [ 34%] [34m[1mGenerating C introspection for ROS interfaces[0m
[2.383s] [35m[1mScanning dependencies of target lidar_cpp__rosidl_typesupport_introspection_cpp[0m
[2.405s] [ 37%] [32mBuilding CXX object CMakeFiles/lidar_cpp__rosidl_typesupport_introspection_cpp.dir/rosidl_typesupport_introspection_cpp/lidar_cpp/srv/detail/lidar_service__type_support.cpp.o[0m
[2.406s] [35m[1mScanning dependencies of target lidar_cpp__rosidl_typesupport_cpp[0m
[2.431s] [ 40%] [32mBuilding CXX object CMakeFiles/lidar_cpp__rosidl_typesupport_cpp.dir/rosidl_typesupport_cpp/lidar_cpp/srv/lidar_service__type_support.cpp.o[0m
[2.442s] [35m[1mScanning dependencies of target lidar_cpp__rosidl_typesupport_fastrtps_cpp[0m
[2.455s] [35m[1mScanning dependencies of target lidar_cpp__rosidl_typesupport_introspection_c[0m
[2.470s] [ 42%] [32mBuilding CXX object CMakeFiles/lidar_cpp__rosidl_typesupport_fastrtps_cpp.dir/rosidl_typesupport_fastrtps_cpp/lidar_cpp/srv/detail/dds_fastrtps/lidar_service__type_support.cpp.o[0m
[2.475s] [ 45%] [32mBuilding C object CMakeFiles/lidar_cpp__rosidl_typesupport_introspection_c.dir/rosidl_typesupport_introspection_c/lidar_cpp/srv/detail/lidar_service__type_support.c.o[0m
[2.509s] [35m[1mScanning dependencies of target lidar_cpp__rosidl_typesupport_c[0m
[2.523s] [ 48%] [32m[1mLinking C shared library liblidar_cpp__rosidl_typesupport_introspection_c.so[0m
[2.532s] [ 51%] [32mBuilding CXX object CMakeFiles/lidar_cpp__rosidl_typesupport_c.dir/rosidl_typesupport_c/lidar_cpp/srv/lidar_service__type_support.cpp.o[0m
[2.584s] [ 51%] Built target lidar_cpp__rosidl_typesupport_introspection_c
[2.591s] [ 54%] [32m[1mLinking CXX shared library liblidar_cpp__rosidl_typesupport_c.so[0m
[2.641s] [ 54%] Built target lidar_cpp__rosidl_typesupport_c
[2.717s] /usr/bin/ld: CMakeFiles/lidar_server.dir/src/lidar_server.cpp.o: in function `rclcpp::Service<lidar_cpp::srv::LidarService>::Service(std::shared_ptr<rcl_node_t>, std::__cxx11::basic_string<char, std::char_traits<char>, std::allocator<char> > const&, rclcpp::AnyServiceCallback<lidar_cpp::srv::LidarService>, rcl_service_options_t&)':
[2.717s] lidar_server.cpp:(.text._ZN6rclcpp7ServiceIN9lidar_cpp3srv12LidarServiceEEC2ESt10shared_ptrI10rcl_node_tERKNSt7__cxx1112basic_stringIcSt11char_traitsIcESaIcEEENS_18AnyServiceCallbackIS3_EER21rcl_service_options_t[_ZN6rclcpp7ServiceIN9lidar_cpp3srv12LidarServiceEEC5ESt10shared_ptrI10rcl_node_tERKNSt7__cxx1112basic_stringIcSt11char_traitsIcESaIcEEENS_18AnyServiceCallbackIS3_EER21rcl_service_options_t]+0xb4): undefined reference to `rosidl_service_type_support_t const* rosidl_typesupport_cpp::get_service_type_support_handle<lidar_cpp::srv::LidarService>()'
[2.717s] collect2: error: ld returned 1 exit status
[2.719s] make[2]: *** [CMakeFiles/lidar_server.dir/build.make:231: lidar_server] Error 1
[2.719s] make[1]: *** [CMakeFiles/Makefile2:125: CMakeFiles/lidar_server.dir/all] Error 2
[2.719s] make[1]: *** Waiting for unfinished jobs....
[2.800s] [ 57%] [32m[1mLinking CXX shared library liblidar_cpp__rosidl_typesupport_introspection_cpp.so[0m
[2.827s] [ 60%] [32m[1mLinking CXX shared library liblidar_cpp__rosidl_typesupport_cpp.so[0m
[2.880s] [ 60%] Built target lidar_cpp__rosidl_typesupport_cpp
[2.882s] [ 60%] Built target lidar_cpp__rosidl_typesupport_introspection_cpp
[2.967s] [ 62%] [32m[1mLinking CXX shared library liblidar_cpp__rosidl_typesupport_fastrtps_cpp.so[0m
[3.068s] [ 62%] Built target lidar_cpp__rosidl_typesupport_fastrtps_cpp
[3.069s] make: *** [Makefile:141: all] Error 2
[3.071s] Invoked command in '/home/student/lidar-ws/build/lidar_cpp' returned '2': CMAKE_PREFIX_PATH=${CMAKE_PREFIX_PATH}:/home/student/ws/install/py_ctrl:/home/student/ws/install/case_scenes:/home/student/ia_ws/install/viz_static:/home/student/ia_ws/install/viz_interactive:/home/student/ia_ws/install/ur_setup:/home/student/ia_ws/install/tf_lookup:/home/student/ia_ws/install/tf_broadcast:/home/student/ia_ws/install/tf_scene:/home/student/ia_ws/install/gui_tools:/home/student/ia_ws/install/aruco_handler:/opt/ros/galactic /usr/bin/cmake --build /home/student/lidar-ws/build/lidar_cpp -- -j8 -l8
