[0.020s] Invoking command in '/home/student/lidar-ws/build/lidar_cpp': CMAKE_PREFIX_PATH=${CMAKE_PREFIX_PATH}:/home/student/ws/install/py_ctrl:/home/student/ws/install/case_scenes:/home/student/ia_ws/install/viz_static:/home/student/ia_ws/install/viz_interactive:/home/student/ia_ws/install/ur_setup:/home/student/ia_ws/install/tf_lookup:/home/student/ia_ws/install/tf_broadcast:/home/student/ia_ws/install/tf_scene:/home/student/ia_ws/install/gui_tools:/home/student/ia_ws/install/aruco_handler:/opt/ros/galactic /usr/bin/cmake --build /home/student/lidar-ws/build/lidar_cpp -- -j8 -l8
[0.061s] -- Found ament_cmake: 1.1.4 (/opt/ros/galactic/share/ament_cmake/cmake)
[0.091s] -- Found PythonInterp: /usr/bin/python3 (found suitable version "3.8.10", minimum required is "3") 
[0.091s] -- Using PYTHON_EXECUTABLE: /usr/bin/python3
[0.173s] -- Found rclcpp: 9.2.0 (/opt/ros/galactic/share/rclcpp/cmake)
[0.212s] -- Using all available rosidl_typesupport_c: rosidl_typesupport_fastrtps_c;rosidl_typesupport_introspection_c
[0.217s] -- Found rosidl_adapter: 2.2.1 (/opt/ros/galactic/share/rosidl_adapter/cmake)
[0.348s] -- Using all available rosidl_typesupport_cpp: rosidl_typesupport_fastrtps_cpp;rosidl_typesupport_introspection_cpp
[0.395s] -- Found rmw_implementation_cmake: 3.3.1 (/opt/ros/galactic/share/rmw_implementation_cmake/cmake)
[0.397s] -- Found rmw_cyclonedds_cpp: 0.22.3 (/opt/ros/galactic/share/rmw_cyclonedds_cpp/cmake)
[0.422s] -- Using RMW implementation 'rmw_cyclonedds_cpp' as default
[0.563s] -- Found sensor_msgs: 2.2.3 (/opt/ros/galactic/share/sensor_msgs/cmake)
[0.691s] -- Eigen found (include: /usr/include/eigen3, version: 3.3.7)
[0.786s] -- The imported target "vtkParseOGLExt" references the file
[0.787s]    "/usr/bin/vtkParseOGLExt-7.1"
[0.787s] but this file does not exist.  Possible reasons include:
[0.787s] * The file was deleted, renamed, or moved to another location.
[0.787s] * An install or uninstall procedure did not complete successfully.
[0.787s] * The installation package was faulty and contained
[0.787s]    "/usr/lib/cmake/vtk-7.1/VTKTargets.cmake"
[0.787s] but not all the files it references.
[0.787s] 
[0.788s] -- The imported target "vtkRenderingPythonTkWidgets" references the file
[0.788s]    "/usr/lib/x86_64-linux-gnu/libvtkRenderingPythonTkWidgets.so"
[0.788s] but this file does not exist.  Possible reasons include:
[0.788s] * The file was deleted, renamed, or moved to another location.
[0.788s] * An install or uninstall procedure did not complete successfully.
[0.788s] * The installation package was faulty and contained
[0.788s]    "/usr/lib/cmake/vtk-7.1/VTKTargets.cmake"
[0.788s] but not all the files it references.
[0.788s] 
[0.788s] -- The imported target "vtk" references the file
[0.788s]    "/usr/bin/vtk"
[0.789s] but this file does not exist.  Possible reasons include:
[0.789s] * The file was deleted, renamed, or moved to another location.
[0.789s] * An install or uninstall procedure did not complete successfully.
[0.789s] * The installation package was faulty and contained
[0.789s]    "/usr/lib/cmake/vtk-7.1/VTKTargets.cmake"
[0.789s] but not all the files it references.
[0.789s] 
[0.789s] -- The imported target "pvtk" references the file
[0.789s]    "/usr/bin/pvtk"
[0.789s] but this file does not exist.  Possible reasons include:
[0.789s] * The file was deleted, renamed, or moved to another location.
[0.789s] * An install or uninstall procedure did not complete successfully.
[0.789s] * The installation package was faulty and contained
[0.789s]    "/usr/lib/cmake/vtk-7.1/VTKTargets.cmake"
[0.789s] but not all the files it references.
[0.790s] 
[0.808s] -- Checking for module 'libusb-1.0'
[0.813s] --   No package 'libusb-1.0' found
[0.819s] -- Could NOT find USB_10 (missing: USB_10_LIBRARY USB_10_INCLUDE_DIR) 
[0.819s] -- OpenNI disabled because libusb-1.0 not found.
[0.819s] ** WARNING ** io features related to openni will be disabled
[0.825s] -- Checking for module 'libusb-1.0'
[0.829s] --   No package 'libusb-1.0' found
[0.834s] -- Could NOT find USB_10 (missing: USB_10_LIBRARY USB_10_INCLUDE_DIR) 
[0.834s] -- OpenNI 2 disabled because libusb-1.0 not found.
[0.834s] ** WARNING ** io features related to openni2 will be disabled
[0.834s] ** WARNING ** io features related to pcap will be disabled
[0.834s] ** WARNING ** io features related to png will be disabled
[0.850s] -- LIBUSB_1_LIBRARY (missing: LIBUSB_1_INCLUDE_DIR) 
[0.850s] ** WARNING ** io features related to libusb-1.0 will be disabled
[0.854s] -- Checking for module 'libusb-1.0'
[0.857s] --   No package 'libusb-1.0' found
[0.861s] -- Could NOT find USB_10 (missing: USB_10_LIBRARY USB_10_INCLUDE_DIR) 
[0.862s] -- OpenNI disabled because libusb-1.0 not found.
[0.862s] ** WARNING ** visualization features related to openni will be disabled
[0.866s] -- Checking for module 'libusb-1.0'
[0.870s] --   No package 'libusb-1.0' found
[0.875s] -- Could NOT find USB_10 (missing: USB_10_LIBRARY USB_10_INCLUDE_DIR) 
[0.875s] -- OpenNI 2 disabled because libusb-1.0 not found.
[0.875s] ** WARNING ** visualization features related to openni2 will be disabled
[0.889s] -- QHULL found (include: /usr/include, lib: optimized;/usr/lib/x86_64-linux-gnu/libqhull.so;debug;/usr/lib/x86_64-linux-gnu/libqhull.so)
[0.893s] -- Checking for module 'libusb-1.0'
[0.896s] --   No package 'libusb-1.0' found
[0.900s] -- Could NOT find USB_10 (missing: USB_10_LIBRARY USB_10_INCLUDE_DIR) 
[0.900s] -- OpenNI disabled because libusb-1.0 not found.
[0.900s] ** WARNING ** apps features related to openni will be disabled
[0.917s] -- looking for PCL_COMMON
[0.918s] -- looking for PCL_KDTREE
[0.919s] -- looking for PCL_OCTREE
[0.920s] -- looking for PCL_SEARCH
[0.920s] -- looking for PCL_SAMPLE_CONSENSUS
[0.921s] -- looking for PCL_FILTERS
[0.922s] -- looking for PCL_2D
[0.922s] -- looking for PCL_GEOMETRY
[0.923s] -- looking for PCL_IO
[0.924s] -- looking for PCL_FEATURES
[0.924s] -- looking for PCL_ML
[0.925s] -- looking for PCL_SEGMENTATION
[0.926s] -- looking for PCL_VISUALIZATION
[0.927s] -- looking for PCL_SURFACE
[0.928s] -- looking for PCL_REGISTRATION
[0.929s] -- looking for PCL_KEYPOINTS
[0.930s] -- looking for PCL_TRACKING
[0.930s] -- looking for PCL_RECOGNITION
[0.931s] -- looking for PCL_STEREO
[0.932s] -- looking for PCL_APPS
[0.933s] -- looking for PCL_IN_HAND_SCANNER
[0.933s] -- looking for PCL_POINT_CLOUD_EDITOR
[0.934s] -- looking for PCL_OUTOFCORE
[0.934s] -- looking for PCL_PEOPLE
[0.936s] -- Found rosidl_default_generators: 1.1.1 (/opt/ros/galactic/share/rosidl_default_generators/cmake)
[0.973s] -- Found PythonInterp: /usr/bin/python3 (found version "3.8.10") 
[1.114s] -- Found ament_cmake_ros: 0.9.2 (/opt/ros/galactic/share/ament_cmake_ros/cmake)
[1.229s] -- Using all available rosidl_typesupport_c: rosidl_typesupport_fastrtps_c;rosidl_typesupport_introspection_c
[1.239s] -- Using all available rosidl_typesupport_cpp: rosidl_typesupport_fastrtps_cpp;rosidl_typesupport_introspection_cpp
[1.266s] -- Found PythonInterp: /usr/bin/python3 (found suitable version "3.8.10", minimum required is "3.5") 
[1.266s] -- Found python_cmake_module: 0.8.1 (/opt/ros/galactic/share/python_cmake_module/cmake)
[1.294s] -- Using PYTHON_EXECUTABLE: /usr/bin/python3
[1.294s] -- Using PYTHON_INCLUDE_DIRS: /usr/include/python3.8
[1.294s] -- Using PYTHON_LIBRARIES: /usr/lib/x86_64-linux-gnu/libpython3.8.so
[1.347s] -- Found ament_lint_auto: 0.10.6 (/opt/ros/galactic/share/ament_lint_auto/cmake)
[1.358s] -- Added test 'copyright' to check source files copyright and LICENSE
[1.358s] -- Added test 'cppcheck' to perform static code analysis on C / C++ code
[1.360s] -- Configured cppcheck include dirs: 
[1.360s] -- Configured cppcheck exclude dirs and/or files: 
[1.361s] -- Added test 'cpplint' to check C / C++ code against the Google style
[1.361s] -- Configured cpplint exclude dirs and/or files: 
[1.361s] -- Added test 'lint_cmake' to check CMake code style
[1.362s] -- Added test 'uncrustify' to check C / C++ code style
[1.362s] -- Configured uncrustify additional arguments: 
[1.362s] -- Added test 'xmllint' to check XML markup files
[1.367s] -- Configuring done
[1.462s] -- Generating done
[1.467s] -- Build files have been written to: /home/student/lidar-ws/build/lidar_cpp
[1.503s] [35m[1mScanning dependencies of target lidar_cpp__rosidl_generator_c[0m
[1.505s] [35m[1mScanning dependencies of target lidar[0m
[1.505s] [35m[1mScanning dependencies of target lidar_server[0m
[1.517s] [  2%] Built target lidar_cpp__cpp
[1.520s] [  5%] [32mBuilding C object CMakeFiles/lidar_cpp__rosidl_generator_c.dir/rosidl_generator_c/lidar_cpp/srv/detail/lidar_service__functions.c.o[0m
[1.533s] [35m[1mScanning dependencies of target lidar_cpp__rosidl_typesupport_cpp[0m
[1.533s] [35m[1mScanning dependencies of target lidar_cpp__rosidl_typesupport_fastrtps_cpp[0m
[1.534s] [35m[1mScanning dependencies of target lidar_cpp__rosidl_typesupport_introspection_cpp[0m
[1.537s] [  8%] [32mBuilding CXX object CMakeFiles/lidar.dir/src/lidar_publisher.cpp.o[0m
[1.545s] [ 11%] [32mBuilding CXX object CMakeFiles/lidar_server.dir/src/lidar_server.cpp.o[0m
[1.550s] [ 14%] [32mBuilding CXX object CMakeFiles/lidar_cpp__rosidl_typesupport_cpp.dir/rosidl_typesupport_cpp/lidar_cpp/srv/lidar_service__type_support.cpp.o[0m
[1.553s] [ 20%] [32mBuilding CXX object CMakeFiles/lidar_cpp__rosidl_typesupport_fastrtps_cpp.dir/rosidl_typesupport_fastrtps_cpp/lidar_cpp/srv/detail/dds_fastrtps/lidar_service__type_support.cpp.o[0m
[1.553s] [ 20%] [32mBuilding CXX object CMakeFiles/lidar_cpp__rosidl_typesupport_introspection_cpp.dir/rosidl_typesupport_introspection_cpp/lidar_cpp/srv/detail/lidar_service__type_support.cpp.o[0m
[1.580s] [ 22%] [32m[1mLinking C shared library liblidar_cpp__rosidl_generator_c.so[0m
[1.624s] [ 25%] Built target lidar_cpp__rosidl_generator_c
[1.643s] [35m[1mScanning dependencies of target lidar_cpp__rosidl_typesupport_c[0m
[1.645s] [35m[1mScanning dependencies of target lidar_cpp__rosidl_typesupport_introspection_c[0m
[1.660s] [ 28%] [32mBuilding C object CMakeFiles/lidar_cpp__rosidl_typesupport_introspection_c.dir/rosidl_typesupport_introspection_c/lidar_cpp/srv/detail/lidar_service__type_support.c.o[0m
[1.666s] [ 31%] [32mBuilding CXX object CMakeFiles/lidar_cpp__rosidl_typesupport_c.dir/rosidl_typesupport_c/lidar_cpp/srv/lidar_service__type_support.cpp.o[0m
[1.712s] [ 34%] [32m[1mLinking C shared library liblidar_cpp__rosidl_typesupport_introspection_c.so[0m
[1.715s] [ 37%] [32m[1mLinking CXX shared library liblidar_cpp__rosidl_typesupport_c.so[0m
[1.759s] [ 40%] Built target lidar_cpp__rosidl_typesupport_introspection_c
[1.778s] [ 42%] Built target lidar_cpp__rosidl_typesupport_c
[1.996s] [ 45%] [32m[1mLinking CXX shared library liblidar_cpp__rosidl_typesupport_cpp.so[0m
[2.026s] [ 48%] [32m[1mLinking CXX shared library liblidar_cpp__rosidl_typesupport_introspection_cpp.so[0m
[2.052s] [ 51%] Built target lidar_cpp__rosidl_typesupport_cpp
[2.104s] [ 54%] Built target lidar_cpp__rosidl_typesupport_introspection_cpp
[2.173s] [ 57%] [32m[1mLinking CXX shared library liblidar_cpp__rosidl_typesupport_fastrtps_cpp.so[0m
[2.271s] [ 60%] Built target lidar_cpp__rosidl_typesupport_fastrtps_cpp
[2.282s] [35m[1mScanning dependencies of target lidar_cpp__rosidl_typesupport_fastrtps_c[0m
[2.294s] [ 62%] [32mBuilding CXX object CMakeFiles/lidar_cpp__rosidl_typesupport_fastrtps_c.dir/rosidl_typesupport_fastrtps_c/lidar_cpp/srv/detail/lidar_service__type_support_c.cpp.o[0m
[2.672s] [ 65%] [32m[1mLinking CXX shared library liblidar_cpp__rosidl_typesupport_fastrtps_c.so[0m
[2.775s] [ 68%] Built target lidar_cpp__rosidl_typesupport_fastrtps_c
[2.797s] [ 68%] Built target lidar_cpp
[2.822s] [ 71%] Built target lidar_cpp__py
[2.837s] [35m[1mScanning dependencies of target lidar_cpp__python[0m
[2.852s] [ 74%] [32mBuilding C object CMakeFiles/lidar_cpp__python.dir/rosidl_generator_py/lidar_cpp/srv/_lidar_service_s.c.o[0m
[2.942s] [ 77%] [32m[1mLinking C shared library rosidl_generator_py/lidar_cpp/liblidar_cpp__python.so[0m
[2.987s] [ 77%] Built target lidar_cpp__python
[2.999s] [35m[1mScanning dependencies of target lidar_cpp__rosidl_typesupport_c__pyext[0m
[2.999s] [35m[1mScanning dependencies of target lidar_cpp__rosidl_typesupport_fastrtps_c__pyext[0m
[2.999s] [35m[1mScanning dependencies of target lidar_cpp__rosidl_typesupport_introspection_c__pyext[0m
[3.014s] [ 82%] [32mBuilding C object CMakeFiles/lidar_cpp__rosidl_typesupport_fastrtps_c__pyext.dir/rosidl_generator_py/lidar_cpp/_lidar_cpp_s.ep.rosidl_typesupport_fastrtps_c.c.o[0m
[3.014s] [ 82%] [32mBuilding C object CMakeFiles/lidar_cpp__rosidl_typesupport_introspection_c__pyext.dir/rosidl_generator_py/lidar_cpp/_lidar_cpp_s.ep.rosidl_typesupport_introspection_c.c.o[0m
[3.016s] [ 85%] [32mBuilding C object CMakeFiles/lidar_cpp__rosidl_typesupport_c__pyext.dir/rosidl_generator_py/lidar_cpp/_lidar_cpp_s.ep.rosidl_typesupport_c.c.o[0m
[3.110s] [ 88%] [32m[1mLinking CXX shared library rosidl_generator_py/lidar_cpp/lidar_cpp_s__rosidl_typesupport_fastrtps_c.cpython-38-x86_64-linux-gnu.so[0m
[3.149s] [ 91%] [32m[1mLinking C shared library rosidl_generator_py/lidar_cpp/lidar_cpp_s__rosidl_typesupport_c.cpython-38-x86_64-linux-gnu.so[0m
[3.150s] [ 94%] [32m[1mLinking C shared library rosidl_generator_py/lidar_cpp/lidar_cpp_s__rosidl_typesupport_introspection_c.cpython-38-x86_64-linux-gnu.so[0m
[3.183s] [ 94%] Built target lidar_cpp__rosidl_typesupport_fastrtps_c__pyext
[3.184s] [ 94%] Built target lidar_cpp__rosidl_typesupport_c__pyext
[3.185s] [ 94%] Built target lidar_cpp__rosidl_typesupport_introspection_c__pyext
[3.603s] [01m[K/home/student/lidar-ws/src/lidar_cpp/src/lidar_server.cpp:12:10:[m[K [01;31m[Kfatal error: [m[Klidar_cpp/srv/lidar_service.hpp: No such file or directory
[3.603s]    12 | #include [01;31m[K"lidar_cpp/srv/lidar_service.hpp"[m[K
[3.603s]       |          [01;31m[K^~~~~~~~~~~~~~~~~~~~~~~~~~~~~~~~~[m[K
[3.603s] compilation terminated.
[3.617s] make[2]: *** [CMakeFiles/lidar_server.dir/build.make:63: CMakeFiles/lidar_server.dir/src/lidar_server.cpp.o] Error 1
[3.617s] make[1]: *** [CMakeFiles/Makefile2:125: CMakeFiles/lidar_server.dir/all] Error 2
[3.617s] make[1]: *** Waiting for unfinished jobs....
[10.666s] [ 97%] [32m[1mLinking CXX executable lidar[0m
[11.491s] [ 97%] Built target lidar
[11.492s] make: *** [Makefile:141: all] Error 2
[11.494s] Invoked command in '/home/student/lidar-ws/build/lidar_cpp' returned '2': CMAKE_PREFIX_PATH=${CMAKE_PREFIX_PATH}:/home/student/ws/install/py_ctrl:/home/student/ws/install/case_scenes:/home/student/ia_ws/install/viz_static:/home/student/ia_ws/install/viz_interactive:/home/student/ia_ws/install/ur_setup:/home/student/ia_ws/install/tf_lookup:/home/student/ia_ws/install/tf_broadcast:/home/student/ia_ws/install/tf_scene:/home/student/ia_ws/install/gui_tools:/home/student/ia_ws/install/aruco_handler:/opt/ros/galactic /usr/bin/cmake --build /home/student/lidar-ws/build/lidar_cpp -- -j8 -l8
