[0.019s] Invoking command in '/home/student/lidar-ws/build/lidar_cpp': CMAKE_PREFIX_PATH=${CMAKE_PREFIX_PATH}:/home/student/ws/install/py_ctrl:/home/student/ws/install/case_scenes:/home/student/ia_ws/install/viz_static:/home/student/ia_ws/install/viz_interactive:/home/student/ia_ws/install/ur_setup:/home/student/ia_ws/install/tf_lookup:/home/student/ia_ws/install/tf_broadcast:/home/student/ia_ws/install/tf_scene:/home/student/ia_ws/install/gui_tools:/home/student/ia_ws/install/aruco_handler:/opt/ros/galactic /usr/bin/cmake --build /home/student/lidar-ws/build/lidar_cpp -- -j8 -l8
[0.053s] -- Found ament_cmake: 1.1.4 (/opt/ros/galactic/share/ament_cmake/cmake)
[0.078s] -- Found PythonInterp: /usr/bin/python3 (found suitable version "3.8.10", minimum required is "3") 
[0.078s] -- Using PYTHON_EXECUTABLE: /usr/bin/python3
[0.148s] -- Found rclcpp: 9.2.0 (/opt/ros/galactic/share/rclcpp/cmake)
[0.183s] -- Using all available rosidl_typesupport_c: rosidl_typesupport_fastrtps_c;rosidl_typesupport_introspection_c
[0.186s] -- Found rosidl_adapter: 2.2.1 (/opt/ros/galactic/share/rosidl_adapter/cmake)
[0.312s] -- Using all available rosidl_typesupport_cpp: rosidl_typesupport_fastrtps_cpp;rosidl_typesupport_introspection_cpp
[0.362s] -- Found rmw_implementation_cmake: 3.3.1 (/opt/ros/galactic/share/rmw_implementation_cmake/cmake)
[0.365s] -- Found rmw_cyclonedds_cpp: 0.22.3 (/opt/ros/galactic/share/rmw_cyclonedds_cpp/cmake)
[0.383s] -- Using RMW implementation 'rmw_cyclonedds_cpp' as default
[0.517s] -- Found sensor_msgs: 2.2.3 (/opt/ros/galactic/share/sensor_msgs/cmake)
[0.640s] -- Eigen found (include: /usr/include/eigen3, version: 3.3.7)
[0.733s] -- The imported target "vtkParseOGLExt" references the file
[0.733s]    "/usr/bin/vtkParseOGLExt-7.1"
[0.733s] but this file does not exist.  Possible reasons include:
[0.733s] * The file was deleted, renamed, or moved to another location.
[0.733s] * An install or uninstall procedure did not complete successfully.
[0.733s] * The installation package was faulty and contained
[0.733s]    "/usr/lib/cmake/vtk-7.1/VTKTargets.cmake"
[0.733s] but not all the files it references.
[0.733s] 
[0.734s] -- The imported target "vtkRenderingPythonTkWidgets" references the file
[0.734s]    "/usr/lib/x86_64-linux-gnu/libvtkRenderingPythonTkWidgets.so"
[0.734s] but this file does not exist.  Possible reasons include:
[0.735s] * The file was deleted, renamed, or moved to another location.
[0.735s] * An install or uninstall procedure did not complete successfully.
[0.735s] * The installation package was faulty and contained
[0.735s]    "/usr/lib/cmake/vtk-7.1/VTKTargets.cmake"
[0.735s] but not all the files it references.
[0.735s] 
[0.735s] -- The imported target "vtk" references the file
[0.736s]    "/usr/bin/vtk"
[0.736s] but this file does not exist.  Possible reasons include:
[0.736s] * The file was deleted, renamed, or moved to another location.
[0.736s] * An install or uninstall procedure did not complete successfully.
[0.736s] * The installation package was faulty and contained
[0.736s]    "/usr/lib/cmake/vtk-7.1/VTKTargets.cmake"
[0.736s] but not all the files it references.
[0.736s] 
[0.736s] -- The imported target "pvtk" references the file
[0.737s]    "/usr/bin/pvtk"
[0.737s] but this file does not exist.  Possible reasons include:
[0.737s] * The file was deleted, renamed, or moved to another location.
[0.737s] * An install or uninstall procedure did not complete successfully.
[0.737s] * The installation package was faulty and contained
[0.737s]    "/usr/lib/cmake/vtk-7.1/VTKTargets.cmake"
[0.737s] but not all the files it references.
[0.737s] 
[0.757s] -- Checking for module 'libusb-1.0'
[0.761s] --   No package 'libusb-1.0' found
[0.766s] -- Could NOT find USB_10 (missing: USB_10_LIBRARY USB_10_INCLUDE_DIR) 
[0.766s] -- OpenNI disabled because libusb-1.0 not found.
[0.767s] ** WARNING ** io features related to openni will be disabled
[0.772s] -- Checking for module 'libusb-1.0'
[0.776s] --   No package 'libusb-1.0' found
[0.781s] -- Could NOT find USB_10 (missing: USB_10_LIBRARY USB_10_INCLUDE_DIR) 
[0.781s] -- OpenNI 2 disabled because libusb-1.0 not found.
[0.781s] ** WARNING ** io features related to openni2 will be disabled
[0.781s] ** WARNING ** io features related to pcap will be disabled
[0.781s] ** WARNING ** io features related to png will be disabled
[0.797s] -- LIBUSB_1_LIBRARY (missing: LIBUSB_1_INCLUDE_DIR) 
[0.797s] ** WARNING ** io features related to libusb-1.0 will be disabled
[0.802s] -- Checking for module 'libusb-1.0'
[0.807s] --   No package 'libusb-1.0' found
[0.811s] -- Could NOT find USB_10 (missing: USB_10_LIBRARY USB_10_INCLUDE_DIR) 
[0.812s] -- OpenNI disabled because libusb-1.0 not found.
[0.812s] ** WARNING ** visualization features related to openni will be disabled
[0.817s] -- Checking for module 'libusb-1.0'
[0.823s] --   No package 'libusb-1.0' found
[0.828s] -- Could NOT find USB_10 (missing: USB_10_LIBRARY USB_10_INCLUDE_DIR) 
[0.829s] -- OpenNI 2 disabled because libusb-1.0 not found.
[0.829s] ** WARNING ** visualization features related to openni2 will be disabled
[0.842s] -- QHULL found (include: /usr/include, lib: optimized;/usr/lib/x86_64-linux-gnu/libqhull.so;debug;/usr/lib/x86_64-linux-gnu/libqhull.so)
[0.847s] -- Checking for module 'libusb-1.0'
[0.851s] --   No package 'libusb-1.0' found
[0.855s] -- Could NOT find USB_10 (missing: USB_10_LIBRARY USB_10_INCLUDE_DIR) 
[0.855s] -- OpenNI disabled because libusb-1.0 not found.
[0.855s] ** WARNING ** apps features related to openni will be disabled
[0.868s] -- looking for PCL_COMMON
[0.869s] -- looking for PCL_KDTREE
[0.869s] -- looking for PCL_OCTREE
[0.870s] -- looking for PCL_SEARCH
[0.871s] -- looking for PCL_SAMPLE_CONSENSUS
[0.871s] -- looking for PCL_FILTERS
[0.872s] -- looking for PCL_2D
[0.872s] -- looking for PCL_GEOMETRY
[0.873s] -- looking for PCL_IO
[0.873s] -- looking for PCL_FEATURES
[0.874s] -- looking for PCL_ML
[0.874s] -- looking for PCL_SEGMENTATION
[0.875s] -- looking for PCL_VISUALIZATION
[0.876s] -- looking for PCL_SURFACE
[0.876s] -- looking for PCL_REGISTRATION
[0.877s] -- looking for PCL_KEYPOINTS
[0.878s] -- looking for PCL_TRACKING
[0.878s] -- looking for PCL_RECOGNITION
[0.879s] -- looking for PCL_STEREO
[0.879s] -- looking for PCL_APPS
[0.881s] -- looking for PCL_IN_HAND_SCANNER
[0.881s] -- looking for PCL_POINT_CLOUD_EDITOR
[0.881s] -- looking for PCL_OUTOFCORE
[0.882s] -- looking for PCL_PEOPLE
[0.884s] -- Found rosidl_default_generators: 1.1.1 (/opt/ros/galactic/share/rosidl_default_generators/cmake)
[0.923s] -- Found PythonInterp: /usr/bin/python3 (found version "3.8.10") 
[1.054s] -- Found ament_cmake_ros: 0.9.2 (/opt/ros/galactic/share/ament_cmake_ros/cmake)
[1.157s] -- Using all available rosidl_typesupport_c: rosidl_typesupport_fastrtps_c;rosidl_typesupport_introspection_c
[1.166s] -- Using all available rosidl_typesupport_cpp: rosidl_typesupport_fastrtps_cpp;rosidl_typesupport_introspection_cpp
[1.193s] -- Found PythonInterp: /usr/bin/python3 (found suitable version "3.8.10", minimum required is "3.5") 
[1.194s] -- Found python_cmake_module: 0.8.1 (/opt/ros/galactic/share/python_cmake_module/cmake)
[1.226s] -- Using PYTHON_EXECUTABLE: /usr/bin/python3
[1.226s] -- Using PYTHON_INCLUDE_DIRS: /usr/include/python3.8
[1.226s] -- Using PYTHON_LIBRARIES: /usr/lib/x86_64-linux-gnu/libpython3.8.so
[1.267s] -- Found ament_lint_auto: 0.10.6 (/opt/ros/galactic/share/ament_lint_auto/cmake)
[1.277s] -- Added test 'copyright' to check source files copyright and LICENSE
[1.278s] -- Added test 'cppcheck' to perform static code analysis on C / C++ code
[1.279s] -- Configured cppcheck include dirs: 
[1.279s] -- Configured cppcheck exclude dirs and/or files: 
[1.280s] -- Added test 'cpplint' to check C / C++ code against the Google style
[1.280s] -- Configured cpplint exclude dirs and/or files: 
[1.281s] -- Added test 'lint_cmake' to check CMake code style
[1.281s] -- Added test 'uncrustify' to check C / C++ code style
[1.281s] -- Configured uncrustify additional arguments: 
[1.282s] -- Added test 'xmllint' to check XML markup files
[1.286s] -- Configuring done
[1.372s] -- Generating done
[1.470s] -- Build files have been written to: /home/student/lidar-ws/build/lidar_cpp
[1.502s] [35m[1mScanning dependencies of target lidar_server[0m
[1.513s] [  8%] Built target lidar_cpp__rosidl_generator_c
[1.514s] [ 11%] Built target lidar_cpp__cpp
[1.538s] [ 17%] Built target lidar
[1.543s] [ 34%] Built target lidar_cpp__rosidl_typesupport_c
[1.544s] [ 34%] Built target lidar_cpp__rosidl_typesupport_introspection_c
[1.544s] [ 42%] Built target lidar_cpp__rosidl_typesupport_cpp
[1.547s] [ 51%] Built target lidar_cpp__rosidl_typesupport_introspection_cpp
[1.549s] [ 60%] Built target lidar_cpp__rosidl_typesupport_fastrtps_cpp
[1.575s] [ 68%] [32mBuilding CXX object CMakeFiles/lidar_server.dir/src/lidar_server.cpp.o[0m
[1.575s] [ 71%] Built target lidar_cpp__rosidl_typesupport_fastrtps_c
[1.595s] [ 71%] Built target lidar_cpp
[1.618s] [ 74%] Built target lidar_cpp__py
[1.644s] [ 80%] Built target lidar_cpp__python
[1.670s] [ 97%] Built target lidar_cpp__rosidl_typesupport_c__pyext
[1.670s] [ 97%] Built target lidar_cpp__rosidl_typesupport_introspection_c__pyext
[1.670s] [ 97%] Built target lidar_cpp__rosidl_typesupport_fastrtps_c__pyext
[6.928s] [01m[K/home/student/lidar-ws/src/lidar_cpp/src/lidar_server.cpp:[m[K In function â€˜[01m[Kvoid take_picture(std::shared_ptr<lidar_cpp::srv::LidarService_Request_<std::allocator<void> > >, std::shared_ptr<lidar_cpp::srv::LidarService_Response_<std::allocator<void> > >)[m[Kâ€™:
[6.929s] [01m[K/home/student/lidar-ws/src/lidar_cpp/src/lidar_server.cpp:37:80:[m[K [01;35m[Kwarning: [m[Kunused parameter â€˜[01m[Krequest[m[Kâ€™ [[01;35m[K-Wunused-parameter[m[K]
[6.929s]    37 | void take_picture([01;35m[Kconst std::shared_ptr<lidar_cpp::srv::LidarService::Request> request[m[K, const std::shared_ptr<lidar_cpp::srv::LidarService::Response> response)
[6.929s]       |                   [01;35m[K~~~~~~~~~~~~~~~~~~~~~~~~~~~~~~~~~~~~~~~~~~~~~~~~~~~~~~~~~~~~~^~~~~~~[m[K
[9.164s] [100%] [32m[1mLinking CXX executable lidar_server[0m
[9.897s] /usr/bin/ld: CMakeFiles/lidar_server.dir/src/lidar_server.cpp.o: in function `rclcpp::Service<lidar_cpp::srv::LidarService>::Service(std::shared_ptr<rcl_node_t>, std::__cxx11::basic_string<char, std::char_traits<char>, std::allocator<char> > const&, rclcpp::AnyServiceCallback<lidar_cpp::srv::LidarService>, rcl_service_options_t&)':
[9.897s] lidar_server.cpp:(.text._ZN6rclcpp7ServiceIN9lidar_cpp3srv12LidarServiceEEC2ESt10shared_ptrI10rcl_node_tERKNSt7__cxx1112basic_stringIcSt11char_traitsIcESaIcEEENS_18AnyServiceCallbackIS3_EER21rcl_service_options_t[_ZN6rclcpp7ServiceIN9lidar_cpp3srv12LidarServiceEEC5ESt10shared_ptrI10rcl_node_tERKNSt7__cxx1112basic_stringIcSt11char_traitsIcESaIcEEENS_18AnyServiceCallbackIS3_EER21rcl_service_options_t]+0xb4): undefined reference to `rosidl_service_type_support_t const* rosidl_typesupport_cpp::get_service_type_support_handle<lidar_cpp::srv::LidarService>()'
[9.897s] collect2: error: ld returned 1 exit status
[9.898s] make[2]: *** [CMakeFiles/lidar_server.dir/build.make:231: lidar_server] Error 1
[9.899s] make[1]: *** [CMakeFiles/Makefile2:125: CMakeFiles/lidar_server.dir/all] Error 2
[9.899s] make: *** [Makefile:141: all] Error 2
[9.901s] Invoked command in '/home/student/lidar-ws/build/lidar_cpp' returned '2': CMAKE_PREFIX_PATH=${CMAKE_PREFIX_PATH}:/home/student/ws/install/py_ctrl:/home/student/ws/install/case_scenes:/home/student/ia_ws/install/viz_static:/home/student/ia_ws/install/viz_interactive:/home/student/ia_ws/install/ur_setup:/home/student/ia_ws/install/tf_lookup:/home/student/ia_ws/install/tf_broadcast:/home/student/ia_ws/install/tf_scene:/home/student/ia_ws/install/gui_tools:/home/student/ia_ws/install/aruco_handler:/opt/ros/galactic /usr/bin/cmake --build /home/student/lidar-ws/build/lidar_cpp -- -j8 -l8
