[0.021s] Invoking command in '/home/student/lidar-ws/build/lidar_cpp': CMAKE_PREFIX_PATH=${CMAKE_PREFIX_PATH}:/home/student/ws/install/py_ctrl:/home/student/ws/install/case_scenes:/home/student/ia_ws/install/viz_static:/home/student/ia_ws/install/viz_interactive:/home/student/ia_ws/install/ur_setup:/home/student/ia_ws/install/tf_lookup:/home/student/ia_ws/install/tf_broadcast:/home/student/ia_ws/install/tf_scene:/home/student/ia_ws/install/gui_tools:/home/student/ia_ws/install/aruco_handler:/opt/ros/galactic /usr/bin/cmake --build /home/student/lidar-ws/build/lidar_cpp -- -j8 -l8
[0.062s] -- Found ament_cmake: 1.1.4 (/opt/ros/galactic/share/ament_cmake/cmake)
[0.093s] -- Found PythonInterp: /usr/bin/python3 (found suitable version "3.8.10", minimum required is "3") 
[0.093s] -- Using PYTHON_EXECUTABLE: /usr/bin/python3
[0.180s] -- Found rclcpp: 9.2.0 (/opt/ros/galactic/share/rclcpp/cmake)
[0.222s] -- Using all available rosidl_typesupport_c: rosidl_typesupport_fastrtps_c;rosidl_typesupport_introspection_c
[0.226s] -- Found rosidl_adapter: 2.2.1 (/opt/ros/galactic/share/rosidl_adapter/cmake)
[0.364s] -- Using all available rosidl_typesupport_cpp: rosidl_typesupport_fastrtps_cpp;rosidl_typesupport_introspection_cpp
[0.417s] -- Found rmw_implementation_cmake: 3.3.1 (/opt/ros/galactic/share/rmw_implementation_cmake/cmake)
[0.420s] -- Found rmw_cyclonedds_cpp: 0.22.3 (/opt/ros/galactic/share/rmw_cyclonedds_cpp/cmake)
[0.447s] -- Using RMW implementation 'rmw_cyclonedds_cpp' as default
[0.584s] -- Found sensor_msgs: 2.2.3 (/opt/ros/galactic/share/sensor_msgs/cmake)
[0.712s] -- Eigen found (include: /usr/include/eigen3, version: 3.3.7)
[0.805s] -- The imported target "vtkParseOGLExt" references the file
[0.805s]    "/usr/bin/vtkParseOGLExt-7.1"
[0.806s] but this file does not exist.  Possible reasons include:
[0.806s] * The file was deleted, renamed, or moved to another location.
[0.806s] * An install or uninstall procedure did not complete successfully.
[0.806s] * The installation package was faulty and contained
[0.806s]    "/usr/lib/cmake/vtk-7.1/VTKTargets.cmake"
[0.806s] but not all the files it references.
[0.806s] 
[0.806s] -- The imported target "vtkRenderingPythonTkWidgets" references the file
[0.806s]    "/usr/lib/x86_64-linux-gnu/libvtkRenderingPythonTkWidgets.so"
[0.806s] but this file does not exist.  Possible reasons include:
[0.806s] * The file was deleted, renamed, or moved to another location.
[0.807s] * An install or uninstall procedure did not complete successfully.
[0.807s] * The installation package was faulty and contained
[0.807s]    "/usr/lib/cmake/vtk-7.1/VTKTargets.cmake"
[0.807s] but not all the files it references.
[0.807s] 
[0.807s] -- The imported target "vtk" references the file
[0.807s]    "/usr/bin/vtk"
[0.807s] but this file does not exist.  Possible reasons include:
[0.807s] * The file was deleted, renamed, or moved to another location.
[0.807s] * An install or uninstall procedure did not complete successfully.
[0.807s] * The installation package was faulty and contained
[0.807s]    "/usr/lib/cmake/vtk-7.1/VTKTargets.cmake"
[0.808s] but not all the files it references.
[0.808s] 
[0.808s] -- The imported target "pvtk" references the file
[0.808s]    "/usr/bin/pvtk"
[0.808s] but this file does not exist.  Possible reasons include:
[0.808s] * The file was deleted, renamed, or moved to another location.
[0.808s] * An install or uninstall procedure did not complete successfully.
[0.808s] * The installation package was faulty and contained
[0.808s]    "/usr/lib/cmake/vtk-7.1/VTKTargets.cmake"
[0.808s] but not all the files it references.
[0.808s] 
[0.831s] -- Checking for module 'libusb-1.0'
[0.835s] --   No package 'libusb-1.0' found
[0.841s] -- Could NOT find USB_10 (missing: USB_10_LIBRARY USB_10_INCLUDE_DIR) 
[0.841s] -- OpenNI disabled because libusb-1.0 not found.
[0.841s] ** WARNING ** io features related to openni will be disabled
[0.847s] -- Checking for module 'libusb-1.0'
[0.851s] --   No package 'libusb-1.0' found
[0.855s] -- Could NOT find USB_10 (missing: USB_10_LIBRARY USB_10_INCLUDE_DIR) 
[0.855s] -- OpenNI 2 disabled because libusb-1.0 not found.
[0.856s] ** WARNING ** io features related to openni2 will be disabled
[0.856s] ** WARNING ** io features related to pcap will be disabled
[0.856s] ** WARNING ** io features related to png will be disabled
[0.871s] -- LIBUSB_1_LIBRARY (missing: LIBUSB_1_INCLUDE_DIR) 
[0.871s] ** WARNING ** io features related to libusb-1.0 will be disabled
[0.876s] -- Checking for module 'libusb-1.0'
[0.880s] --   No package 'libusb-1.0' found
[0.885s] -- Could NOT find USB_10 (missing: USB_10_LIBRARY USB_10_INCLUDE_DIR) 
[0.885s] -- OpenNI disabled because libusb-1.0 not found.
[0.885s] ** WARNING ** visualization features related to openni will be disabled
[0.890s] -- Checking for module 'libusb-1.0'
[0.894s] --   No package 'libusb-1.0' found
[0.899s] -- Could NOT find USB_10 (missing: USB_10_LIBRARY USB_10_INCLUDE_DIR) 
[0.899s] -- OpenNI 2 disabled because libusb-1.0 not found.
[0.899s] ** WARNING ** visualization features related to openni2 will be disabled
[0.915s] -- QHULL found (include: /usr/include, lib: optimized;/usr/lib/x86_64-linux-gnu/libqhull.so;debug;/usr/lib/x86_64-linux-gnu/libqhull.so)
[0.920s] -- Checking for module 'libusb-1.0'
[0.925s] --   No package 'libusb-1.0' found
[0.931s] -- Could NOT find USB_10 (missing: USB_10_LIBRARY USB_10_INCLUDE_DIR) 
[0.931s] -- OpenNI disabled because libusb-1.0 not found.
[0.932s] ** WARNING ** apps features related to openni will be disabled
[0.949s] -- looking for PCL_COMMON
[0.949s] -- looking for PCL_KDTREE
[0.950s] -- looking for PCL_OCTREE
[0.950s] -- looking for PCL_SEARCH
[0.951s] -- looking for PCL_SAMPLE_CONSENSUS
[0.951s] -- looking for PCL_FILTERS
[0.952s] -- looking for PCL_2D
[0.952s] -- looking for PCL_GEOMETRY
[0.953s] -- looking for PCL_IO
[0.953s] -- looking for PCL_FEATURES
[0.954s] -- looking for PCL_ML
[0.954s] -- looking for PCL_SEGMENTATION
[0.955s] -- looking for PCL_VISUALIZATION
[0.956s] -- looking for PCL_SURFACE
[0.956s] -- looking for PCL_REGISTRATION
[0.957s] -- looking for PCL_KEYPOINTS
[0.958s] -- looking for PCL_TRACKING
[0.958s] -- looking for PCL_RECOGNITION
[0.959s] -- looking for PCL_STEREO
[0.960s] -- looking for PCL_APPS
[0.961s] -- looking for PCL_IN_HAND_SCANNER
[0.961s] -- looking for PCL_POINT_CLOUD_EDITOR
[0.962s] -- looking for PCL_OUTOFCORE
[0.963s] -- looking for PCL_PEOPLE
[0.965s] -- Found rosidl_default_generators: 1.1.1 (/opt/ros/galactic/share/rosidl_default_generators/cmake)
[1.004s] -- Found PythonInterp: /usr/bin/python3 (found version "3.8.10") 
[1.226s] -- Found ament_cmake_ros: 0.9.2 (/opt/ros/galactic/share/ament_cmake_ros/cmake)
[1.572s] -- Using all available rosidl_typesupport_c: rosidl_typesupport_fastrtps_c;rosidl_typesupport_introspection_c
[1.757s] -- Using all available rosidl_typesupport_cpp: rosidl_typesupport_fastrtps_cpp;rosidl_typesupport_introspection_cpp
[1.792s] -- Found PythonInterp: /usr/bin/python3 (found suitable version "3.8.10", minimum required is "3.5") 
[1.792s] -- Found python_cmake_module: 0.8.1 (/opt/ros/galactic/share/python_cmake_module/cmake)
[1.825s] -- Using PYTHON_EXECUTABLE: /usr/bin/python3
[1.825s] -- Using PYTHON_INCLUDE_DIRS: /usr/include/python3.8
[1.825s] -- Using PYTHON_LIBRARIES: /usr/lib/x86_64-linux-gnu/libpython3.8.so
[1.943s] -- Found ament_lint_auto: 0.10.6 (/opt/ros/galactic/share/ament_lint_auto/cmake)
[1.956s] -- Added test 'copyright' to check source files copyright and LICENSE
[1.957s] -- Added test 'cppcheck' to perform static code analysis on C / C++ code
[1.959s] -- Configured cppcheck include dirs: 
[1.959s] -- Configured cppcheck exclude dirs and/or files: 
[1.960s] -- Added test 'cpplint' to check C / C++ code against the Google style
[1.960s] -- Configured cpplint exclude dirs and/or files: 
[1.961s] -- Added test 'lint_cmake' to check CMake code style
[1.961s] -- Added test 'uncrustify' to check C / C++ code style
[1.961s] -- Configured uncrustify additional arguments: 
[1.962s] -- Added test 'xmllint' to check XML markup files
[1.966s] -- Configuring done
[2.096s] -- Generating done
[2.101s] -- Build files have been written to: /home/student/lidar-ws/build/lidar_cpp
[2.160s] [  2%] Built target lidar_cpp__cpp
[2.160s] [ 11%] Built target lidar_cpp__rosidl_generator_c
[2.177s] [ 14%] [32m[1mLinking CXX executable lidar_server[0m
[2.179s] [ 20%] Built target lidar
[2.194s] [ 45%] Built target lidar_cpp__rosidl_typesupport_introspection_cpp
[2.194s] [ 45%] Built target lidar_cpp__rosidl_typesupport_cpp
[2.194s] [ 45%] Built target lidar_cpp__rosidl_typesupport_introspection_c
[2.195s] [ 54%] Built target lidar_cpp__rosidl_typesupport_fastrtps_cpp
[2.196s] [ 62%] Built target lidar_cpp__rosidl_typesupport_c
[2.230s] [ 71%] Built target lidar_cpp__rosidl_typesupport_fastrtps_c
[2.258s] [ 71%] Built target lidar_cpp
[2.285s] [ 74%] [34m[1mGenerating Python code for ROS interfaces[0m
[2.840s] [ 74%] Built target lidar_cpp__py
[2.854s] [35m[1mScanning dependencies of target lidar_cpp__python[0m
[2.871s] [ 77%] [32mBuilding C object CMakeFiles/lidar_cpp__python.dir/rosidl_generator_py/lidar_cpp/srv/_lidar_service_s.c.o[0m
[2.952s] /usr/bin/ld: CMakeFiles/lidar_server.dir/src/lidar_server.cpp.o: in function `rclcpp::Service<lidar_cpp::srv::LidarService>::Service(std::shared_ptr<rcl_node_t>, std::__cxx11::basic_string<char, std::char_traits<char>, std::allocator<char> > const&, rclcpp::AnyServiceCallback<lidar_cpp::srv::LidarService>, rcl_service_options_t&)':
[2.952s] lidar_server.cpp:(.text._ZN6rclcpp7ServiceIN9lidar_cpp3srv12LidarServiceEEC2ESt10shared_ptrI10rcl_node_tERKNSt7__cxx1112basic_stringIcSt11char_traitsIcESaIcEEENS_18AnyServiceCallbackIS3_EER21rcl_service_options_t[_ZN6rclcpp7ServiceIN9lidar_cpp3srv12LidarServiceEEC5ESt10shared_ptrI10rcl_node_tERKNSt7__cxx1112basic_stringIcSt11char_traitsIcESaIcEEENS_18AnyServiceCallbackIS3_EER21rcl_service_options_t]+0xb4): undefined reference to `rosidl_service_type_support_t const* rosidl_typesupport_cpp::get_service_type_support_handle<lidar_cpp::srv::LidarService>()'
[2.953s] collect2: error: ld returned 1 exit status
[2.954s] make[2]: *** [CMakeFiles/lidar_server.dir/build.make:231: lidar_server] Error 1
[2.954s] make[1]: *** [CMakeFiles/Makefile2:125: CMakeFiles/lidar_server.dir/all] Error 2
[2.954s] make[1]: *** Waiting for unfinished jobs....
[3.059s] [ 80%] [32m[1mLinking C shared library rosidl_generator_py/lidar_cpp/liblidar_cpp__python.so[0m
[3.106s] [ 80%] Built target lidar_cpp__python
[3.108s] make: *** [Makefile:141: all] Error 2
[3.110s] Invoked command in '/home/student/lidar-ws/build/lidar_cpp' returned '2': CMAKE_PREFIX_PATH=${CMAKE_PREFIX_PATH}:/home/student/ws/install/py_ctrl:/home/student/ws/install/case_scenes:/home/student/ia_ws/install/viz_static:/home/student/ia_ws/install/viz_interactive:/home/student/ia_ws/install/ur_setup:/home/student/ia_ws/install/tf_lookup:/home/student/ia_ws/install/tf_broadcast:/home/student/ia_ws/install/tf_scene:/home/student/ia_ws/install/gui_tools:/home/student/ia_ws/install/aruco_handler:/opt/ros/galactic /usr/bin/cmake --build /home/student/lidar-ws/build/lidar_cpp -- -j8 -l8
